Using pre-set license
Built from '2022.3/staging' branch; Version is '2022.3.56f1 (dd0c98481d00) revision 14486680'; Using compiler version '192829333'; Build Type 'Release'
OS: 'Windows 10  (10.0.19045) 64bit Core' Language: 'ru' Physical Memory: 16085 MB
BatchMode: 1, IsHumanControllingUs: 0, StartBugReporterOnCrash: 0, Is64bit: 1, IsPro: 1

COMMAND LINE ARGUMENTS:
C:\Program Files\Unity\Hub\Editor\2022.3.56f1\Editor\Unity.exe
-adb2
-batchMode
-noUpm
-name
AssetImportWorker5
-projectPath
C:/Users/MSI/Desktop/GD/I2GD/project
-logFile
Logs/AssetImportWorker5.log
-srvPort
50256
Successfully changed project path to: C:/Users/MSI/Desktop/GD/I2GD/project
C:/Users/MSI/Desktop/GD/I2GD/project
[UnityMemory] Configuration Parameters - Can be set up in boot.config
    "memorysetup-bucket-allocator-granularity=16"
    "memorysetup-bucket-allocator-bucket-count=8"
    "memorysetup-bucket-allocator-block-size=33554432"
    "memorysetup-bucket-allocator-block-count=8"
    "memorysetup-main-allocator-block-size=16777216"
    "memorysetup-thread-allocator-block-size=16777216"
    "memorysetup-gfx-main-allocator-block-size=16777216"
    "memorysetup-gfx-thread-allocator-block-size=16777216"
    "memorysetup-cache-allocator-block-size=4194304"
    "memorysetup-typetree-allocator-block-size=2097152"
    "memorysetup-profiler-bucket-allocator-granularity=16"
    "memorysetup-profiler-bucket-allocator-bucket-count=8"
    "memorysetup-profiler-bucket-allocator-block-size=33554432"
    "memorysetup-profiler-bucket-allocator-block-count=8"
    "memorysetup-profiler-allocator-block-size=16777216"
    "memorysetup-profiler-editor-allocator-block-size=1048576"
    "memorysetup-temp-allocator-size-main=16777216"
    "memorysetup-job-temp-allocator-block-size=2097152"
    "memorysetup-job-temp-allocator-block-size-background=1048576"
    "memorysetup-job-temp-allocator-reduction-small-platforms=262144"
    "memorysetup-allocator-temp-initial-block-size-main=262144"
    "memorysetup-allocator-temp-initial-block-size-worker=262144"
    "memorysetup-temp-allocator-size-background-worker=32768"
    "memorysetup-temp-allocator-size-job-worker=262144"
    "memorysetup-temp-allocator-size-preload-manager=33554432"
    "memorysetup-temp-allocator-size-nav-mesh-worker=65536"
    "memorysetup-temp-allocator-size-audio-worker=65536"
    "memorysetup-temp-allocator-size-cloud-worker=32768"
    "memorysetup-temp-allocator-size-gi-baking-worker=262144"
    "memorysetup-temp-allocator-size-gfx=262144"
Player connection [13432]  Target information:

Player connection [13432]  * "[IP] 169.254.8.199 [Port] 0 [Flags] 2 [Guid] 2623015305 [EditorId] 2623015305 [Version] 1048832 [Id] WindowsEditor(7,DESKTOP-C3SGS2H) [Debug] 1 [PackageName] WindowsEditor [ProjectName] Editor" 

Player connection [13432]  * "[IP] 10.2.0.2 [Port] 0 [Flags] 2 [Guid] 2623015305 [EditorId] 2623015305 [Version] 1048832 [Id] WindowsEditor(7,DESKTOP-C3SGS2H) [Debug] 1 [PackageName] WindowsEditor [ProjectName] Editor" 

Player connection [13432]  * "[IP] 10.91.49.65 [Port] 0 [Flags] 2 [Guid] 2623015305 [EditorId] 2623015305 [Version] 1048832 [Id] WindowsEditor(7,DESKTOP-C3SGS2H) [Debug] 1 [PackageName] WindowsEditor [ProjectName] Editor" 

Player connection [13432] Host joined multi-casting on [225.0.0.222:54997]...
Player connection [13432] Host joined alternative multi-casting on [225.0.0.222:34997]...
Input System module state changed to: Initialized.
[PhysX] Initialized MultithreadedTaskDispatcher with 12 workers.
Refreshing native plugins compatible for Editor in 7.74 ms, found 3 plugins.
Preloading 0 native plugins for Editor in 0.00 ms.
Initialize engine version: 2022.3.56f1 (dd0c98481d00)
[Subsystems] Discovering subsystems at path C:/Program Files/Unity/Hub/Editor/2022.3.56f1/Editor/Data/Resources/UnitySubsystems
[Subsystems] Discovering subsystems at path C:/Users/MSI/Desktop/GD/I2GD/project/Assets
GfxDevice: creating device client; threaded=0; jobified=0
Direct3D:
    Version:  Direct3D 11.0 [level 11.1]
    Renderer: NVIDIA GeForce RTX 3050 Ti Laptop GPU (ID=0x25a0)
    Vendor:   NVIDIA
    VRAM:     3965 MB
    Driver:   32.0.15.7216
Initialize mono
Mono path[0] = 'C:/Program Files/Unity/Hub/Editor/2022.3.56f1/Editor/Data/Managed'
Mono path[1] = 'C:/Program Files/Unity/Hub/Editor/2022.3.56f1/Editor/Data/MonoBleedingEdge/lib/mono/unityjit-win32'
Mono config path = 'C:/Program Files/Unity/Hub/Editor/2022.3.56f1/Editor/Data/MonoBleedingEdge/etc'
Using monoOptions --debugger-agent=transport=dt_socket,embedding=1,server=y,suspend=n,address=127.0.0.1:56096
Begin MonoManager ReloadAssembly
Registering precompiled unity dll's ...
Register platform support module: C:/Program Files/Unity/Hub/Editor/2022.3.56f1/Editor/Data/PlaybackEngines/WebGLSupport/UnityEditor.WebGL.Extensions.dll
Register platform support module: C:/Program Files/Unity/Hub/Editor/2022.3.56f1/Editor/Data/PlaybackEngines/WindowsStandaloneSupport/UnityEditor.WindowsStandalone.Extensions.dll
Registered in 0.006945 seconds.
- Loaded All Assemblies, in  0.354 seconds
Native extension for WindowsStandalone target not found
Native extension for WebGL target not found
Mono: successfully reloaded assembly
- Finished resetting the current domain, in  0.300 seconds
Domain Reload Profiling: 653ms
	BeginReloadAssembly (104ms)
		ExecutionOrderSort (0ms)
		DisableScriptedObjects (0ms)
		BackupInstance (0ms)
		ReleaseScriptingObjects (0ms)
		CreateAndSetChildDomain (1ms)
	RebuildCommonClasses (29ms)
	RebuildNativeTypeToScriptingClass (9ms)
	initialDomainReloadingComplete (54ms)
	LoadAllAssembliesAndSetupDomain (157ms)
		LoadAssemblies (103ms)
		RebuildTransferFunctionScriptingTraits (0ms)
		AnalyzeDomain (155ms)
			TypeCache.Refresh (153ms)
				TypeCache.ScanAssembly (138ms)
			ScanForSourceGeneratedMonoScriptInfo (1ms)
			ResolveRequiredComponents (1ms)
	FinalizeReload (301ms)
		ReleaseScriptCaches (0ms)
		RebuildScriptCaches (0ms)
		SetupLoadedEditorAssemblies (244ms)
			LogAssemblyErrors (0ms)
			InitializePlatformSupportModulesInManaged (15ms)
			SetLoadedEditorAssemblies (7ms)
			RefreshPlugins (0ms)
			BeforeProcessingInitializeOnLoad (3ms)
			ProcessInitializeOnLoadAttributes (177ms)
			ProcessInitializeOnLoadMethodAttributes (42ms)
			AfterProcessingInitializeOnLoad (0ms)
			EditorAssembliesLoaded (0ms)
		ExecutionOrderSort2 (0ms)
		AwakeInstancesAfterBackupRestoration (0ms)
========================================================================
Worker process is ready to serve import requests
Caller must complete domain reload
Begin MonoManager ReloadAssembly
- Loaded All Assemblies, in  0.604 seconds
Native extension for WindowsStandalone target not found
Native extension for WebGL target not found
Mono: successfully reloaded assembly
- Finished resetting the current domain, in  0.586 seconds
Domain Reload Profiling: 1188ms
	BeginReloadAssembly (155ms)
		ExecutionOrderSort (0ms)
		DisableScriptedObjects (6ms)
		BackupInstance (0ms)
		ReleaseScriptingObjects (0ms)
		CreateAndSetChildDomain (30ms)
	RebuildCommonClasses (34ms)
	RebuildNativeTypeToScriptingClass (8ms)
	initialDomainReloadingComplete (57ms)
	LoadAllAssembliesAndSetupDomain (347ms)
		LoadAssemblies (248ms)
		RebuildTransferFunctionScriptingTraits (0ms)
		AnalyzeDomain (178ms)
			TypeCache.Refresh (159ms)
				TypeCache.ScanAssembly (142ms)
			ScanForSourceGeneratedMonoScriptInfo (13ms)
			ResolveRequiredComponents (4ms)
	FinalizeReload (586ms)
		ReleaseScriptCaches (0ms)
		RebuildScriptCaches (0ms)
		SetupLoadedEditorAssemblies (461ms)
			LogAssemblyErrors (0ms)
			InitializePlatformSupportModulesInManaged (11ms)
			SetLoadedEditorAssemblies (3ms)
			RefreshPlugins (0ms)
			BeforeProcessingInitializeOnLoad (67ms)
			ProcessInitializeOnLoadAttributes (347ms)
			ProcessInitializeOnLoadMethodAttributes (27ms)
			AfterProcessingInitializeOnLoad (7ms)
			EditorAssembliesLoaded (0ms)
		ExecutionOrderSort2 (0ms)
		AwakeInstancesAfterBackupRestoration (5ms)
Launched and connected shader compiler UnityShaderCompiler.exe after 0.04 seconds
Refreshing native plugins compatible for Editor in 2.59 ms, found 3 plugins.
Preloading 0 native plugins for Editor in 0.00 ms.
Unloading 3176 Unused Serialized files (Serialized files now loaded: 0)
Unloading 19 unused Assets / (54.9 KB). Loaded Objects now: 3651.
Memory consumption went from 124.9 MB to 124.8 MB.
Total: 3.223500 ms (FindLiveObjects: 0.236100 ms CreateObjectMapping: 0.085400 ms MarkObjects: 2.753300 ms  DeleteObjects: 0.147300 ms)

AssetImportParameters requested are different than current active one (requested -> active):
  custom:container-demuxer-ogg: 62fdf1f143b41e24485cea50d1cbac27 -> 
  custom:video-decoder-ogg-theora: a1e56fd34408186e4bbccfd4996cb3dc -> 
  custom:framework-win-MediaFoundation: 216162199b28c13a410421893ffa2e32 -> 
  custom:CustomObjectIndexerAttribute: 9a22284fe3817be447336de3de66b15e -> 
  custom:container-demuxer-webm: 4f35f7cbe854078d1ac9338744f61a02 -> 
  custom:container-muxer-webm: aa71ff27fc2769a1b78a27578f13a17b -> 
  custom:video-decoder-webm-vp8: 9c59270c3fd7afecdb556c50c9e8de78 -> 
  custom:SearchIndexIgnoredProperties: e643bd26f0fe6173181afceb89e7c659 -> 
  custom:AudioImporter_EditorPlatform: d09bf68614088b80899f8185d706f6e7 -> 
  custom:scripting/monoscript/fileName/HallucinationEffect.cs: 5572b54b2f8bdfc165721908a0f3059d -> 
  custom:video-encoder-webm-vp8: eb34c28f22e8b96e1ab97ce403110664 -> 
  custom:audio-decoder-ogg-vorbis: bf7c407c2cedff20999df2af8eb42d56 -> 
  custom:audio-encoder-webm-vorbis: bf7c407c2cedff20999df2af8eb42d56 -> 
========================================================================
Received Import Request.
  Time since last request: 327411.027834 seconds.
  path: Assets/PS1 Tutorial Foliage winter/tree.010.mat
  artifactKey: Guid(a9791c3f82eff7d48b2925620753411e) Importer(815301076,1909f56bfc062723c751e8b465ee728b)
Start importing Assets/PS1 Tutorial Foliage winter/tree.010.mat using Guid(a9791c3f82eff7d48b2925620753411e) Importer(815301076,1909f56bfc062723c751e8b465ee728b) [PhysX] Initialized MultithreadedTaskDispatcher with 12 workers.
[PhysX] Initialized MultithreadedTaskDispatcher with 12 workers.
 -> (artifact id: '68566151121c3c20c7968c986025deb9') in 0.102085 seconds
Number of updated asset objects reloaded before import = 0
Number of asset objects unloaded after import = 1
========================================================================
Received Prepare
Caller must complete domain reload
Begin MonoManager ReloadAssembly
- Loaded All Assemblies, in  0.489 seconds
Native extension for WindowsStandalone target not found
Native extension for WebGL target not found
Mono: successfully reloaded assembly
- Finished resetting the current domain, in  0.944 seconds
Domain Reload Profiling: 1430ms
	BeginReloadAssembly (181ms)
		ExecutionOrderSort (0ms)
		DisableScriptedObjects (5ms)
		BackupInstance (0ms)
		ReleaseScriptingObjects (0ms)
		CreateAndSetChildDomain (38ms)
	RebuildCommonClasses (42ms)
	RebuildNativeTypeToScriptingClass (14ms)
	initialDomainReloadingComplete (35ms)
	LoadAllAssembliesAndSetupDomain (215ms)
		LoadAssemblies (293ms)
		RebuildTransferFunctionScriptingTraits (0ms)
		AnalyzeDomain (16ms)
			TypeCache.Refresh (7ms)
				TypeCache.ScanAssembly (0ms)
			ScanForSourceGeneratedMonoScriptInfo (0ms)
			ResolveRequiredComponents (8ms)
	FinalizeReload (944ms)
		ReleaseScriptCaches (0ms)
		RebuildScriptCaches (0ms)
		SetupLoadedEditorAssemblies (466ms)
			LogAssemblyErrors (0ms)
			InitializePlatformSupportModulesInManaged (8ms)
			SetLoadedEditorAssemblies (3ms)
			RefreshPlugins (0ms)
			BeforeProcessingInitializeOnLoad (62ms)
			ProcessInitializeOnLoadAttributes (361ms)
			ProcessInitializeOnLoadMethodAttributes (25ms)
			AfterProcessingInitializeOnLoad (6ms)
			EditorAssembliesLoaded (0ms)
		ExecutionOrderSort2 (0ms)
		AwakeInstancesAfterBackupRestoration (8ms)
Refreshing native plugins compatible for Editor in 5.49 ms, found 3 plugins.
Preloading 0 native plugins for Editor in 0.00 ms.
Unloading 3155 Unused Serialized files (Serialized files now loaded: 0)
Unloading 14 unused Assets / (28.5 KB). Loaded Objects now: 3695.
Memory consumption went from 125.4 MB to 125.4 MB.
Total: 4.176700 ms (FindLiveObjects: 0.436400 ms CreateObjectMapping: 0.246400 ms MarkObjects: 3.429800 ms  DeleteObjects: 0.062200 ms)

Prepare: number of updated asset objects reloaded= 0
AssetImportParameters requested are different than current active one (requested -> active):
  custom:container-demuxer-ogg: 62fdf1f143b41e24485cea50d1cbac27 -> 
  custom:video-decoder-ogg-theora: a1e56fd34408186e4bbccfd4996cb3dc -> 
  custom:framework-win-MediaFoundation: 216162199b28c13a410421893ffa2e32 -> 
  custom:CustomObjectIndexerAttribute: 9a22284fe3817be447336de3de66b15e -> 
  custom:container-demuxer-webm: 4f35f7cbe854078d1ac9338744f61a02 -> 
  custom:container-muxer-webm: aa71ff27fc2769a1b78a27578f13a17b -> 
  custom:video-decoder-webm-vp8: 9c59270c3fd7afecdb556c50c9e8de78 -> 
  custom:SearchIndexIgnoredProperties: e643bd26f0fe6173181afceb89e7c659 -> 
  custom:AudioImporter_EditorPlatform: d09bf68614088b80899f8185d706f6e7 -> 
  custom:scripting/monoscript/fileName/HallucinationEffect.cs: 5572b54b2f8bdfc165721908a0f3059d -> 
  custom:video-encoder-webm-vp8: eb34c28f22e8b96e1ab97ce403110664 -> 
  custom:audio-decoder-ogg-vorbis: bf7c407c2cedff20999df2af8eb42d56 -> 
  custom:audio-encoder-webm-vorbis: bf7c407c2cedff20999df2af8eb42d56 -> 
========================================================================
Received Import Request.
  Time since last request: 8801.095823 seconds.
  path: Assets/PS1 Tutorial Foliage winter/assets.prefab
  artifactKey: Guid(b0fc8686ac17940468ab9731f712e663) Importer(815301076,1909f56bfc062723c751e8b465ee728b)
Start importing Assets/PS1 Tutorial Foliage winter/assets.prefab using Guid(b0fc8686ac17940468ab9731f712e663) Importer(815301076,1909f56bfc062723c751e8b465ee728b) [PhysX] Initialized MultithreadedTaskDispatcher with 12 workers.
[PhysX] Initialized MultithreadedTaskDispatcher with 12 workers.
 -> (artifact id: 'c6f7345b5d5188dbde9c69a07197f5f5') in 0.169848 seconds
Number of updated asset objects reloaded before import = 0
Number of asset objects unloaded after import = 362
========================================================================
Received Import Request.
  Time since last request: 0.000026 seconds.
  path: Assets/PS1 Tutorial Foliage winter/pile.mat
  artifactKey: Guid(0015b60b6ba880a498ecc65ef45d8dbb) Importer(815301076,1909f56bfc062723c751e8b465ee728b)
Start importing Assets/PS1 Tutorial Foliage winter/pile.mat using Guid(0015b60b6ba880a498ecc65ef45d8dbb) Importer(815301076,1909f56bfc062723c751e8b465ee728b) [PhysX] Initialized MultithreadedTaskDispatcher with 12 workers.
[PhysX] Initialized MultithreadedTaskDispatcher with 12 workers.
 -> (artifact id: 'c20d77ac9c220adff7ed47bd4db7b152') in 0.021544 seconds
Number of updated asset objects reloaded before import = 0
Number of asset objects unloaded after import = 2
========================================================================
Received Import Request.
  Time since last request: 0.000025 seconds.
  path: Assets/PS1 Tutorial Foliage winter/panorama.004.mat
  artifactKey: Guid(19e66020d6605cf459e0aff074c8986b) Importer(815301076,1909f56bfc062723c751e8b465ee728b)
Start importing Assets/PS1 Tutorial Foliage winter/panorama.004.mat using Guid(19e66020d6605cf459e0aff074c8986b) Importer(815301076,1909f56bfc062723c751e8b465ee728b) [PhysX] Initialized MultithreadedTaskDispatcher with 12 workers.
[PhysX] Initialized MultithreadedTaskDispatcher with 12 workers.
 -> (artifact id: '16b3953289442d83560b67b75a068795') in 0.008020 seconds
Number of updated asset objects reloaded before import = 0
Number of asset objects unloaded after import = 2
========================================================================
Received Import Request.
  Time since last request: 0.000030 seconds.
  path: Assets/PS1 Tutorial Foliage winter/bush.001.mat
  artifactKey: Guid(97a27a80387cf0948a4933a1f51d68b2) Importer(815301076,1909f56bfc062723c751e8b465ee728b)
Start importing Assets/PS1 Tutorial Foliage winter/bush.001.mat using Guid(97a27a80387cf0948a4933a1f51d68b2) Importer(815301076,1909f56bfc062723c751e8b465ee728b) [PhysX] Initialized MultithreadedTaskDispatcher with 12 workers.
[PhysX] Initialized MultithreadedTaskDispatcher with 12 workers.
 -> (artifact id: '393420fb9f329f0f3ff9fb8ae11431c0') in 0.008670 seconds
Number of updated asset objects reloaded before import = 0
Number of asset objects unloaded after import = 2
========================================================================
Received Import Request.
  Time since last request: 0.000018 seconds.
  path: Assets/PS1 Tutorial Foliage winter/skybox.001.mat
  artifactKey: Guid(3f3fcac89a40c6c4999f6980578978fc) Importer(815301076,1909f56bfc062723c751e8b465ee728b)
Start importing Assets/PS1 Tutorial Foliage winter/skybox.001.mat using Guid(3f3fcac89a40c6c4999f6980578978fc) Importer(815301076,1909f56bfc062723c751e8b465ee728b) [PhysX] Initialized MultithreadedTaskDispatcher with 12 workers.
[PhysX] Initialized MultithreadedTaskDispatcher with 12 workers.
 -> (artifact id: 'd1de389b7437e74190b6160e1f7f903a') in 0.007743 seconds
Number of updated asset objects reloaded before import = 0
Number of asset objects unloaded after import = 2
========================================================================
Received Import Request.
  Time since last request: 0.000028 seconds.
  path: Assets/PS1 Tutorial Foliage winter/plant2.002.mat
  artifactKey: Guid(e2bd0aa6d20ed1f47afc335b650332dd) Importer(815301076,1909f56bfc062723c751e8b465ee728b)
Start importing Assets/PS1 Tutorial Foliage winter/plant2.002.mat using Guid(e2bd0aa6d20ed1f47afc335b650332dd) Importer(815301076,1909f56bfc062723c751e8b465ee728b) [PhysX] Initialized MultithreadedTaskDispatcher with 12 workers.
[PhysX] Initialized MultithreadedTaskDispatcher with 12 workers.
 -> (artifact id: '6a3b468723e659ee5b90fa12d5b77256') in 0.007154 seconds
Number of updated asset objects reloaded before import = 0
Number of asset objects unloaded after import = 2
========================================================================
Received Import Request.
  Time since last request: 0.000020 seconds.
  path: Assets/PS1 Tutorial Foliage winter/plant2.004.mat
  artifactKey: Guid(5ce29131e1de2f847b257e6149e94454) Importer(815301076,1909f56bfc062723c751e8b465ee728b)
Start importing Assets/PS1 Tutorial Foliage winter/plant2.004.mat using Guid(5ce29131e1de2f847b257e6149e94454) Importer(815301076,1909f56bfc062723c751e8b465ee728b) [PhysX] Initialized MultithreadedTaskDispatcher with 12 workers.
[PhysX] Initialized MultithreadedTaskDispatcher with 12 workers.
 -> (artifact id: '6d6f43dd3d4ec1a149c6523d18be5045') in 0.006317 seconds
Number of updated asset objects reloaded before import = 0
Number of asset objects unloaded after import = 2
========================================================================
Received Import Request.
  Time since last request: 0.000022 seconds.
  path: Assets/PS1 Tutorial Foliage winter/plant2.003.mat
  artifactKey: Guid(b69bf732a753ce44e806e6e17af6c557) Importer(815301076,1909f56bfc062723c751e8b465ee728b)
Start importing Assets/PS1 Tutorial Foliage winter/plant2.003.mat using Guid(b69bf732a753ce44e806e6e17af6c557) Importer(815301076,1909f56bfc062723c751e8b465ee728b) [PhysX] Initialized MultithreadedTaskDispatcher with 12 workers.
[PhysX] Initialized MultithreadedTaskDispatcher with 12 workers.
 -> (artifact id: '6421a1274a016b63ba1591d43888ce48') in 0.006935 seconds
Number of updated asset objects reloaded before import = 0
Number of asset objects unloaded after import = 2
========================================================================
Received Import Request.
  Time since last request: 0.000021 seconds.
  path: Assets/PS1 Tutorial Foliage winter/plant2.006.mat
  artifactKey: Guid(fd19409d940e3e9448dacb7eae3c68ef) Importer(815301076,1909f56bfc062723c751e8b465ee728b)
Start importing Assets/PS1 Tutorial Foliage winter/plant2.006.mat using Guid(fd19409d940e3e9448dacb7eae3c68ef) Importer(815301076,1909f56bfc062723c751e8b465ee728b) [PhysX] Initialized MultithreadedTaskDispatcher with 12 workers.
[PhysX] Initialized MultithreadedTaskDispatcher with 12 workers.
 -> (artifact id: 'a45176f9f339992362bfdbea8c60fb40') in 0.007785 seconds
Number of updated asset objects reloaded before import = 0
Number of asset objects unloaded after import = 2
========================================================================
Received Import Request.
  Time since last request: 0.000020 seconds.
  path: Assets/PS1 Tutorial Foliage winter/panorama.005.mat
  artifactKey: Guid(d1af5b0f5fb1309429d8e28e1abf04e8) Importer(815301076,1909f56bfc062723c751e8b465ee728b)
Start importing Assets/PS1 Tutorial Foliage winter/panorama.005.mat using Guid(d1af5b0f5fb1309429d8e28e1abf04e8) Importer(815301076,1909f56bfc062723c751e8b465ee728b) [PhysX] Initialized MultithreadedTaskDispatcher with 12 workers.
[PhysX] Initialized MultithreadedTaskDispatcher with 12 workers.
 -> (artifact id: '2659a7b269dfc98d1240a3beac84805a') in 0.010502 seconds
Number of updated asset objects reloaded before import = 0
Number of asset objects unloaded after import = 2
========================================================================
Received Import Request.
  Time since last request: 0.000022 seconds.
  path: Assets/PS1 Tutorial Foliage winter/pile.001.mat
  artifactKey: Guid(5f4494ad28de52b49b260becce62a9f8) Importer(815301076,1909f56bfc062723c751e8b465ee728b)
Start importing Assets/PS1 Tutorial Foliage winter/pile.001.mat using Guid(5f4494ad28de52b49b260becce62a9f8) Importer(815301076,1909f56bfc062723c751e8b465ee728b) [PhysX] Initialized MultithreadedTaskDispatcher with 12 workers.
[PhysX] Initialized MultithreadedTaskDispatcher with 12 workers.
 -> (artifact id: '1e29e80a02c5baa25375700ce60810ea') in 0.008855 seconds
Number of updated asset objects reloaded before import = 0
Number of asset objects unloaded after import = 2
========================================================================
Received Import Request.
  Time since last request: 0.000023 seconds.
  path: Assets/PS1 Tutorial Foliage winter/panorama.003.mat
  artifactKey: Guid(2577b698959b0df42b3640efc6b29627) Importer(815301076,1909f56bfc062723c751e8b465ee728b)
Start importing Assets/PS1 Tutorial Foliage winter/panorama.003.mat using Guid(2577b698959b0df42b3640efc6b29627) Importer(815301076,1909f56bfc062723c751e8b465ee728b) [PhysX] Initialized MultithreadedTaskDispatcher with 12 workers.
[PhysX] Initialized MultithreadedTaskDispatcher with 12 workers.
 -> (artifact id: '4a3c97d61f99decb42698d957f7d868c') in 0.007814 seconds
Number of updated asset objects reloaded before import = 0
Number of asset objects unloaded after import = 2
========================================================================
Received Import Request.
  Time since last request: 34.557581 seconds.
  path: Assets/PS1 Tutorial Foliage winter/tree.010.mat
  artifactKey: Guid(a9791c3f82eff7d48b2925620753411e) Importer(815301076,1909f56bfc062723c751e8b465ee728b)
Start importing Assets/PS1 Tutorial Foliage winter/tree.010.mat using Guid(a9791c3f82eff7d48b2925620753411e) Importer(815301076,1909f56bfc062723c751e8b465ee728b) [PhysX] Initialized MultithreadedTaskDispatcher with 12 workers.
[PhysX] Initialized MultithreadedTaskDispatcher with 12 workers.
 -> (artifact id: 'ce912360de98fd00718ca579e87251f3') in 0.009898 seconds
Number of updated asset objects reloaded before import = 0
Number of asset objects unloaded after import = 2
========================================================================
Received Import Request.
  Time since last request: 0.000025 seconds.
  path: Assets/PS1 Tutorial Foliage winter/tree.011 1.mat
  artifactKey: Guid(483255f9f12c29a4fb363de82ec64f3a) Importer(815301076,1909f56bfc062723c751e8b465ee728b)
Start importing Assets/PS1 Tutorial Foliage winter/tree.011 1.mat using Guid(483255f9f12c29a4fb363de82ec64f3a) Importer(815301076,1909f56bfc062723c751e8b465ee728b) [PhysX] Initialized MultithreadedTaskDispatcher with 12 workers.
[PhysX] Initialized MultithreadedTaskDispatcher with 12 workers.
 -> (artifact id: '7c48b4518f0679c005339f5b39392a4e') in 0.010047 seconds
Number of updated asset objects reloaded before import = 0
Number of asset objects unloaded after import = 2
========================================================================
Received Import Request.
  Time since last request: 0.011199 seconds.
  path: Assets/PS1 Tutorial Foliage winter/wheat.mat
  artifactKey: Guid(1c2e41e36a250c4458aa441c454dad5c) Importer(815301076,1909f56bfc062723c751e8b465ee728b)
Start importing Assets/PS1 Tutorial Foliage winter/wheat.mat using Guid(1c2e41e36a250c4458aa441c454dad5c) Importer(815301076,1909f56bfc062723c751e8b465ee728b) [PhysX] Initialized MultithreadedTaskDispatcher with 12 workers.
[PhysX] Initialized MultithreadedTaskDispatcher with 12 workers.
 -> (artifact id: '5eb35bba848517718a57bff81a48c475') in 0.007421 seconds
Number of updated asset objects reloaded before import = 0
Number of asset objects unloaded after import = 2
========================================================================
Received Import Request.
  Time since last request: 150.602956 seconds.
  path: Assets/PS1 Tutorial Foliage winter/panorama.004.mat
  artifactKey: Guid(19e66020d6605cf459e0aff074c8986b) Importer(815301076,1909f56bfc062723c751e8b465ee728b)
Start importing Assets/PS1 Tutorial Foliage winter/panorama.004.mat using Guid(19e66020d6605cf459e0aff074c8986b) Importer(815301076,1909f56bfc062723c751e8b465ee728b) [PhysX] Initialized MultithreadedTaskDispatcher with 12 workers.
[PhysX] Initialized MultithreadedTaskDispatcher with 12 workers.
 -> (artifact id: '968fc8912606616fbf683a2ba3453eef') in 0.010193 seconds
Number of updated asset objects reloaded before import = 0
Number of asset objects unloaded after import = 2
========================================================================
Received Import Request.
  Time since last request: 0.000024 seconds.
  path: Assets/PS1 Tutorial Foliage winter/pile.002.mat
  artifactKey: Guid(0eeb4083dfc3baa40a890c8535646d17) Importer(815301076,1909f56bfc062723c751e8b465ee728b)
Start importing Assets/PS1 Tutorial Foliage winter/pile.002.mat using Guid(0eeb4083dfc3baa40a890c8535646d17) Importer(815301076,1909f56bfc062723c751e8b465ee728b) [PhysX] Initialized MultithreadedTaskDispatcher with 12 workers.
[PhysX] Initialized MultithreadedTaskDispatcher with 12 workers.
 -> (artifact id: '807b2efc2ec1458495cab097d6d6e03f') in 0.008467 seconds
Number of updated asset objects reloaded before import = 0
Number of asset objects unloaded after import = 2
========================================================================
Received Import Request.
  Time since last request: 0.000021 seconds.
  path: Assets/PS1 Tutorial Foliage winter/panorama.005.mat
  artifactKey: Guid(d1af5b0f5fb1309429d8e28e1abf04e8) Importer(815301076,1909f56bfc062723c751e8b465ee728b)
Start importing Assets/PS1 Tutorial Foliage winter/panorama.005.mat using Guid(d1af5b0f5fb1309429d8e28e1abf04e8) Importer(815301076,1909f56bfc062723c751e8b465ee728b) [PhysX] Initialized MultithreadedTaskDispatcher with 12 workers.
[PhysX] Initialized MultithreadedTaskDispatcher with 12 workers.
 -> (artifact id: '22433c5bb0b47f337a06d6d02409624b') in 0.014198 seconds
Number of updated asset objects reloaded before import = 0
Number of asset objects unloaded after import = 2
========================================================================
Received Import Request.
  Time since last request: 0.012279 seconds.
  path: Assets/PS1 Tutorial Foliage winter/plant2.002.mat
  artifactKey: Guid(e2bd0aa6d20ed1f47afc335b650332dd) Importer(815301076,1909f56bfc062723c751e8b465ee728b)
Start importing Assets/PS1 Tutorial Foliage winter/plant2.002.mat using Guid(e2bd0aa6d20ed1f47afc335b650332dd) Importer(815301076,1909f56bfc062723c751e8b465ee728b) [PhysX] Initialized MultithreadedTaskDispatcher with 12 workers.
[PhysX] Initialized MultithreadedTaskDispatcher with 12 workers.
 -> (artifact id: 'c460df739c19777cdbe500b1369ab441') in 0.012735 seconds
Number of updated asset objects reloaded before import = 0
Number of asset objects unloaded after import = 2
========================================================================
Received Import Request.
  Time since last request: 0.000027 seconds.
  path: Assets/PS1 Tutorial Foliage winter/rock.003.mat
  artifactKey: Guid(40aa2933ffe199e4789e7b0b2bed1146) Importer(815301076,1909f56bfc062723c751e8b465ee728b)
Start importing Assets/PS1 Tutorial Foliage winter/rock.003.mat using Guid(40aa2933ffe199e4789e7b0b2bed1146) Importer(815301076,1909f56bfc062723c751e8b465ee728b) [PhysX] Initialized MultithreadedTaskDispatcher with 12 workers.
[PhysX] Initialized MultithreadedTaskDispatcher with 12 workers.
 -> (artifact id: '078103498676dea40eaacbd4aa30c18f') in 0.008534 seconds
Number of updated asset objects reloaded before import = 0
Number of asset objects unloaded after import = 2
========================================================================
Received Import Request.
  Time since last request: 0.000031 seconds.
  path: Assets/PS1 Tutorial Foliage winter/rock.mat
  artifactKey: Guid(8cee047f5f1898e40b392ffdbecb3aae) Importer(815301076,1909f56bfc062723c751e8b465ee728b)
Start importing Assets/PS1 Tutorial Foliage winter/rock.mat using Guid(8cee047f5f1898e40b392ffdbecb3aae) Importer(815301076,1909f56bfc062723c751e8b465ee728b) [PhysX] Initialized MultithreadedTaskDispatcher with 12 workers.
[PhysX] Initialized MultithreadedTaskDispatcher with 12 workers.
 -> (artifact id: '6e6d4ca5a395c8edd110ec2de7017608') in 0.010173 seconds
Number of updated asset objects reloaded before import = 0
Number of asset objects unloaded after import = 2
========================================================================
Received Import Request.
  Time since last request: 0.000028 seconds.
  path: Assets/PS1 Tutorial Foliage winter/plant2.003.mat
  artifactKey: Guid(b69bf732a753ce44e806e6e17af6c557) Importer(815301076,1909f56bfc062723c751e8b465ee728b)
Start importing Assets/PS1 Tutorial Foliage winter/plant2.003.mat using Guid(b69bf732a753ce44e806e6e17af6c557) Importer(815301076,1909f56bfc062723c751e8b465ee728b) [PhysX] Initialized MultithreadedTaskDispatcher with 12 workers.
[PhysX] Initialized MultithreadedTaskDispatcher with 12 workers.
 -> (artifact id: '75d89eac212b53ad44f72adb4395ad4b') in 0.008575 seconds
Number of updated asset objects reloaded before import = 0
Number of asset objects unloaded after import = 2
========================================================================
Received Import Request.
  Time since last request: 0.000020 seconds.
  path: Assets/PS1 Tutorial Foliage winter/rock.002.mat
  artifactKey: Guid(ab3009601e619a84bb71062cf6b6e011) Importer(815301076,1909f56bfc062723c751e8b465ee728b)
Start importing Assets/PS1 Tutorial Foliage winter/rock.002.mat using Guid(ab3009601e619a84bb71062cf6b6e011) Importer(815301076,1909f56bfc062723c751e8b465ee728b) [PhysX] Initialized MultithreadedTaskDispatcher with 12 workers.
[PhysX] Initialized MultithreadedTaskDispatcher with 12 workers.
 -> (artifact id: 'a1431486e64a03bc31c88866216defbf') in 0.009562 seconds
Number of updated asset objects reloaded before import = 0
Number of asset objects unloaded after import = 2
========================================================================
Received Import Request.
  Time since last request: 0.000024 seconds.
  path: Assets/PS1 Tutorial Foliage winter/snow.mat
  artifactKey: Guid(cdd26d404f2eeb949b475b23d89ccdab) Importer(815301076,1909f56bfc062723c751e8b465ee728b)
Start importing Assets/PS1 Tutorial Foliage winter/snow.mat using Guid(cdd26d404f2eeb949b475b23d89ccdab) Importer(815301076,1909f56bfc062723c751e8b465ee728b) [PhysX] Initialized MultithreadedTaskDispatcher with 12 workers.
[PhysX] Initialized MultithreadedTaskDispatcher with 12 workers.
 -> (artifact id: 'c03e53dfdcbe9392a7fb9905b4983d7c') in 0.009700 seconds
Number of updated asset objects reloaded before import = 0
Number of asset objects unloaded after import = 2
========================================================================
Received Import Request.
  Time since last request: 0.560164 seconds.
  path: Assets/PS1 Tutorial Foliage winter/tree.009.mat
  artifactKey: Guid(6c09ba3fd47c7fc4da3c890cbe05e623) Importer(815301076,1909f56bfc062723c751e8b465ee728b)
Start importing Assets/PS1 Tutorial Foliage winter/tree.009.mat using Guid(6c09ba3fd47c7fc4da3c890cbe05e623) Importer(815301076,1909f56bfc062723c751e8b465ee728b) [PhysX] Initialized MultithreadedTaskDispatcher with 12 workers.
[PhysX] Initialized MultithreadedTaskDispatcher with 12 workers.
 -> (artifact id: '7c46a3e5740763a68753dbefbe7c0565') in 0.009435 seconds
Number of updated asset objects reloaded before import = 0
Number of asset objects unloaded after import = 1
========================================================================
Received Import Request.
  Time since last request: 0.000026 seconds.
  path: Assets/PS1 Tutorial Foliage winter/wheat.mat
  artifactKey: Guid(1c2e41e36a250c4458aa441c454dad5c) Importer(815301076,1909f56bfc062723c751e8b465ee728b)
Start importing Assets/PS1 Tutorial Foliage winter/wheat.mat using Guid(1c2e41e36a250c4458aa441c454dad5c) Importer(815301076,1909f56bfc062723c751e8b465ee728b) [PhysX] Initialized MultithreadedTaskDispatcher with 12 workers.
[PhysX] Initialized MultithreadedTaskDispatcher with 12 workers.
 -> (artifact id: '2e970191c6707bcfb1b93f11c7dc30b4') in 0.010367 seconds
Number of updated asset objects reloaded before import = 0
Number of asset objects unloaded after import = 2
Editor requested this worker to shutdown with reason: Scaling down because of idle timeout
TcpMessagingSession - receive error: operation aborted. errorcode: 995, details: ќпераци€ ввода/вывода была прервана из-за завершени€ потока команд или по запросу приложени€.
AssetImportWorker is now disconnected from the server
Process exiting
Exiting without the bug reporter. Application will terminate with return code 0