Using pre-set license
Built from '2022.3/staging' branch; Version is '2022.3.56f1 (dd0c98481d00) revision 14486680'; Using compiler version '192829333'; Build Type 'Release'
OS: 'Windows 10  (10.0.19045) 64bit Core' Language: 'ru' Physical Memory: 16085 MB
BatchMode: 1, IsHumanControllingUs: 0, StartBugReporterOnCrash: 0, Is64bit: 1, IsPro: 1

COMMAND LINE ARGUMENTS:
C:\Program Files\Unity\Hub\Editor\2022.3.56f1\Editor\Unity.exe
-adb2
-batchMode
-noUpm
-name
AssetImportWorker5
-projectPath
C:/Users/MSI/Desktop/GD/I2GD/project
-logFile
Logs/AssetImportWorker5.log
-srvPort
63183
Successfully changed project path to: C:/Users/MSI/Desktop/GD/I2GD/project
C:/Users/MSI/Desktop/GD/I2GD/project
[UnityMemory] Configuration Parameters - Can be set up in boot.config
    "memorysetup-bucket-allocator-granularity=16"
    "memorysetup-bucket-allocator-bucket-count=8"
    "memorysetup-bucket-allocator-block-size=33554432"
    "memorysetup-bucket-allocator-block-count=8"
    "memorysetup-main-allocator-block-size=16777216"
    "memorysetup-thread-allocator-block-size=16777216"
    "memorysetup-gfx-main-allocator-block-size=16777216"
    "memorysetup-gfx-thread-allocator-block-size=16777216"
    "memorysetup-cache-allocator-block-size=4194304"
    "memorysetup-typetree-allocator-block-size=2097152"
    "memorysetup-profiler-bucket-allocator-granularity=16"
    "memorysetup-profiler-bucket-allocator-bucket-count=8"
    "memorysetup-profiler-bucket-allocator-block-size=33554432"
    "memorysetup-profiler-bucket-allocator-block-count=8"
    "memorysetup-profiler-allocator-block-size=16777216"
    "memorysetup-profiler-editor-allocator-block-size=1048576"
    "memorysetup-temp-allocator-size-main=16777216"
    "memorysetup-job-temp-allocator-block-size=2097152"
    "memorysetup-job-temp-allocator-block-size-background=1048576"
    "memorysetup-job-temp-allocator-reduction-small-platforms=262144"
    "memorysetup-allocator-temp-initial-block-size-main=262144"
    "memorysetup-allocator-temp-initial-block-size-worker=262144"
    "memorysetup-temp-allocator-size-background-worker=32768"
    "memorysetup-temp-allocator-size-job-worker=262144"
    "memorysetup-temp-allocator-size-preload-manager=33554432"
    "memorysetup-temp-allocator-size-nav-mesh-worker=65536"
    "memorysetup-temp-allocator-size-audio-worker=65536"
    "memorysetup-temp-allocator-size-cloud-worker=32768"
    "memorysetup-temp-allocator-size-gi-baking-worker=262144"
    "memorysetup-temp-allocator-size-gfx=262144"
Player connection [25952]  Target information:

Player connection [25952]  * "[IP] 26.248.205.32 [Port] 0 [Flags] 2 [Guid] 2533268138 [EditorId] 2533268138 [Version] 1048832 [Id] WindowsEditor(7,DESKTOP-C3SGS2H) [Debug] 1 [PackageName] WindowsEditor [ProjectName] Editor" 

Player connection [25952]  * "[IP] 169.254.222.100 [Port] 0 [Flags] 2 [Guid] 2533268138 [EditorId] 2533268138 [Version] 1048832 [Id] WindowsEditor(7,DESKTOP-C3SGS2H) [Debug] 1 [PackageName] WindowsEditor [ProjectName] Editor" 

Player connection [25952]  * "[IP] 10.2.0.2 [Port] 0 [Flags] 2 [Guid] 2533268138 [EditorId] 2533268138 [Version] 1048832 [Id] WindowsEditor(7,DESKTOP-C3SGS2H) [Debug] 1 [PackageName] WindowsEditor [ProjectName] Editor" 

Player connection [25952]  * "[IP] 10.91.49.65 [Port] 0 [Flags] 2 [Guid] 2533268138 [EditorId] 2533268138 [Version] 1048832 [Id] WindowsEditor(7,DESKTOP-C3SGS2H) [Debug] 1 [PackageName] WindowsEditor [ProjectName] Editor" 

Player connection [25952] Host joined multi-casting on [225.0.0.222:54997]...
Player connection [25952] Host joined alternative multi-casting on [225.0.0.222:34997]...
Input System module state changed to: Initialized.
[PhysX] Initialized MultithreadedTaskDispatcher with 12 workers.
Refreshing native plugins compatible for Editor in 13.99 ms, found 3 plugins.
Preloading 0 native plugins for Editor in 0.00 ms.
Initialize engine version: 2022.3.56f1 (dd0c98481d00)
[Subsystems] Discovering subsystems at path C:/Program Files/Unity/Hub/Editor/2022.3.56f1/Editor/Data/Resources/UnitySubsystems
[Subsystems] Discovering subsystems at path C:/Users/MSI/Desktop/GD/I2GD/project/Assets
GfxDevice: creating device client; threaded=0; jobified=0
Direct3D:
    Version:  Direct3D 11.0 [level 11.1]
    Renderer: NVIDIA GeForce RTX 3050 Ti Laptop GPU (ID=0x25a0)
    Vendor:   NVIDIA
    VRAM:     3965 MB
    Driver:   32.0.15.7283
Initialize mono
Mono path[0] = 'C:/Program Files/Unity/Hub/Editor/2022.3.56f1/Editor/Data/Managed'
Mono path[1] = 'C:/Program Files/Unity/Hub/Editor/2022.3.56f1/Editor/Data/MonoBleedingEdge/lib/mono/unityjit-win32'
Mono config path = 'C:/Program Files/Unity/Hub/Editor/2022.3.56f1/Editor/Data/MonoBleedingEdge/etc'
Using monoOptions --debugger-agent=transport=dt_socket,embedding=1,server=y,suspend=n,address=127.0.0.1:56848
Begin MonoManager ReloadAssembly
Registering precompiled unity dll's ...
Register platform support module: C:/Program Files/Unity/Hub/Editor/2022.3.56f1/Editor/Data/PlaybackEngines/WebGLSupport/UnityEditor.WebGL.Extensions.dll
Register platform support module: C:/Program Files/Unity/Hub/Editor/2022.3.56f1/Editor/Data/PlaybackEngines/WindowsStandaloneSupport/UnityEditor.WindowsStandalone.Extensions.dll
Registered in 0.012512 seconds.
- Loaded All Assemblies, in  0.584 seconds
Native extension for WindowsStandalone target not found
Native extension for WebGL target not found
Mono: successfully reloaded assembly
- Finished resetting the current domain, in  0.498 seconds
Domain Reload Profiling: 1080ms
	BeginReloadAssembly (153ms)
		ExecutionOrderSort (0ms)
		DisableScriptedObjects (0ms)
		BackupInstance (0ms)
		ReleaseScriptingObjects (0ms)
		CreateAndSetChildDomain (1ms)
	RebuildCommonClasses (51ms)
	RebuildNativeTypeToScriptingClass (14ms)
	initialDomainReloadingComplete (86ms)
	LoadAllAssembliesAndSetupDomain (277ms)
		LoadAssemblies (152ms)
		RebuildTransferFunctionScriptingTraits (0ms)
		AnalyzeDomain (274ms)
			TypeCache.Refresh (271ms)
				TypeCache.ScanAssembly (242ms)
			ScanForSourceGeneratedMonoScriptInfo (1ms)
			ResolveRequiredComponents (2ms)
	FinalizeReload (499ms)
		ReleaseScriptCaches (0ms)
		RebuildScriptCaches (0ms)
		SetupLoadedEditorAssemblies (406ms)
			LogAssemblyErrors (0ms)
			InitializePlatformSupportModulesInManaged (23ms)
			SetLoadedEditorAssemblies (11ms)
			RefreshPlugins (0ms)
			BeforeProcessingInitializeOnLoad (4ms)
			ProcessInitializeOnLoadAttributes (301ms)
			ProcessInitializeOnLoadMethodAttributes (67ms)
			AfterProcessingInitializeOnLoad (0ms)
			EditorAssembliesLoaded (0ms)
		ExecutionOrderSort2 (0ms)
		AwakeInstancesAfterBackupRestoration (0ms)
========================================================================
Worker process is ready to serve import requests
Caller must complete domain reload
Begin MonoManager ReloadAssembly
- Loaded All Assemblies, in  0.967 seconds
Native extension for WindowsStandalone target not found
Native extension for WebGL target not found
Mono: successfully reloaded assembly
- Finished resetting the current domain, in  1.592 seconds
Domain Reload Profiling: 2555ms
	BeginReloadAssembly (208ms)
		ExecutionOrderSort (0ms)
		DisableScriptedObjects (11ms)
		BackupInstance (0ms)
		ReleaseScriptingObjects (0ms)
		CreateAndSetChildDomain (27ms)
	RebuildCommonClasses (57ms)
	RebuildNativeTypeToScriptingClass (22ms)
	initialDomainReloadingComplete (87ms)
	LoadAllAssembliesAndSetupDomain (587ms)
		LoadAssemblies (437ms)
		RebuildTransferFunctionScriptingTraits (0ms)
		AnalyzeDomain (262ms)
			TypeCache.Refresh (232ms)
				TypeCache.ScanAssembly (208ms)
			ScanForSourceGeneratedMonoScriptInfo (21ms)
			ResolveRequiredComponents (8ms)
	FinalizeReload (1593ms)
		ReleaseScriptCaches (0ms)
		RebuildScriptCaches (0ms)
		SetupLoadedEditorAssemblies (1353ms)
			LogAssemblyErrors (0ms)
			InitializePlatformSupportModulesInManaged (11ms)
			SetLoadedEditorAssemblies (5ms)
			RefreshPlugins (0ms)
			BeforeProcessingInitializeOnLoad (93ms)
			ProcessInitializeOnLoadAttributes (1160ms)
			ProcessInitializeOnLoadMethodAttributes (66ms)
			AfterProcessingInitializeOnLoad (18ms)
			EditorAssembliesLoaded (0ms)
		ExecutionOrderSort2 (0ms)
		AwakeInstancesAfterBackupRestoration (15ms)
Launched and connected shader compiler UnityShaderCompiler.exe after 0.07 seconds
Refreshing native plugins compatible for Editor in 7.37 ms, found 3 plugins.
Preloading 0 native plugins for Editor in 0.00 ms.
Unloading 3212 Unused Serialized files (Serialized files now loaded: 0)
Unloading 19 unused Assets / (56.0 KB). Loaded Objects now: 3710.
Memory consumption went from 216.4 MB to 216.4 MB.
Total: 6.562300 ms (FindLiveObjects: 0.459700 ms CreateObjectMapping: 0.413300 ms MarkObjects: 5.411300 ms  DeleteObjects: 0.276300 ms)

AssetImportParameters requested are different than current active one (requested -> active):
  custom:container-demuxer-ogg: 62fdf1f143b41e24485cea50d1cbac27 -> 
  custom:scripting/monoscript/fileName/PauseMenu.cs: f5f409f6f97ee1b3b146d50574a93841 -> 
  custom:video-decoder-ogg-theora: a1e56fd34408186e4bbccfd4996cb3dc -> 
  custom:framework-win-MediaFoundation: 216162199b28c13a410421893ffa2e32 -> 
  custom:CustomObjectIndexerAttribute: 9a22284fe3817be447336de3de66b15e -> 
  custom:container-demuxer-webm: 4f35f7cbe854078d1ac9338744f61a02 -> 
  custom:scripting/monoscript/fileName/PSXExample_CameraMovement.cs: 18d0e0b7fb0b344cfcee8a9aed1b3795 -> 7b9b56c73fda37c9d345c1d3160cd3fa
  custom:container-muxer-webm: aa71ff27fc2769a1b78a27578f13a17b -> 
  custom:video-decoder-webm-vp8: 9c59270c3fd7afecdb556c50c9e8de78 -> 
  custom:SearchIndexIgnoredProperties: e643bd26f0fe6173181afceb89e7c659 -> 
  custom:AudioImporter_EditorPlatform: d09bf68614088b80899f8185d706f6e7 -> 
  custom:scripting/monoscript/fileName/PSXPostProcessEffect.cs: 27150c4e5119348cfd6be4581cf0f2bf -> 0a9386220eeae775f0b38699e2995348
  custom:video-encoder-webm-vp8: eb34c28f22e8b96e1ab97ce403110664 -> 
  custom:audio-decoder-ogg-vorbis: bf7c407c2cedff20999df2af8eb42d56 -> 
  custom:scripting/monoscript/fileName/CharacterRandomizer.cs: 8de5fc89b806fc995e4fc3919981bc28 -> e085957bf185146eda98092137c48aac
  custom:audio-encoder-webm-vorbis: bf7c407c2cedff20999df2af8eb42d56 -> 
  custom:scripting/monoscript/fileName/PSXShaderManager.cs: 9a7afd8be6dd119aa3e8979ea33665bb -> e9cc62fbe4ed565505544f623360d8bc
  custom:scripting/monoscript/fileName/SpookyOrbFloat.cs: fa3952fa4efc14682ddb1aff39788be4 -> daba40eeca491e306916566e5212d791
========================================================================
Received Import Request.
  Time since last request: 367719.388906 seconds.
  path: Assets/Packages/PolygonFantasyHeroCharacters/Models/ModularCharacter_StaticParts/Chr_ArmUpperRight_Male_09_Static.fbx
  artifactKey: Guid(65f1d156475eb6647a55461cbc5f9820) Importer(815301076,1909f56bfc062723c751e8b465ee728b)
Start importing Assets/Packages/PolygonFantasyHeroCharacters/Models/ModularCharacter_StaticParts/Chr_ArmUpperRight_Male_09_Static.fbx using Guid(65f1d156475eb6647a55461cbc5f9820) Importer(815301076,1909f56bfc062723c751e8b465ee728b) [PhysX] Initialized MultithreadedTaskDispatcher with 12 workers.
[PhysX] Initialized MultithreadedTaskDispatcher with 12 workers.
[PhysX] Initialized MultithreadedTaskDispatcher with 12 workers.
 -> (artifact id: '9fd2bc4408962cdd2abe57f60595cd32') in 0.174975 seconds
Number of updated asset objects reloaded before import = 0
Number of asset objects unloaded after import = 7
========================================================================
Received Import Request.
  Time since last request: 0.758048 seconds.
  path: Assets/Packages/PolygonFantasyHeroCharacters/Models/ModularCharacter_StaticParts/Chr_BackAttachment_12_Static.fbx
  artifactKey: Guid(76c8ab5cc877b604da66bc090e9780dd) Importer(815301076,1909f56bfc062723c751e8b465ee728b)
Start importing Assets/Packages/PolygonFantasyHeroCharacters/Models/ModularCharacter_StaticParts/Chr_BackAttachment_12_Static.fbx using Guid(76c8ab5cc877b604da66bc090e9780dd) Importer(815301076,1909f56bfc062723c751e8b465ee728b) [PhysX] Initialized MultithreadedTaskDispatcher with 12 workers.
[PhysX] Initialized MultithreadedTaskDispatcher with 12 workers.
[PhysX] Initialized MultithreadedTaskDispatcher with 12 workers.
 -> (artifact id: 'f77b6d711ea2a16358a33587386ce8a9') in 0.019804 seconds
Number of updated asset objects reloaded before import = 0
Number of asset objects unloaded after import = 7
========================================================================
Received Import Request.
  Time since last request: 0.965876 seconds.
  path: Assets/Packages/PolygonFantasyHeroCharacters/Models/ModularCharacter_StaticParts/Chr_Ear_Ear_01_Static.fbx
  artifactKey: Guid(69e90c428366af140ab32c0d2edb6653) Importer(815301076,1909f56bfc062723c751e8b465ee728b)
Start importing Assets/Packages/PolygonFantasyHeroCharacters/Models/ModularCharacter_StaticParts/Chr_Ear_Ear_01_Static.fbx using Guid(69e90c428366af140ab32c0d2edb6653) Importer(815301076,1909f56bfc062723c751e8b465ee728b) [PhysX] Initialized MultithreadedTaskDispatcher with 12 workers.
[PhysX] Initialized MultithreadedTaskDispatcher with 12 workers.
[PhysX] Initialized MultithreadedTaskDispatcher with 12 workers.
 -> (artifact id: '67fa2d5ff5f66dfbce7433683d2721e1') in 0.013887 seconds
Number of updated asset objects reloaded before import = 0
Number of asset objects unloaded after import = 7
========================================================================
Received Import Request.
  Time since last request: 0.264860 seconds.
  path: Assets/Packages/PolygonFantasyHeroCharacters/Models/ModularCharacter_StaticParts/Chr_ElbowAttachLeft_01_Static.fbx
  artifactKey: Guid(157f8e5b5d5481d429df4c9e16a0f835) Importer(815301076,1909f56bfc062723c751e8b465ee728b)
Start importing Assets/Packages/PolygonFantasyHeroCharacters/Models/ModularCharacter_StaticParts/Chr_ElbowAttachLeft_01_Static.fbx using Guid(157f8e5b5d5481d429df4c9e16a0f835) Importer(815301076,1909f56bfc062723c751e8b465ee728b) [PhysX] Initialized MultithreadedTaskDispatcher with 12 workers.
[PhysX] Initialized MultithreadedTaskDispatcher with 12 workers.
[PhysX] Initialized MultithreadedTaskDispatcher with 12 workers.
 -> (artifact id: 'f44245f0132e4553a377e463c6da3cbc') in 0.013553 seconds
Number of updated asset objects reloaded before import = 0
Number of asset objects unloaded after import = 7
========================================================================
Received Import Request.
  Time since last request: 0.039091 seconds.
  path: Assets/Packages/PolygonFantasyHeroCharacters/Models/ModularCharacter_StaticParts/Chr_ElbowAttachLeft_04_Static.fbx
  artifactKey: Guid(5c78cbfa53bb07942bbc0944e7aa086d) Importer(815301076,1909f56bfc062723c751e8b465ee728b)
Start importing Assets/Packages/PolygonFantasyHeroCharacters/Models/ModularCharacter_StaticParts/Chr_ElbowAttachLeft_04_Static.fbx using Guid(5c78cbfa53bb07942bbc0944e7aa086d) Importer(815301076,1909f56bfc062723c751e8b465ee728b) [PhysX] Initialized MultithreadedTaskDispatcher with 12 workers.
[PhysX] Initialized MultithreadedTaskDispatcher with 12 workers.
[PhysX] Initialized MultithreadedTaskDispatcher with 12 workers.
 -> (artifact id: '7c19089cf6bb6cdfd36eaa16f091f90c') in 0.015598 seconds
Number of updated asset objects reloaded before import = 0
Number of asset objects unloaded after import = 7
========================================================================
Received Import Request.
  Time since last request: 0.241544 seconds.
  path: Assets/Packages/PolygonFantasyHeroCharacters/Models/ModularCharacter_StaticParts/Chr_ElbowAttachRight_01_Static.fbx
  artifactKey: Guid(33ccc94746d520e468bc69ce4550fed4) Importer(815301076,1909f56bfc062723c751e8b465ee728b)
Start importing Assets/Packages/PolygonFantasyHeroCharacters/Models/ModularCharacter_StaticParts/Chr_ElbowAttachRight_01_Static.fbx using Guid(33ccc94746d520e468bc69ce4550fed4) Importer(815301076,1909f56bfc062723c751e8b465ee728b) [PhysX] Initialized MultithreadedTaskDispatcher with 12 workers.
[PhysX] Initialized MultithreadedTaskDispatcher with 12 workers.
[PhysX] Initialized MultithreadedTaskDispatcher with 12 workers.
 -> (artifact id: 'cbbaf4561567e2913d9c7e023462082f') in 0.013013 seconds
Number of updated asset objects reloaded before import = 0
Number of asset objects unloaded after import = 7
========================================================================
Received Import Request.
  Time since last request: 0.398685 seconds.
  path: Assets/Packages/PolygonFantasyHeroCharacters/Models/ModularCharacter_StaticParts/Chr_Eyebrow_Female_03_Static.fbx
  artifactKey: Guid(26dc9a78193322c4fa2c597bf8675891) Importer(815301076,1909f56bfc062723c751e8b465ee728b)
Start importing Assets/Packages/PolygonFantasyHeroCharacters/Models/ModularCharacter_StaticParts/Chr_Eyebrow_Female_03_Static.fbx using Guid(26dc9a78193322c4fa2c597bf8675891) Importer(815301076,1909f56bfc062723c751e8b465ee728b) [PhysX] Initialized MultithreadedTaskDispatcher with 12 workers.
[PhysX] Initialized MultithreadedTaskDispatcher with 12 workers.
[PhysX] Initialized MultithreadedTaskDispatcher with 12 workers.
 -> (artifact id: 'f6304576a7f93364a1e7a27c6c73b307') in 0.013313 seconds
Number of updated asset objects reloaded before import = 0
Number of asset objects unloaded after import = 7
========================================================================
Received Import Request.
  Time since last request: 0.356866 seconds.
  path: Assets/Packages/PolygonFantasyHeroCharacters/Models/ModularCharacter_StaticParts/Chr_Eyebrow_Male_05_Static.fbx
  artifactKey: Guid(e93ca1cbadbc4004898d91e2a4d12886) Importer(815301076,1909f56bfc062723c751e8b465ee728b)
Start importing Assets/Packages/PolygonFantasyHeroCharacters/Models/ModularCharacter_StaticParts/Chr_Eyebrow_Male_05_Static.fbx using Guid(e93ca1cbadbc4004898d91e2a4d12886) Importer(815301076,1909f56bfc062723c751e8b465ee728b) [PhysX] Initialized MultithreadedTaskDispatcher with 12 workers.
[PhysX] Initialized MultithreadedTaskDispatcher with 12 workers.
[PhysX] Initialized MultithreadedTaskDispatcher with 12 workers.
 -> (artifact id: '1efc1a06e01242ee96d9f2d77de0d243') in 0.013762 seconds
Number of updated asset objects reloaded before import = 0
Number of asset objects unloaded after import = 7
========================================================================
Received Import Request.
  Time since last request: 0.312233 seconds.
  path: Assets/Packages/PolygonFantasyHeroCharacters/Models/ModularCharacter_StaticParts/Chr_FacialHair_Male_01_Static.fbx
  artifactKey: Guid(4579eb379f3bf2449b150a83936f7a12) Importer(815301076,1909f56bfc062723c751e8b465ee728b)
Start importing Assets/Packages/PolygonFantasyHeroCharacters/Models/ModularCharacter_StaticParts/Chr_FacialHair_Male_01_Static.fbx using Guid(4579eb379f3bf2449b150a83936f7a12) Importer(815301076,1909f56bfc062723c751e8b465ee728b) [PhysX] Initialized MultithreadedTaskDispatcher with 12 workers.
[PhysX] Initialized MultithreadedTaskDispatcher with 12 workers.
[PhysX] Initialized MultithreadedTaskDispatcher with 12 workers.
 -> (artifact id: '25286aa1660e8ae0f9427dbdfd1eb18b') in 0.014042 seconds
Number of updated asset objects reloaded before import = 0
Number of asset objects unloaded after import = 7
========================================================================
Received Import Request.
  Time since last request: 0.288338 seconds.
  path: Assets/Packages/PolygonFantasyHeroCharacters/Models/ModularCharacter_StaticParts/Chr_FacialHair_Male_05_Static.fbx
  artifactKey: Guid(70500577f9d85af41ac18c303d55ecdb) Importer(815301076,1909f56bfc062723c751e8b465ee728b)
Start importing Assets/Packages/PolygonFantasyHeroCharacters/Models/ModularCharacter_StaticParts/Chr_FacialHair_Male_05_Static.fbx using Guid(70500577f9d85af41ac18c303d55ecdb) Importer(815301076,1909f56bfc062723c751e8b465ee728b) [PhysX] Initialized MultithreadedTaskDispatcher with 12 workers.
[PhysX] Initialized MultithreadedTaskDispatcher with 12 workers.
[PhysX] Initialized MultithreadedTaskDispatcher with 12 workers.
 -> (artifact id: '9d065e31aeaeee26d07f7d54506cd0a5') in 0.012269 seconds
Number of updated asset objects reloaded before import = 0
Number of asset objects unloaded after import = 7
========================================================================
Received Import Request.
  Time since last request: 0.061334 seconds.
  path: Assets/Packages/PolygonFantasyHeroCharacters/Models/ModularCharacter_StaticParts/Chr_FacialHair_Male_10_Static.fbx
  artifactKey: Guid(899ad143d0606e148a371dafada518f1) Importer(815301076,1909f56bfc062723c751e8b465ee728b)
Start importing Assets/Packages/PolygonFantasyHeroCharacters/Models/ModularCharacter_StaticParts/Chr_FacialHair_Male_10_Static.fbx using Guid(899ad143d0606e148a371dafada518f1) Importer(815301076,1909f56bfc062723c751e8b465ee728b) [PhysX] Initialized MultithreadedTaskDispatcher with 12 workers.
[PhysX] Initialized MultithreadedTaskDispatcher with 12 workers.
[PhysX] Initialized MultithreadedTaskDispatcher with 12 workers.
 -> (artifact id: 'fb84ccdc0f736f0d80b40d6facfdde51') in 0.018206 seconds
Number of updated asset objects reloaded before import = 0
Number of asset objects unloaded after import = 7
========================================================================
Received Import Request.
  Time since last request: 0.242645 seconds.
  path: Assets/Packages/PolygonFantasyHeroCharacters/Models/ModularCharacter_StaticParts/Chr_FacialHair_Male_13_Static.fbx
  artifactKey: Guid(9e1e9eb188126cc43a7a52437a7985a9) Importer(815301076,1909f56bfc062723c751e8b465ee728b)
Start importing Assets/Packages/PolygonFantasyHeroCharacters/Models/ModularCharacter_StaticParts/Chr_FacialHair_Male_13_Static.fbx using Guid(9e1e9eb188126cc43a7a52437a7985a9) Importer(815301076,1909f56bfc062723c751e8b465ee728b) [PhysX] Initialized MultithreadedTaskDispatcher with 12 workers.
[PhysX] Initialized MultithreadedTaskDispatcher with 12 workers.
[PhysX] Initialized MultithreadedTaskDispatcher with 12 workers.
 -> (artifact id: '75c90a30036d699f58d754fec510ccfa') in 0.016440 seconds
Number of updated asset objects reloaded before import = 0
Number of asset objects unloaded after import = 7
========================================================================
Received Import Request.
  Time since last request: 0.047358 seconds.
  path: Assets/Packages/PolygonFantasyHeroCharacters/Models/ModularCharacter_StaticParts/Chr_FacialHair_Male_16_Static.fbx
  artifactKey: Guid(fb908e2958872ae4998736a230bb84a8) Importer(815301076,1909f56bfc062723c751e8b465ee728b)
Start importing Assets/Packages/PolygonFantasyHeroCharacters/Models/ModularCharacter_StaticParts/Chr_FacialHair_Male_16_Static.fbx using Guid(fb908e2958872ae4998736a230bb84a8) Importer(815301076,1909f56bfc062723c751e8b465ee728b) [PhysX] Initialized MultithreadedTaskDispatcher with 12 workers.
[PhysX] Initialized MultithreadedTaskDispatcher with 12 workers.
[PhysX] Initialized MultithreadedTaskDispatcher with 12 workers.
 -> (artifact id: 'eac00a5163618d0d091483ce13d9348d') in 0.014184 seconds
Number of updated asset objects reloaded before import = 0
Number of asset objects unloaded after import = 7
========================================================================
Received Import Request.
  Time since last request: 0.327804 seconds.
  path: Assets/Packages/PolygonFantasyHeroCharacters/Models/ModularCharacter_StaticParts/Chr_Hair_04_Static.fbx
  artifactKey: Guid(1716f3592b0c31842ad9a7158b0358c1) Importer(815301076,1909f56bfc062723c751e8b465ee728b)
Start importing Assets/Packages/PolygonFantasyHeroCharacters/Models/ModularCharacter_StaticParts/Chr_Hair_04_Static.fbx using Guid(1716f3592b0c31842ad9a7158b0358c1) Importer(815301076,1909f56bfc062723c751e8b465ee728b) [PhysX] Initialized MultithreadedTaskDispatcher with 12 workers.
[PhysX] Initialized MultithreadedTaskDispatcher with 12 workers.
[PhysX] Initialized MultithreadedTaskDispatcher with 12 workers.
 -> (artifact id: '137c017dbd0c06a19afb36740cc7fda7') in 0.018304 seconds
Number of updated asset objects reloaded before import = 0
Number of asset objects unloaded after import = 7
========================================================================
Received Import Request.
  Time since last request: 0.293026 seconds.
  path: Assets/Packages/PolygonFantasyHeroCharacters/Models/ModularCharacter_StaticParts/Chr_Hair_08_Static.fbx
  artifactKey: Guid(ea7c029d5b4193b479eacc80eae3ca0f) Importer(815301076,1909f56bfc062723c751e8b465ee728b)
Start importing Assets/Packages/PolygonFantasyHeroCharacters/Models/ModularCharacter_StaticParts/Chr_Hair_08_Static.fbx using Guid(ea7c029d5b4193b479eacc80eae3ca0f) Importer(815301076,1909f56bfc062723c751e8b465ee728b) [PhysX] Initialized MultithreadedTaskDispatcher with 12 workers.
[PhysX] Initialized MultithreadedTaskDispatcher with 12 workers.
[PhysX] Initialized MultithreadedTaskDispatcher with 12 workers.
 -> (artifact id: '6cf12d2800283eb4c2d7dcef00e2ca93') in 0.012610 seconds
Number of updated asset objects reloaded before import = 0
Number of asset objects unloaded after import = 7
========================================================================
Received Import Request.
  Time since last request: 0.714386 seconds.
  path: Assets/Packages/PolygonFantasyHeroCharacters/Models/ModularCharacter_StaticParts/Chr_Hair_25_Static.fbx
  artifactKey: Guid(d9712ad89afe6e94298f130cc99e5a51) Importer(815301076,1909f56bfc062723c751e8b465ee728b)
Start importing Assets/Packages/PolygonFantasyHeroCharacters/Models/ModularCharacter_StaticParts/Chr_Hair_25_Static.fbx using Guid(d9712ad89afe6e94298f130cc99e5a51) Importer(815301076,1909f56bfc062723c751e8b465ee728b) [PhysX] Initialized MultithreadedTaskDispatcher with 12 workers.
[PhysX] Initialized MultithreadedTaskDispatcher with 12 workers.
[PhysX] Initialized MultithreadedTaskDispatcher with 12 workers.
 -> (artifact id: 'db56db4770448dbb9dfeee2241d710c6') in 0.016389 seconds
Number of updated asset objects reloaded before import = 0
Number of asset objects unloaded after import = 7
========================================================================
Received Import Request.
  Time since last request: 0.306743 seconds.
  path: Assets/Packages/PolygonFantasyHeroCharacters/Models/ModularCharacter_StaticParts/Chr_Hair_31_Static.fbx
  artifactKey: Guid(e5d5f586eeb0b2f428f88b9ec980bff9) Importer(815301076,1909f56bfc062723c751e8b465ee728b)
Start importing Assets/Packages/PolygonFantasyHeroCharacters/Models/ModularCharacter_StaticParts/Chr_Hair_31_Static.fbx using Guid(e5d5f586eeb0b2f428f88b9ec980bff9) Importer(815301076,1909f56bfc062723c751e8b465ee728b) [PhysX] Initialized MultithreadedTaskDispatcher with 12 workers.
[PhysX] Initialized MultithreadedTaskDispatcher with 12 workers.
[PhysX] Initialized MultithreadedTaskDispatcher with 12 workers.
 -> (artifact id: 'd29c2001d4718d7e3e024e89bae2c3ac') in 0.016364 seconds
Number of updated asset objects reloaded before import = 0
Number of asset objects unloaded after import = 7
========================================================================
Received Prepare
Caller must complete domain reload
Begin MonoManager ReloadAssembly
- Loaded All Assemblies, in  0.691 seconds
Native extension for WindowsStandalone target not found
Native extension for WebGL target not found
Mono: successfully reloaded assembly
- Finished resetting the current domain, in  1.573 seconds
Domain Reload Profiling: 2261ms
	BeginReloadAssembly (225ms)
		ExecutionOrderSort (0ms)
		DisableScriptedObjects (4ms)
		BackupInstance (0ms)
		ReleaseScriptingObjects (0ms)
		CreateAndSetChildDomain (59ms)
	RebuildCommonClasses (74ms)
	RebuildNativeTypeToScriptingClass (13ms)
	initialDomainReloadingComplete (51ms)
	LoadAllAssembliesAndSetupDomain (324ms)
		LoadAssemblies (417ms)
		RebuildTransferFunctionScriptingTraits (0ms)
		AnalyzeDomain (28ms)
			TypeCache.Refresh (10ms)
				TypeCache.ScanAssembly (0ms)
			ScanForSourceGeneratedMonoScriptInfo (0ms)
			ResolveRequiredComponents (15ms)
	FinalizeReload (1573ms)
		ReleaseScriptCaches (0ms)
		RebuildScriptCaches (0ms)
		SetupLoadedEditorAssemblies (734ms)
			LogAssemblyErrors (0ms)
			InitializePlatformSupportModulesInManaged (14ms)
			SetLoadedEditorAssemblies (6ms)
			RefreshPlugins (0ms)
			BeforeProcessingInitializeOnLoad (103ms)
			ProcessInitializeOnLoadAttributes (565ms)
			ProcessInitializeOnLoadMethodAttributes (35ms)
			AfterProcessingInitializeOnLoad (11ms)
			EditorAssembliesLoaded (0ms)
		ExecutionOrderSort2 (0ms)
		AwakeInstancesAfterBackupRestoration (11ms)
Refreshing native plugins compatible for Editor in 10.18 ms, found 3 plugins.
Preloading 0 native plugins for Editor in 0.00 ms.
Unloading 3172 Unused Serialized files (Serialized files now loaded: 0)
Unloading 13 unused Assets / (27.6 KB). Loaded Objects now: 3725.
Memory consumption went from 212.1 MB to 212.1 MB.
Total: 8.009700 ms (FindLiveObjects: 0.851500 ms CreateObjectMapping: 0.409500 ms MarkObjects: 6.676000 ms  DeleteObjects: 0.071000 ms)

Prepare: number of updated asset objects reloaded= 0
AssetImportParameters requested are different than current active one (requested -> active):
  custom:container-demuxer-ogg: 62fdf1f143b41e24485cea50d1cbac27 -> 
  custom:scripting/monoscript/fileName/PauseMenu.cs: f5f409f6f97ee1b3b146d50574a93841 -> 
  custom:video-decoder-ogg-theora: a1e56fd34408186e4bbccfd4996cb3dc -> 
  custom:framework-win-MediaFoundation: 216162199b28c13a410421893ffa2e32 -> 
  custom:CustomObjectIndexerAttribute: 9a22284fe3817be447336de3de66b15e -> 
  custom:container-demuxer-webm: 4f35f7cbe854078d1ac9338744f61a02 -> 
  custom:scripting/monoscript/fileName/PSXExample_CameraMovement.cs: 18d0e0b7fb0b344cfcee8a9aed1b3795 -> 7b9b56c73fda37c9d345c1d3160cd3fa
  custom:container-muxer-webm: aa71ff27fc2769a1b78a27578f13a17b -> 
  custom:video-decoder-webm-vp8: 9c59270c3fd7afecdb556c50c9e8de78 -> 
  custom:SearchIndexIgnoredProperties: e643bd26f0fe6173181afceb89e7c659 -> 
  custom:AudioImporter_EditorPlatform: d09bf68614088b80899f8185d706f6e7 -> 
  custom:scripting/monoscript/fileName/PSXPostProcessEffect.cs: 27150c4e5119348cfd6be4581cf0f2bf -> 0a9386220eeae775f0b38699e2995348
  custom:video-encoder-webm-vp8: eb34c28f22e8b96e1ab97ce403110664 -> 
  custom:audio-decoder-ogg-vorbis: bf7c407c2cedff20999df2af8eb42d56 -> 
  custom:scripting/monoscript/fileName/CharacterRandomizer.cs: 8de5fc89b806fc995e4fc3919981bc28 -> e085957bf185146eda98092137c48aac
  custom:audio-encoder-webm-vorbis: bf7c407c2cedff20999df2af8eb42d56 -> 
  custom:scripting/monoscript/fileName/PSXShaderManager.cs: 9a7afd8be6dd119aa3e8979ea33665bb -> e9cc62fbe4ed565505544f623360d8bc
  custom:scripting/monoscript/fileName/SpookyOrbFloat.cs: fa3952fa4efc14682ddb1aff39788be4 -> daba40eeca491e306916566e5212d791
Editor requested this worker to shutdown with reason: Scaling down because of idle timeout
TcpMessagingSession - receive error: operation aborted. errorcode: 995, details: ќпераци€ ввода/вывода была прервана из-за завершени€ потока команд или по запросу приложени€.
AssetImportWorker is now disconnected from the server
Process exiting
Exiting without the bug reporter. Application will terminate with return code 0