Using pre-set license
Built from '2022.3/staging' branch; Version is '2022.3.56f1 (dd0c98481d00) revision 14486680'; Using compiler version '192829333'; Build Type 'Release'
OS: 'Windows 11  (10.0.22631) 64bit Professional' Language: 'ru' Physical Memory: 5996 MB
BatchMode: 1, IsHumanControllingUs: 0, StartBugReporterOnCrash: 0, Is64bit: 1, IsPro: 1

COMMAND LINE ARGUMENTS:
C:\Program Files\Unity\Hub\Editor\2022.3.56f1\Editor\Unity.exe
-adb2
-batchMode
-noUpm
-name
AssetImportWorker2
-projectPath
C:/Users/Uljana/Desktop/HECATE_project/I2GD_project_HECATE
-logFile
Logs/AssetImportWorker2.log
-srvPort
58470
Successfully changed project path to: C:/Users/Uljana/Desktop/HECATE_project/I2GD_project_HECATE
C:/Users/Uljana/Desktop/HECATE_project/I2GD_project_HECATE
[UnityMemory] Configuration Parameters - Can be set up in boot.config
    "memorysetup-bucket-allocator-granularity=16"
    "memorysetup-bucket-allocator-bucket-count=8"
    "memorysetup-bucket-allocator-block-size=33554432"
    "memorysetup-bucket-allocator-block-count=8"
    "memorysetup-main-allocator-block-size=16777216"
    "memorysetup-thread-allocator-block-size=16777216"
    "memorysetup-gfx-main-allocator-block-size=16777216"
    "memorysetup-gfx-thread-allocator-block-size=16777216"
    "memorysetup-cache-allocator-block-size=4194304"
    "memorysetup-typetree-allocator-block-size=2097152"
    "memorysetup-profiler-bucket-allocator-granularity=16"
    "memorysetup-profiler-bucket-allocator-bucket-count=8"
    "memorysetup-profiler-bucket-allocator-block-size=33554432"
    "memorysetup-profiler-bucket-allocator-block-count=8"
    "memorysetup-profiler-allocator-block-size=16777216"
    "memorysetup-profiler-editor-allocator-block-size=1048576"
    "memorysetup-temp-allocator-size-main=16777216"
    "memorysetup-job-temp-allocator-block-size=2097152"
    "memorysetup-job-temp-allocator-block-size-background=1048576"
    "memorysetup-job-temp-allocator-reduction-small-platforms=262144"
    "memorysetup-allocator-temp-initial-block-size-main=262144"
    "memorysetup-allocator-temp-initial-block-size-worker=262144"
    "memorysetup-temp-allocator-size-background-worker=32768"
    "memorysetup-temp-allocator-size-job-worker=262144"
    "memorysetup-temp-allocator-size-preload-manager=33554432"
    "memorysetup-temp-allocator-size-nav-mesh-worker=65536"
    "memorysetup-temp-allocator-size-audio-worker=65536"
    "memorysetup-temp-allocator-size-cloud-worker=32768"
    "memorysetup-temp-allocator-size-gi-baking-worker=262144"
    "memorysetup-temp-allocator-size-gfx=262144"
Player connection [18684]  Target information:

Player connection [18684]  * "[IP] 192.168.56.1 [Port] 0 [Flags] 2 [Guid] 3237346249 [EditorId] 3237346249 [Version] 1048832 [Id] WindowsEditor(7,DESKTOP-3TVAFJ7) [Debug] 1 [PackageName] WindowsEditor [ProjectName] Editor" 

Player connection [18684]  * "[IP] 26.26.26.1 [Port] 0 [Flags] 2 [Guid] 3237346249 [EditorId] 3237346249 [Version] 1048832 [Id] WindowsEditor(7,DESKTOP-3TVAFJ7) [Debug] 1 [PackageName] WindowsEditor [ProjectName] Editor" 

Player connection [18684]  * "[IP] 192.168.110.60 [Port] 0 [Flags] 2 [Guid] 3237346249 [EditorId] 3237346249 [Version] 1048832 [Id] WindowsEditor(7,DESKTOP-3TVAFJ7) [Debug] 1 [PackageName] WindowsEditor [ProjectName] Editor" 

Player connection [18684] Host joined multi-casting on [225.0.0.222:54997]...
Player connection [18684] Host joined alternative multi-casting on [225.0.0.222:34997]...
Input System module state changed to: Initialized.
[PhysX] Initialized MultithreadedTaskDispatcher with 12 workers.
Refreshing native plugins compatible for Editor in 9.73 ms, found 3 plugins.
Preloading 0 native plugins for Editor in 0.00 ms.
Initialize engine version: 2022.3.56f1 (dd0c98481d00)
[Subsystems] Discovering subsystems at path C:/Program Files/Unity/Hub/Editor/2022.3.56f1/Editor/Data/Resources/UnitySubsystems
[Subsystems] Discovering subsystems at path C:/Users/Uljana/Desktop/HECATE_project/I2GD_project_HECATE/Assets
GfxDevice: creating device client; threaded=0; jobified=0
Direct3D:
    Version:  Direct3D 11.0 [level 11.1]
    Renderer: Microsoft Basic Render Driver (ID=0x8c)
    Vendor:   Microsoft
    VRAM:     2998 MB
Initialize mono
Mono path[0] = 'C:/Program Files/Unity/Hub/Editor/2022.3.56f1/Editor/Data/Managed'
Mono path[1] = 'C:/Program Files/Unity/Hub/Editor/2022.3.56f1/Editor/Data/MonoBleedingEdge/lib/mono/unityjit-win32'
Mono config path = 'C:/Program Files/Unity/Hub/Editor/2022.3.56f1/Editor/Data/MonoBleedingEdge/etc'
Using monoOptions --debugger-agent=transport=dt_socket,embedding=1,server=y,suspend=n,address=127.0.0.1:56660
Begin MonoManager ReloadAssembly
Registering precompiled unity dll's ...
Register platform support module: C:/Program Files/Unity/Hub/Editor/2022.3.56f1/Editor/Data/PlaybackEngines/WindowsStandaloneSupport/UnityEditor.WindowsStandalone.Extensions.dll
Registered in 0.023187 seconds.
- Loaded All Assemblies, in  1.529 seconds
Native extension for WindowsStandalone target not found
Mono: successfully reloaded assembly
- Finished resetting the current domain, in  0.967 seconds
Domain Reload Profiling: 2509ms
	BeginReloadAssembly (476ms)
		ExecutionOrderSort (0ms)
		DisableScriptedObjects (0ms)
		BackupInstance (0ms)
		ReleaseScriptingObjects (0ms)
		CreateAndSetChildDomain (1ms)
	RebuildCommonClasses (129ms)
	RebuildNativeTypeToScriptingClass (57ms)
	initialDomainReloadingComplete (240ms)
	LoadAllAssembliesAndSetupDomain (635ms)
		LoadAssemblies (444ms)
		RebuildTransferFunctionScriptingTraits (0ms)
		AnalyzeDomain (618ms)
			TypeCache.Refresh (615ms)
				TypeCache.ScanAssembly (539ms)
			ScanForSourceGeneratedMonoScriptInfo (1ms)
			ResolveRequiredComponents (1ms)
	FinalizeReload (972ms)
		ReleaseScriptCaches (0ms)
		RebuildScriptCaches (0ms)
		SetupLoadedEditorAssemblies (774ms)
			LogAssemblyErrors (0ms)
			InitializePlatformSupportModulesInManaged (34ms)
			SetLoadedEditorAssemblies (24ms)
			RefreshPlugins (0ms)
			BeforeProcessingInitializeOnLoad (6ms)
			ProcessInitializeOnLoadAttributes (546ms)
			ProcessInitializeOnLoadMethodAttributes (163ms)
			AfterProcessingInitializeOnLoad (0ms)
			EditorAssembliesLoaded (0ms)
		ExecutionOrderSort2 (0ms)
		AwakeInstancesAfterBackupRestoration (0ms)
========================================================================
Worker process is ready to serve import requests
Caller must complete domain reload
Begin MonoManager ReloadAssembly
- Loaded All Assemblies, in  2.998 seconds
Native extension for WindowsStandalone target not found
Mono: successfully reloaded assembly
- Finished resetting the current domain, in  2.829 seconds
Domain Reload Profiling: 5826ms
	BeginReloadAssembly (738ms)
		ExecutionOrderSort (0ms)
		DisableScriptedObjects (34ms)
		BackupInstance (0ms)
		ReleaseScriptingObjects (0ms)
		CreateAndSetChildDomain (102ms)
	RebuildCommonClasses (240ms)
	RebuildNativeTypeToScriptingClass (26ms)
	initialDomainReloadingComplete (141ms)
	LoadAllAssembliesAndSetupDomain (1850ms)
		LoadAssemblies (1642ms)
		RebuildTransferFunctionScriptingTraits (0ms)
		AnalyzeDomain (651ms)
			TypeCache.Refresh (552ms)
				TypeCache.ScanAssembly (529ms)
			ScanForSourceGeneratedMonoScriptInfo (60ms)
			ResolveRequiredComponents (32ms)
	FinalizeReload (2830ms)
		ReleaseScriptCaches (0ms)
		RebuildScriptCaches (0ms)
		SetupLoadedEditorAssemblies (2219ms)
			LogAssemblyErrors (0ms)
			InitializePlatformSupportModulesInManaged (9ms)
			SetLoadedEditorAssemblies (6ms)
			RefreshPlugins (0ms)
			BeforeProcessingInitializeOnLoad (239ms)
			ProcessInitializeOnLoadAttributes (1896ms)
			ProcessInitializeOnLoadMethodAttributes (61ms)
			AfterProcessingInitializeOnLoad (8ms)
			EditorAssembliesLoaded (0ms)
		ExecutionOrderSort2 (0ms)
		AwakeInstancesAfterBackupRestoration (24ms)
Launched and connected shader compiler UnityShaderCompiler.exe after 0.18 seconds
Refreshing native plugins compatible for Editor in 3.85 ms, found 3 plugins.
Preloading 0 native plugins for Editor in 0.00 ms.
Unloading 3280 Unused Serialized files (Serialized files now loaded: 0)
Unloading 19 unused Assets / (56.7 KB). Loaded Objects now: 3783.
Memory consumption went from 236.2 MB to 236.1 MB.
Total: 8.927200 ms (FindLiveObjects: 0.956000 ms CreateObjectMapping: 0.534000 ms MarkObjects: 7.071800 ms  DeleteObjects: 0.359600 ms)

AssetImportParameters requested are different than current active one (requested -> active):
  custom:container-demuxer-ogg: 62fdf1f143b41e24485cea50d1cbac27 -> 
  custom:video-decoder-ogg-theora: a1e56fd34408186e4bbccfd4996cb3dc -> 
  custom:framework-win-MediaFoundation: 216162199b28c13a410421893ffa2e32 -> 
  custom:CustomObjectIndexerAttribute: 9a22284fe3817be447336de3de66b15e -> 
  custom:container-demuxer-webm: 4f35f7cbe854078d1ac9338744f61a02 -> 
  custom:container-muxer-webm: aa71ff27fc2769a1b78a27578f13a17b -> 
  custom:video-decoder-webm-vp8: 9c59270c3fd7afecdb556c50c9e8de78 -> 
  custom:SearchIndexIgnoredProperties: e643bd26f0fe6173181afceb89e7c659 -> 
  custom:AudioImporter_EditorPlatform: d09bf68614088b80899f8185d706f6e7 -> 
  custom:video-encoder-webm-vp8: eb34c28f22e8b96e1ab97ce403110664 -> 
  custom:audio-decoder-ogg-vorbis: bf7c407c2cedff20999df2af8eb42d56 -> 
  custom:audio-encoder-webm-vorbis: bf7c407c2cedff20999df2af8eb42d56 -> 
========================================================================
Received Import Request.
  Time since last request: 20580.815845 seconds.
  path: Assets/Packages/PolygonFantasyHeroCharacters/Prefabs/Characters_ModularParts_Static/Chr_ArmUpperLeft_Male_09_Static.prefab
  artifactKey: Guid(bb1a261c17302244f824f1770b99e51f) Importer(815301076,1909f56bfc062723c751e8b465ee728b)
Start importing Assets/Packages/PolygonFantasyHeroCharacters/Prefabs/Characters_ModularParts_Static/Chr_ArmUpperLeft_Male_09_Static.prefab using Guid(bb1a261c17302244f824f1770b99e51f) Importer(815301076,1909f56bfc062723c751e8b465ee728b) [PhysX] Initialized MultithreadedTaskDispatcher with 12 workers.
[PhysX] Initialized MultithreadedTaskDispatcher with 12 workers.
 -> (artifact id: 'b26646553d83f03bfcf4bb693ffabb51') in 0.909369 seconds
Number of updated asset objects reloaded before import = 0
Number of asset objects unloaded after import = 27
========================================================================
Received Import Request.
  Time since last request: 0.000191 seconds.
  path: Assets/Packages/PolygonFantasyHeroCharacters/Prefabs/Characters_ModularParts_Static/Chr_ArmLowerLeft_Male_05_Static.prefab
  artifactKey: Guid(a1504279b5153c847a62629bca19dd8a) Importer(815301076,1909f56bfc062723c751e8b465ee728b)
Start importing Assets/Packages/PolygonFantasyHeroCharacters/Prefabs/Characters_ModularParts_Static/Chr_ArmLowerLeft_Male_05_Static.prefab using Guid(a1504279b5153c847a62629bca19dd8a) Importer(815301076,1909f56bfc062723c751e8b465ee728b) [PhysX] Initialized MultithreadedTaskDispatcher with 12 workers.
[PhysX] Initialized MultithreadedTaskDispatcher with 12 workers.
 -> (artifact id: '8ab2e00e49ccb25e75c368a0207ea9af') in 0.278164 seconds
Number of updated asset objects reloaded before import = 0
Number of asset objects unloaded after import = 27
========================================================================
Received Import Request.
  Time since last request: 0.000696 seconds.
  path: Assets/Packages/PolygonFantasyHeroCharacters/Prefabs/Characters_ModularParts_Static/Chr_ArmUpperLeft_Female_00_Static.prefab
  artifactKey: Guid(157f03aaf3f0b26419d1f33923812d20) Importer(815301076,1909f56bfc062723c751e8b465ee728b)
Start importing Assets/Packages/PolygonFantasyHeroCharacters/Prefabs/Characters_ModularParts_Static/Chr_ArmUpperLeft_Female_00_Static.prefab using Guid(157f03aaf3f0b26419d1f33923812d20) Importer(815301076,1909f56bfc062723c751e8b465ee728b) [PhysX] Initialized MultithreadedTaskDispatcher with 12 workers.
[PhysX] Initialized MultithreadedTaskDispatcher with 12 workers.
 -> (artifact id: '41007207c8522470732814f9acf807f3') in 0.188043 seconds
Number of updated asset objects reloaded before import = 0
Number of asset objects unloaded after import = 27
========================================================================
Received Import Request.
  Time since last request: 0.000042 seconds.
  path: Assets/Packages/PolygonFantasyHeroCharacters/Prefabs/Characters_ModularParts_Static/Chr_ArmUpperLeft_Female_04_Static.prefab
  artifactKey: Guid(5c708db100ad82c40a2fb27c3091778a) Importer(815301076,1909f56bfc062723c751e8b465ee728b)
Start importing Assets/Packages/PolygonFantasyHeroCharacters/Prefabs/Characters_ModularParts_Static/Chr_ArmUpperLeft_Female_04_Static.prefab using Guid(5c708db100ad82c40a2fb27c3091778a) Importer(815301076,1909f56bfc062723c751e8b465ee728b) [PhysX] Initialized MultithreadedTaskDispatcher with 12 workers.
[PhysX] Initialized MultithreadedTaskDispatcher with 12 workers.
 -> (artifact id: '806466d2e5c9ecda35363eae8d60ec2a') in 0.176320 seconds
Number of updated asset objects reloaded before import = 0
Number of asset objects unloaded after import = 27
========================================================================
Received Import Request.
  Time since last request: 0.000067 seconds.
  path: Assets/Packages/PolygonFantasyHeroCharacters/Prefabs/Characters_ModularParts_Static/Chr_ArmUpperLeft_Male_06_Static.prefab
  artifactKey: Guid(64564068e1cc94948aae017452fa2e85) Importer(815301076,1909f56bfc062723c751e8b465ee728b)
Start importing Assets/Packages/PolygonFantasyHeroCharacters/Prefabs/Characters_ModularParts_Static/Chr_ArmUpperLeft_Male_06_Static.prefab using Guid(64564068e1cc94948aae017452fa2e85) Importer(815301076,1909f56bfc062723c751e8b465ee728b) [PhysX] Initialized MultithreadedTaskDispatcher with 12 workers.
[PhysX] Initialized MultithreadedTaskDispatcher with 12 workers.
 -> (artifact id: 'b5d978d6834890d5e8458dfe494debdc') in 0.117510 seconds
Number of updated asset objects reloaded before import = 0
Number of asset objects unloaded after import = 27
========================================================================
Received Import Request.
  Time since last request: 0.000091 seconds.
  path: Assets/Packages/PolygonFantasyHeroCharacters/Prefabs/Characters_ModularParts_Static/Chr_ArmLowerRight_Male_09_Static.prefab
  artifactKey: Guid(8cc913f3e0f88244295b4f54b1336fa1) Importer(815301076,1909f56bfc062723c751e8b465ee728b)
Start importing Assets/Packages/PolygonFantasyHeroCharacters/Prefabs/Characters_ModularParts_Static/Chr_ArmLowerRight_Male_09_Static.prefab using Guid(8cc913f3e0f88244295b4f54b1336fa1) Importer(815301076,1909f56bfc062723c751e8b465ee728b) [PhysX] Initialized MultithreadedTaskDispatcher with 12 workers.
[PhysX] Initialized MultithreadedTaskDispatcher with 12 workers.
 -> (artifact id: '4bb7b262e912d78aaba70e1a6c68ff78') in 0.161526 seconds
Number of updated asset objects reloaded before import = 0
Number of asset objects unloaded after import = 27
========================================================================
Received Import Request.
  Time since last request: 0.000032 seconds.
  path: Assets/Packages/PolygonFantasyHeroCharacters/Prefabs/Characters_ModularParts_Static/Chr_ArmUpperLeft_Female_20_Static.prefab
  artifactKey: Guid(22f6b420c4feff243b8064f37af7b4cc) Importer(815301076,1909f56bfc062723c751e8b465ee728b)
Start importing Assets/Packages/PolygonFantasyHeroCharacters/Prefabs/Characters_ModularParts_Static/Chr_ArmUpperLeft_Female_20_Static.prefab using Guid(22f6b420c4feff243b8064f37af7b4cc) Importer(815301076,1909f56bfc062723c751e8b465ee728b) [PhysX] Initialized MultithreadedTaskDispatcher with 12 workers.
[PhysX] Initialized MultithreadedTaskDispatcher with 12 workers.
 -> (artifact id: 'de2e192217ce7e25561e0a97a505f1aa') in 0.264146 seconds
Number of updated asset objects reloaded before import = 0
Number of asset objects unloaded after import = 27
========================================================================
Received Import Request.
  Time since last request: 0.000087 seconds.
  path: Assets/Packages/PolygonFantasyHeroCharacters/Prefabs/Characters_ModularParts_Static/Chr_ArmUpperLeft_Male_04_Static.prefab
  artifactKey: Guid(2116e2f2395226b478ed5d3025d2fa7f) Importer(815301076,1909f56bfc062723c751e8b465ee728b)
Start importing Assets/Packages/PolygonFantasyHeroCharacters/Prefabs/Characters_ModularParts_Static/Chr_ArmUpperLeft_Male_04_Static.prefab using Guid(2116e2f2395226b478ed5d3025d2fa7f) Importer(815301076,1909f56bfc062723c751e8b465ee728b) [PhysX] Initialized MultithreadedTaskDispatcher with 12 workers.
[PhysX] Initialized MultithreadedTaskDispatcher with 12 workers.
 -> (artifact id: 'b032161963ec8ced42a06d54d836bdb4') in 0.187067 seconds
Number of updated asset objects reloaded before import = 0
Number of asset objects unloaded after import = 27
========================================================================
Received Import Request.
  Time since last request: 0.000054 seconds.
  path: Assets/Packages/PolygonFantasyHeroCharacters/Prefabs/Characters_ModularParts_Static/Chr_ArmUpperRight_Female_02_Static.prefab
  artifactKey: Guid(2e0eef248237ddc49bf7a79324adc7d7) Importer(815301076,1909f56bfc062723c751e8b465ee728b)
Start importing Assets/Packages/PolygonFantasyHeroCharacters/Prefabs/Characters_ModularParts_Static/Chr_ArmUpperRight_Female_02_Static.prefab using Guid(2e0eef248237ddc49bf7a79324adc7d7) Importer(815301076,1909f56bfc062723c751e8b465ee728b) [PhysX] Initialized MultithreadedTaskDispatcher with 12 workers.
[PhysX] Initialized MultithreadedTaskDispatcher with 12 workers.
 -> (artifact id: '5ce3e6591308897d277cc01b07807ba4') in 0.208492 seconds
Number of updated asset objects reloaded before import = 0
Number of asset objects unloaded after import = 27
========================================================================
Received Import Request.
  Time since last request: 0.000071 seconds.
  path: Assets/Packages/PolygonFantasyHeroCharacters/Prefabs/Characters_ModularParts_Static/Chr_ArmUpperLeft_Female_16_Static.prefab
  artifactKey: Guid(256f744345a6c6f4999e8bc9b4c18527) Importer(815301076,1909f56bfc062723c751e8b465ee728b)
Start importing Assets/Packages/PolygonFantasyHeroCharacters/Prefabs/Characters_ModularParts_Static/Chr_ArmUpperLeft_Female_16_Static.prefab using Guid(256f744345a6c6f4999e8bc9b4c18527) Importer(815301076,1909f56bfc062723c751e8b465ee728b) [PhysX] Initialized MultithreadedTaskDispatcher with 12 workers.
[PhysX] Initialized MultithreadedTaskDispatcher with 12 workers.
 -> (artifact id: '89fdbf1dcc2362edf07da0fd5eb5ada4') in 0.171194 seconds
Number of updated asset objects reloaded before import = 0
Number of asset objects unloaded after import = 27
========================================================================
Received Import Request.
  Time since last request: 0.000131 seconds.
  path: Assets/Packages/PolygonFantasyHeroCharacters/Prefabs/Characters_ModularParts_Static/Chr_ArmUpperLeft_Male_08_Static.prefab
  artifactKey: Guid(4e768fbcc44d82f41b876e97ee80377a) Importer(815301076,1909f56bfc062723c751e8b465ee728b)
Start importing Assets/Packages/PolygonFantasyHeroCharacters/Prefabs/Characters_ModularParts_Static/Chr_ArmUpperLeft_Male_08_Static.prefab using Guid(4e768fbcc44d82f41b876e97ee80377a) Importer(815301076,1909f56bfc062723c751e8b465ee728b) [PhysX] Initialized MultithreadedTaskDispatcher with 12 workers.
[PhysX] Initialized MultithreadedTaskDispatcher with 12 workers.
 -> (artifact id: 'e276d28585abfa050449230d77e1e1e0') in 0.248688 seconds
Number of updated asset objects reloaded before import = 0
Number of asset objects unloaded after import = 27
========================================================================
Received Import Request.
  Time since last request: 0.000057 seconds.
  path: Assets/Packages/PolygonFantasyHeroCharacters/Prefabs/Characters_ModularParts_Static/Chr_ArmUpperRight_Female_01_Static.prefab
  artifactKey: Guid(d30d644b6876548459bbc1c820ef7dd2) Importer(815301076,1909f56bfc062723c751e8b465ee728b)
Start importing Assets/Packages/PolygonFantasyHeroCharacters/Prefabs/Characters_ModularParts_Static/Chr_ArmUpperRight_Female_01_Static.prefab using Guid(d30d644b6876548459bbc1c820ef7dd2) Importer(815301076,1909f56bfc062723c751e8b465ee728b) [PhysX] Initialized MultithreadedTaskDispatcher with 12 workers.
[PhysX] Initialized MultithreadedTaskDispatcher with 12 workers.
 -> (artifact id: 'ad4cfe74bf626f0979a2538e0f781f56') in 0.178686 seconds
Number of updated asset objects reloaded before import = 0
Number of asset objects unloaded after import = 27
========================================================================
Received Import Request.
  Time since last request: 0.000092 seconds.
  path: Assets/Packages/PolygonFantasyHeroCharacters/Prefabs/Characters_ModularParts_Static/Chr_ArmLowerLeft_Male_10_Static.prefab
  artifactKey: Guid(02819a5922cb83242af19c3567a4ab00) Importer(815301076,1909f56bfc062723c751e8b465ee728b)
Start importing Assets/Packages/PolygonFantasyHeroCharacters/Prefabs/Characters_ModularParts_Static/Chr_ArmLowerLeft_Male_10_Static.prefab using Guid(02819a5922cb83242af19c3567a4ab00) Importer(815301076,1909f56bfc062723c751e8b465ee728b) [PhysX] Initialized MultithreadedTaskDispatcher with 12 workers.
[PhysX] Initialized MultithreadedTaskDispatcher with 12 workers.
 -> (artifact id: '3870f691f7531467a7041e16468509c5') in 0.280036 seconds
Number of updated asset objects reloaded before import = 0
Number of asset objects unloaded after import = 27
========================================================================
Received Import Request.
  Time since last request: 0.000052 seconds.
  path: Assets/Packages/PolygonFantasyHeroCharacters/Prefabs/Characters_ModularParts_Static/Chr_ArmUpperLeft_Female_07_Static.prefab
  artifactKey: Guid(b8c40f12600be8d4fa8dbbcd900863c9) Importer(815301076,1909f56bfc062723c751e8b465ee728b)
Start importing Assets/Packages/PolygonFantasyHeroCharacters/Prefabs/Characters_ModularParts_Static/Chr_ArmUpperLeft_Female_07_Static.prefab using Guid(b8c40f12600be8d4fa8dbbcd900863c9) Importer(815301076,1909f56bfc062723c751e8b465ee728b) [PhysX] Initialized MultithreadedTaskDispatcher with 12 workers.
[PhysX] Initialized MultithreadedTaskDispatcher with 12 workers.
 -> (artifact id: 'dd615e180c4bedc7292d7706cdb01014') in 0.241765 seconds
Number of updated asset objects reloaded before import = 0
Number of asset objects unloaded after import = 27
========================================================================
Received Import Request.
  Time since last request: 0.000066 seconds.
  path: Assets/Packages/PolygonFantasyHeroCharacters/Prefabs/Characters_ModularParts_Static/Chr_ArmUpperRight_Female_16_Static.prefab
  artifactKey: Guid(210ac01be7ef49943930e759ad14a2f3) Importer(815301076,1909f56bfc062723c751e8b465ee728b)
Start importing Assets/Packages/PolygonFantasyHeroCharacters/Prefabs/Characters_ModularParts_Static/Chr_ArmUpperRight_Female_16_Static.prefab using Guid(210ac01be7ef49943930e759ad14a2f3) Importer(815301076,1909f56bfc062723c751e8b465ee728b) [PhysX] Initialized MultithreadedTaskDispatcher with 12 workers.
[PhysX] Initialized MultithreadedTaskDispatcher with 12 workers.
 -> (artifact id: '24c001af480de5dcb9110850e6d4c983') in 0.242852 seconds
Number of updated asset objects reloaded before import = 0
Number of asset objects unloaded after import = 27
========================================================================
Received Import Request.
  Time since last request: 0.000959 seconds.
  path: Assets/Packages/PolygonFantasyHeroCharacters/Prefabs/Characters_ModularParts_Static/Chr_ArmUpperLeft_Female_08_Static.prefab
  artifactKey: Guid(855d125890be0b54296c9ef35249d423) Importer(815301076,1909f56bfc062723c751e8b465ee728b)
Start importing Assets/Packages/PolygonFantasyHeroCharacters/Prefabs/Characters_ModularParts_Static/Chr_ArmUpperLeft_Female_08_Static.prefab using Guid(855d125890be0b54296c9ef35249d423) Importer(815301076,1909f56bfc062723c751e8b465ee728b) [PhysX] Initialized MultithreadedTaskDispatcher with 12 workers.
[PhysX] Initialized MultithreadedTaskDispatcher with 12 workers.
 -> (artifact id: 'ee3a02ae2c2c4cb49769f79860b4966d') in 0.162746 seconds
Number of updated asset objects reloaded before import = 0
Number of asset objects unloaded after import = 27
========================================================================
Received Import Request.
  Time since last request: 0.001843 seconds.
  path: Assets/Packages/PolygonFantasyHeroCharacters/Prefabs/Characters_ModularParts_Static/Chr_ArmLowerLeft_Male_15_Static.prefab
  artifactKey: Guid(f623b7ff3183e06409039da2523a5888) Importer(815301076,1909f56bfc062723c751e8b465ee728b)
Start importing Assets/Packages/PolygonFantasyHeroCharacters/Prefabs/Characters_ModularParts_Static/Chr_ArmLowerLeft_Male_15_Static.prefab using Guid(f623b7ff3183e06409039da2523a5888) Importer(815301076,1909f56bfc062723c751e8b465ee728b) [PhysX] Initialized MultithreadedTaskDispatcher with 12 workers.
[PhysX] Initialized MultithreadedTaskDispatcher with 12 workers.
 -> (artifact id: 'b6b8e4032a290289b48c359edcfcb226') in 0.261068 seconds
Number of updated asset objects reloaded before import = 0
Number of asset objects unloaded after import = 27
========================================================================
Received Import Request.
  Time since last request: 0.003071 seconds.
  path: Assets/Packages/PolygonFantasyHeroCharacters/Prefabs/Characters_ModularParts_Static/Chr_ArmUpperLeft_Male_01_Static.prefab
  artifactKey: Guid(431ba49cd3e30604e8c0166879cd05e1) Importer(815301076,1909f56bfc062723c751e8b465ee728b)
Start importing Assets/Packages/PolygonFantasyHeroCharacters/Prefabs/Characters_ModularParts_Static/Chr_ArmUpperLeft_Male_01_Static.prefab using Guid(431ba49cd3e30604e8c0166879cd05e1) Importer(815301076,1909f56bfc062723c751e8b465ee728b) [PhysX] Initialized MultithreadedTaskDispatcher with 12 workers.
[PhysX] Initialized MultithreadedTaskDispatcher with 12 workers.
 -> (artifact id: '8c46267b7c893d2586a0939f8b143bf0') in 0.154060 seconds
Number of updated asset objects reloaded before import = 0
Number of asset objects unloaded after import = 27
========================================================================
Received Import Request.
  Time since last request: 0.000028 seconds.
  path: Assets/Packages/PolygonFantasyHeroCharacters/Prefabs/Characters_ModularParts_Static/Chr_ArmLowerRight_Female_17_Static.prefab
  artifactKey: Guid(112fadfe625fffe4791b361c50f543cf) Importer(815301076,1909f56bfc062723c751e8b465ee728b)
Start importing Assets/Packages/PolygonFantasyHeroCharacters/Prefabs/Characters_ModularParts_Static/Chr_ArmLowerRight_Female_17_Static.prefab using Guid(112fadfe625fffe4791b361c50f543cf) Importer(815301076,1909f56bfc062723c751e8b465ee728b) [PhysX] Initialized MultithreadedTaskDispatcher with 12 workers.
[PhysX] Initialized MultithreadedTaskDispatcher with 12 workers.
 -> (artifact id: 'd1732671a0773f660db6b856082b5c52') in 0.173965 seconds
Number of updated asset objects reloaded before import = 0
Number of asset objects unloaded after import = 27
========================================================================
Received Import Request.
  Time since last request: 0.000029 seconds.
  path: Assets/Packages/PolygonFantasyHeroCharacters/Prefabs/Characters_ModularParts_Static/Chr_ArmLowerRight_Male_06_Static.prefab
  artifactKey: Guid(343043d179e89494ab90bb3a43689f6a) Importer(815301076,1909f56bfc062723c751e8b465ee728b)
Start importing Assets/Packages/PolygonFantasyHeroCharacters/Prefabs/Characters_ModularParts_Static/Chr_ArmLowerRight_Male_06_Static.prefab using Guid(343043d179e89494ab90bb3a43689f6a) Importer(815301076,1909f56bfc062723c751e8b465ee728b) [PhysX] Initialized MultithreadedTaskDispatcher with 12 workers.
[PhysX] Initialized MultithreadedTaskDispatcher with 12 workers.
 -> (artifact id: '7e58643f4300b59b60519c2190033cae') in 0.262222 seconds
Number of updated asset objects reloaded before import = 0
Number of asset objects unloaded after import = 27
========================================================================
Received Import Request.
  Time since last request: 0.000055 seconds.
  path: Assets/Packages/PolygonFantasyHeroCharacters/Prefabs/Characters_ModularParts_Static/Chr_ArmLowerRight_Female_03_Static.prefab
  artifactKey: Guid(9115e81122a340a4e8d5f2746306c169) Importer(815301076,1909f56bfc062723c751e8b465ee728b)
Start importing Assets/Packages/PolygonFantasyHeroCharacters/Prefabs/Characters_ModularParts_Static/Chr_ArmLowerRight_Female_03_Static.prefab using Guid(9115e81122a340a4e8d5f2746306c169) Importer(815301076,1909f56bfc062723c751e8b465ee728b) [PhysX] Initialized MultithreadedTaskDispatcher with 12 workers.
[PhysX] Initialized MultithreadedTaskDispatcher with 12 workers.
 -> (artifact id: '46cf29c95e424901f48aeddc0646d1ff') in 0.166668 seconds
Number of updated asset objects reloaded before import = 0
Number of asset objects unloaded after import = 27
========================================================================
Received Import Request.
  Time since last request: 0.000022 seconds.
  path: Assets/Packages/PolygonFantasyHeroCharacters/Prefabs/Characters_ModularParts_Static/Chr_ArmUpperRight_Female_12_Static.prefab
  artifactKey: Guid(0ed56ec8a07dadd40818f89b1fab3cce) Importer(815301076,1909f56bfc062723c751e8b465ee728b)
Start importing Assets/Packages/PolygonFantasyHeroCharacters/Prefabs/Characters_ModularParts_Static/Chr_ArmUpperRight_Female_12_Static.prefab using Guid(0ed56ec8a07dadd40818f89b1fab3cce) Importer(815301076,1909f56bfc062723c751e8b465ee728b) [PhysX] Initialized MultithreadedTaskDispatcher with 12 workers.
[PhysX] Initialized MultithreadedTaskDispatcher with 12 workers.
 -> (artifact id: 'ffde3da6b6bf5d5cbd2493ba27a0aa73') in 0.159279 seconds
Number of updated asset objects reloaded before import = 0
Number of asset objects unloaded after import = 27
========================================================================
Received Import Request.
  Time since last request: 0.000094 seconds.
  path: Assets/Packages/PolygonFantasyHeroCharacters/Prefabs/Characters_ModularParts_Static/Chr_ArmLowerLeft_Female_18_Static.prefab
  artifactKey: Guid(9276b01b868dc3f44bf285d8d8846dab) Importer(815301076,1909f56bfc062723c751e8b465ee728b)
Start importing Assets/Packages/PolygonFantasyHeroCharacters/Prefabs/Characters_ModularParts_Static/Chr_ArmLowerLeft_Female_18_Static.prefab using Guid(9276b01b868dc3f44bf285d8d8846dab) Importer(815301076,1909f56bfc062723c751e8b465ee728b) [PhysX] Initialized MultithreadedTaskDispatcher with 12 workers.
[PhysX] Initialized MultithreadedTaskDispatcher with 12 workers.
 -> (artifact id: 'd9f21d43e45865cbfd5dd692b69d9dcb') in 0.248958 seconds
Number of updated asset objects reloaded before import = 0
Number of asset objects unloaded after import = 27
========================================================================
Received Import Request.
  Time since last request: 0.001901 seconds.
  path: Assets/Packages/PolygonFantasyHeroCharacters/Prefabs/Characters_ModularParts_Static/Chr_ArmLowerRight_Female_08_Static.prefab
  artifactKey: Guid(55bf608e2c9454341a2e65902e9ad3db) Importer(815301076,1909f56bfc062723c751e8b465ee728b)
Start importing Assets/Packages/PolygonFantasyHeroCharacters/Prefabs/Characters_ModularParts_Static/Chr_ArmLowerRight_Female_08_Static.prefab using Guid(55bf608e2c9454341a2e65902e9ad3db) Importer(815301076,1909f56bfc062723c751e8b465ee728b) [PhysX] Initialized MultithreadedTaskDispatcher with 12 workers.
[PhysX] Initialized MultithreadedTaskDispatcher with 12 workers.
 -> (artifact id: '7d674f8c707ea37ec61bd212d74f1a79') in 0.208530 seconds
Number of updated asset objects reloaded before import = 0
Number of asset objects unloaded after import = 27
========================================================================
Received Import Request.
  Time since last request: 0.007802 seconds.
  path: Assets/Packages/PolygonFantasyHeroCharacters/Prefabs/Characters_ModularParts_Static/Chr_ArmUpperRight_Female_08_Static.prefab
  artifactKey: Guid(9d2001b5e3e61e147b48f5c7a78c297d) Importer(815301076,1909f56bfc062723c751e8b465ee728b)
Start importing Assets/Packages/PolygonFantasyHeroCharacters/Prefabs/Characters_ModularParts_Static/Chr_ArmUpperRight_Female_08_Static.prefab using Guid(9d2001b5e3e61e147b48f5c7a78c297d) Importer(815301076,1909f56bfc062723c751e8b465ee728b) [PhysX] Initialized MultithreadedTaskDispatcher with 12 workers.
[PhysX] Initialized MultithreadedTaskDispatcher with 12 workers.
 -> (artifact id: 'cb32ae40b1bf68578ecaa88092fcb131') in 0.247316 seconds
Number of updated asset objects reloaded before import = 0
Number of asset objects unloaded after import = 27
