Using pre-set license
Built from '2022.3/staging' branch; Version is '2022.3.56f1 (dd0c98481d00) revision 14486680'; Using compiler version '192829333'; Build Type 'Release'
OS: 'Windows 10  (10.0.19045) 64bit Core' Language: 'ru' Physical Memory: 16085 MB
BatchMode: 1, IsHumanControllingUs: 0, StartBugReporterOnCrash: 0, Is64bit: 1, IsPro: 1

COMMAND LINE ARGUMENTS:
C:\Program Files\Unity\Hub\Editor\2022.3.56f1\Editor\Unity.exe
-adb2
-batchMode
-noUpm
-name
AssetImportWorker3
-projectPath
C:/Users/MSI/Desktop/GD/I2GD/project
-logFile
Logs/AssetImportWorker3.log
-srvPort
55079
Successfully changed project path to: C:/Users/MSI/Desktop/GD/I2GD/project
C:/Users/MSI/Desktop/GD/I2GD/project
[UnityMemory] Configuration Parameters - Can be set up in boot.config
    "memorysetup-bucket-allocator-granularity=16"
    "memorysetup-bucket-allocator-bucket-count=8"
    "memorysetup-bucket-allocator-block-size=33554432"
    "memorysetup-bucket-allocator-block-count=8"
    "memorysetup-main-allocator-block-size=16777216"
    "memorysetup-thread-allocator-block-size=16777216"
    "memorysetup-gfx-main-allocator-block-size=16777216"
    "memorysetup-gfx-thread-allocator-block-size=16777216"
    "memorysetup-cache-allocator-block-size=4194304"
    "memorysetup-typetree-allocator-block-size=2097152"
    "memorysetup-profiler-bucket-allocator-granularity=16"
    "memorysetup-profiler-bucket-allocator-bucket-count=8"
    "memorysetup-profiler-bucket-allocator-block-size=33554432"
    "memorysetup-profiler-bucket-allocator-block-count=8"
    "memorysetup-profiler-allocator-block-size=16777216"
    "memorysetup-profiler-editor-allocator-block-size=1048576"
    "memorysetup-temp-allocator-size-main=16777216"
    "memorysetup-job-temp-allocator-block-size=2097152"
    "memorysetup-job-temp-allocator-block-size-background=1048576"
    "memorysetup-job-temp-allocator-reduction-small-platforms=262144"
    "memorysetup-allocator-temp-initial-block-size-main=262144"
    "memorysetup-allocator-temp-initial-block-size-worker=262144"
    "memorysetup-temp-allocator-size-background-worker=32768"
    "memorysetup-temp-allocator-size-job-worker=262144"
    "memorysetup-temp-allocator-size-preload-manager=33554432"
    "memorysetup-temp-allocator-size-nav-mesh-worker=65536"
    "memorysetup-temp-allocator-size-audio-worker=65536"
    "memorysetup-temp-allocator-size-cloud-worker=32768"
    "memorysetup-temp-allocator-size-gi-baking-worker=262144"
    "memorysetup-temp-allocator-size-gfx=262144"
Player connection [16776]  Target information:

Player connection [16776]  * "[IP] 26.248.205.32 [Port] 0 [Flags] 2 [Guid] 3991464181 [EditorId] 3991464181 [Version] 1048832 [Id] WindowsEditor(7,DESKTOP-C3SGS2H) [Debug] 1 [PackageName] WindowsEditor [ProjectName] Editor" 

Player connection [16776]  * "[IP] 169.254.222.100 [Port] 0 [Flags] 2 [Guid] 3991464181 [EditorId] 3991464181 [Version] 1048832 [Id] WindowsEditor(7,DESKTOP-C3SGS2H) [Debug] 1 [PackageName] WindowsEditor [ProjectName] Editor" 

Player connection [16776]  * "[IP] 10.2.0.2 [Port] 0 [Flags] 2 [Guid] 3991464181 [EditorId] 3991464181 [Version] 1048832 [Id] WindowsEditor(7,DESKTOP-C3SGS2H) [Debug] 1 [PackageName] WindowsEditor [ProjectName] Editor" 

Player connection [16776]  * "[IP] 10.91.49.65 [Port] 0 [Flags] 2 [Guid] 3991464181 [EditorId] 3991464181 [Version] 1048832 [Id] WindowsEditor(7,DESKTOP-C3SGS2H) [Debug] 1 [PackageName] WindowsEditor [ProjectName] Editor" 

Player connection [16776] Host joined multi-casting on [225.0.0.222:54997]...
Player connection [16776] Host joined alternative multi-casting on [225.0.0.222:34997]...
Input System module state changed to: Initialized.
[PhysX] Initialized MultithreadedTaskDispatcher with 12 workers.
Refreshing native plugins compatible for Editor in 8.39 ms, found 3 plugins.
Preloading 0 native plugins for Editor in 0.00 ms.
Initialize engine version: 2022.3.56f1 (dd0c98481d00)
[Subsystems] Discovering subsystems at path C:/Program Files/Unity/Hub/Editor/2022.3.56f1/Editor/Data/Resources/UnitySubsystems
[Subsystems] Discovering subsystems at path C:/Users/MSI/Desktop/GD/I2GD/project/Assets
GfxDevice: creating device client; threaded=0; jobified=0
Direct3D:
    Version:  Direct3D 11.0 [level 11.1]
    Renderer: NVIDIA GeForce RTX 3050 Ti Laptop GPU (ID=0x25a0)
    Vendor:   NVIDIA
    VRAM:     3965 MB
    Driver:   32.0.15.7283
Initialize mono
Mono path[0] = 'C:/Program Files/Unity/Hub/Editor/2022.3.56f1/Editor/Data/Managed'
Mono path[1] = 'C:/Program Files/Unity/Hub/Editor/2022.3.56f1/Editor/Data/MonoBleedingEdge/lib/mono/unityjit-win32'
Mono config path = 'C:/Program Files/Unity/Hub/Editor/2022.3.56f1/Editor/Data/MonoBleedingEdge/etc'
Using monoOptions --debugger-agent=transport=dt_socket,embedding=1,server=y,suspend=n,address=127.0.0.1:56368
Begin MonoManager ReloadAssembly
Registering precompiled unity dll's ...
Register platform support module: C:/Program Files/Unity/Hub/Editor/2022.3.56f1/Editor/Data/PlaybackEngines/WebGLSupport/UnityEditor.WebGL.Extensions.dll
Register platform support module: C:/Program Files/Unity/Hub/Editor/2022.3.56f1/Editor/Data/PlaybackEngines/WindowsStandaloneSupport/UnityEditor.WindowsStandalone.Extensions.dll
Registered in 0.007679 seconds.
- Loaded All Assemblies, in  0.322 seconds
Native extension for WindowsStandalone target not found
Native extension for WebGL target not found
Mono: successfully reloaded assembly
- Finished resetting the current domain, in  0.270 seconds
Domain Reload Profiling: 591ms
	BeginReloadAssembly (95ms)
		ExecutionOrderSort (0ms)
		DisableScriptedObjects (0ms)
		BackupInstance (0ms)
		ReleaseScriptingObjects (0ms)
		CreateAndSetChildDomain (1ms)
	RebuildCommonClasses (29ms)
	RebuildNativeTypeToScriptingClass (9ms)
	initialDomainReloadingComplete (61ms)
	LoadAllAssembliesAndSetupDomain (126ms)
		LoadAssemblies (94ms)
		RebuildTransferFunctionScriptingTraits (0ms)
		AnalyzeDomain (124ms)
			TypeCache.Refresh (122ms)
				TypeCache.ScanAssembly (104ms)
			ScanForSourceGeneratedMonoScriptInfo (1ms)
			ResolveRequiredComponents (1ms)
	FinalizeReload (270ms)
		ReleaseScriptCaches (0ms)
		RebuildScriptCaches (0ms)
		SetupLoadedEditorAssemblies (228ms)
			LogAssemblyErrors (0ms)
			InitializePlatformSupportModulesInManaged (9ms)
			SetLoadedEditorAssemblies (5ms)
			RefreshPlugins (0ms)
			BeforeProcessingInitializeOnLoad (2ms)
			ProcessInitializeOnLoadAttributes (168ms)
			ProcessInitializeOnLoadMethodAttributes (44ms)
			AfterProcessingInitializeOnLoad (0ms)
			EditorAssembliesLoaded (0ms)
		ExecutionOrderSort2 (0ms)
		AwakeInstancesAfterBackupRestoration (0ms)
========================================================================
Worker process is ready to serve import requests
Caller must complete domain reload
Begin MonoManager ReloadAssembly
- Loaded All Assemblies, in  0.559 seconds
Native extension for WindowsStandalone target not found
Native extension for WebGL target not found
Mono: successfully reloaded assembly
- Finished resetting the current domain, in  0.658 seconds
Domain Reload Profiling: 1215ms
	BeginReloadAssembly (138ms)
		ExecutionOrderSort (0ms)
		DisableScriptedObjects (4ms)
		BackupInstance (0ms)
		ReleaseScriptingObjects (0ms)
		CreateAndSetChildDomain (21ms)
	RebuildCommonClasses (31ms)
	RebuildNativeTypeToScriptingClass (14ms)
	initialDomainReloadingComplete (36ms)
	LoadAllAssembliesAndSetupDomain (337ms)
		LoadAssemblies (246ms)
		RebuildTransferFunctionScriptingTraits (0ms)
		AnalyzeDomain (168ms)
			TypeCache.Refresh (148ms)
				TypeCache.ScanAssembly (136ms)
			ScanForSourceGeneratedMonoScriptInfo (13ms)
			ResolveRequiredComponents (5ms)
	FinalizeReload (659ms)
		ReleaseScriptCaches (0ms)
		RebuildScriptCaches (0ms)
		SetupLoadedEditorAssemblies (503ms)
			LogAssemblyErrors (0ms)
			InitializePlatformSupportModulesInManaged (7ms)
			SetLoadedEditorAssemblies (3ms)
			RefreshPlugins (0ms)
			BeforeProcessingInitializeOnLoad (55ms)
			ProcessInitializeOnLoadAttributes (405ms)
			ProcessInitializeOnLoadMethodAttributes (27ms)
			AfterProcessingInitializeOnLoad (6ms)
			EditorAssembliesLoaded (0ms)
		ExecutionOrderSort2 (0ms)
		AwakeInstancesAfterBackupRestoration (5ms)
Launched and connected shader compiler UnityShaderCompiler.exe after 0.04 seconds
Refreshing native plugins compatible for Editor in 3.34 ms, found 3 plugins.
Preloading 0 native plugins for Editor in 0.00 ms.
Unloading 3212 Unused Serialized files (Serialized files now loaded: 0)
Unloading 19 unused Assets / (56.3 KB). Loaded Objects now: 3710.
Memory consumption went from 216.5 MB to 216.4 MB.
Total: 3.753700 ms (FindLiveObjects: 0.351100 ms CreateObjectMapping: 0.202400 ms MarkObjects: 2.993200 ms  DeleteObjects: 0.205900 ms)

AssetImportParameters requested are different than current active one (requested -> active):
  custom:container-demuxer-ogg: 62fdf1f143b41e24485cea50d1cbac27 -> 
  custom:video-decoder-ogg-theora: a1e56fd34408186e4bbccfd4996cb3dc -> 
  custom:framework-win-MediaFoundation: 216162199b28c13a410421893ffa2e32 -> 
  custom:CustomObjectIndexerAttribute: 9a22284fe3817be447336de3de66b15e -> 
  custom:container-demuxer-webm: 4f35f7cbe854078d1ac9338744f61a02 -> 
  custom:container-muxer-webm: aa71ff27fc2769a1b78a27578f13a17b -> 
  custom:video-decoder-webm-vp8: 9c59270c3fd7afecdb556c50c9e8de78 -> 
  custom:SearchIndexIgnoredProperties: e643bd26f0fe6173181afceb89e7c659 -> 
  custom:AudioImporter_EditorPlatform: d09bf68614088b80899f8185d706f6e7 -> 
  custom:video-encoder-webm-vp8: eb34c28f22e8b96e1ab97ce403110664 -> 
  custom:audio-decoder-ogg-vorbis: bf7c407c2cedff20999df2af8eb42d56 -> 
  custom:audio-encoder-webm-vorbis: bf7c407c2cedff20999df2af8eb42d56 -> 
========================================================================
Received Import Request.
  Time since last request: 18376.436440 seconds.
  path: Assets/Packages/LowPolyWeapons/Prefabs/Grenade/C4_3.prefab
  artifactKey: Guid(30a4e51bfdb842c4287d8585386f337c) Importer(815301076,1909f56bfc062723c751e8b465ee728b)
Start importing Assets/Packages/LowPolyWeapons/Prefabs/Grenade/C4_3.prefab using Guid(30a4e51bfdb842c4287d8585386f337c) Importer(815301076,1909f56bfc062723c751e8b465ee728b) [PhysX] Initialized MultithreadedTaskDispatcher with 12 workers.
[PhysX] Initialized MultithreadedTaskDispatcher with 12 workers.
 -> (artifact id: '756ed8a6743ed1b455a259b25206550f') in 0.138131 seconds
Number of updated asset objects reloaded before import = 0
Number of asset objects unloaded after import = 10
========================================================================
Received Import Request.
  Time since last request: 10.608892 seconds.
  path: Assets/Packages/LowPolyWeapons/Prefabs/HandWeapon/ClawHammer_01.prefab
  artifactKey: Guid(83c98963e2ba2234d9027e26ab63c9ce) Importer(815301076,1909f56bfc062723c751e8b465ee728b)
Start importing Assets/Packages/LowPolyWeapons/Prefabs/HandWeapon/ClawHammer_01.prefab using Guid(83c98963e2ba2234d9027e26ab63c9ce) Importer(815301076,1909f56bfc062723c751e8b465ee728b) [PhysX] Initialized MultithreadedTaskDispatcher with 12 workers.
[PhysX] Initialized MultithreadedTaskDispatcher with 12 workers.
 -> (artifact id: 'a438dedd108587d459cddffba04f2a48') in 0.011574 seconds
Number of updated asset objects reloaded before import = 0
Number of asset objects unloaded after import = 10
========================================================================
Received Import Request.
  Time since last request: 0.000021 seconds.
  path: Assets/Packages/LowPolyWeapons/Prefabs/HandWeapon/Machete_01.prefab
  artifactKey: Guid(8ecaefb934a58194683edcd6ef6bff69) Importer(815301076,1909f56bfc062723c751e8b465ee728b)
Start importing Assets/Packages/LowPolyWeapons/Prefabs/HandWeapon/Machete_01.prefab using Guid(8ecaefb934a58194683edcd6ef6bff69) Importer(815301076,1909f56bfc062723c751e8b465ee728b) [PhysX] Initialized MultithreadedTaskDispatcher with 12 workers.
[PhysX] Initialized MultithreadedTaskDispatcher with 12 workers.
 -> (artifact id: '5b939b4c127b97e1a6de922ee3bde366') in 0.012272 seconds
Number of updated asset objects reloaded before import = 0
Number of asset objects unloaded after import = 10
========================================================================
Received Import Request.
  Time since last request: 0.000022 seconds.
  path: Assets/Packages/LowPolyWeapons/Prefabs/HandWeapon/Crowbar_01.prefab
  artifactKey: Guid(7dac9e58d4ca2d340ab4e2a99a1943f6) Importer(815301076,1909f56bfc062723c751e8b465ee728b)
Start importing Assets/Packages/LowPolyWeapons/Prefabs/HandWeapon/Crowbar_01.prefab using Guid(7dac9e58d4ca2d340ab4e2a99a1943f6) Importer(815301076,1909f56bfc062723c751e8b465ee728b) [PhysX] Initialized MultithreadedTaskDispatcher with 12 workers.
[PhysX] Initialized MultithreadedTaskDispatcher with 12 workers.
 -> (artifact id: 'cf0c7b31a45c839977701d49a96d430c') in 0.019834 seconds
Number of updated asset objects reloaded before import = 0
Number of asset objects unloaded after import = 10
========================================================================
Received Import Request.
  Time since last request: 3.096770 seconds.
  path: Assets/Packages/LowPolyWeapons/Prefabs/HeavyWeapon/HeavyWeapon1_03.prefab
  artifactKey: Guid(c6d51af241bafeb488cbdf9b6f1b57b9) Importer(815301076,1909f56bfc062723c751e8b465ee728b)
Start importing Assets/Packages/LowPolyWeapons/Prefabs/HeavyWeapon/HeavyWeapon1_03.prefab using Guid(c6d51af241bafeb488cbdf9b6f1b57b9) Importer(815301076,1909f56bfc062723c751e8b465ee728b) [PhysX] Initialized MultithreadedTaskDispatcher with 12 workers.
[PhysX] Initialized MultithreadedTaskDispatcher with 12 workers.
 -> (artifact id: '2ba0d8caae9112f77cc994c83a96b128') in 0.016154 seconds
Number of updated asset objects reloaded before import = 0
Number of asset objects unloaded after import = 34
========================================================================
Received Import Request.
  Time since last request: 0.000015 seconds.
  path: Assets/Packages/LowPolyWeapons/Prefabs/HeavyWeapon/HeavyWeapon1_05.prefab
  artifactKey: Guid(44a73ae1dd9ffd540b2daa9ae67e7855) Importer(815301076,1909f56bfc062723c751e8b465ee728b)
Start importing Assets/Packages/LowPolyWeapons/Prefabs/HeavyWeapon/HeavyWeapon1_05.prefab using Guid(44a73ae1dd9ffd540b2daa9ae67e7855) Importer(815301076,1909f56bfc062723c751e8b465ee728b) [PhysX] Initialized MultithreadedTaskDispatcher with 12 workers.
[PhysX] Initialized MultithreadedTaskDispatcher with 12 workers.
 -> (artifact id: '38e4bf90bce8c317fa1c7769584778a9') in 0.021160 seconds
Number of updated asset objects reloaded before import = 0
Number of asset objects unloaded after import = 34
========================================================================
Received Import Request.
  Time since last request: 0.000021 seconds.
  path: Assets/Packages/LowPolyWeapons/Prefabs/HeavyWeapon/HeavyWeapon2_06.prefab
  artifactKey: Guid(f3370e269364a5c47a2c9c2a03aff9cd) Importer(815301076,1909f56bfc062723c751e8b465ee728b)
Start importing Assets/Packages/LowPolyWeapons/Prefabs/HeavyWeapon/HeavyWeapon2_06.prefab using Guid(f3370e269364a5c47a2c9c2a03aff9cd) Importer(815301076,1909f56bfc062723c751e8b465ee728b) [PhysX] Initialized MultithreadedTaskDispatcher with 12 workers.
[PhysX] Initialized MultithreadedTaskDispatcher with 12 workers.
 -> (artifact id: '29df0f499256db4c2c18f03108815fb5') in 0.051125 seconds
Number of updated asset objects reloaded before import = 0
Number of asset objects unloaded after import = 34
========================================================================
Received Import Request.
  Time since last request: 2.411980 seconds.
  path: Assets/Packages/LowPolyWeapons/Prefabs/LMG/LMG1_03.prefab
  artifactKey: Guid(9fef9cdf314412b439f02c7f614bd857) Importer(815301076,1909f56bfc062723c751e8b465ee728b)
Start importing Assets/Packages/LowPolyWeapons/Prefabs/LMG/LMG1_03.prefab using Guid(9fef9cdf314412b439f02c7f614bd857) Importer(815301076,1909f56bfc062723c751e8b465ee728b) [PhysX] Initialized MultithreadedTaskDispatcher with 12 workers.
[PhysX] Initialized MultithreadedTaskDispatcher with 12 workers.
 -> (artifact id: 'c4b0fc86937ca5c1c12f906dfc2c23b3') in 0.014502 seconds
Number of updated asset objects reloaded before import = 0
Number of asset objects unloaded after import = 34
========================================================================
Received Import Request.
  Time since last request: 0.000030 seconds.
  path: Assets/Packages/LowPolyWeapons/Prefabs/LMG/LMG3_01.prefab
  artifactKey: Guid(cefc5c06655bbc844a99a32b719a008f) Importer(815301076,1909f56bfc062723c751e8b465ee728b)
Start importing Assets/Packages/LowPolyWeapons/Prefabs/LMG/LMG3_01.prefab using Guid(cefc5c06655bbc844a99a32b719a008f) Importer(815301076,1909f56bfc062723c751e8b465ee728b) [PhysX] Initialized MultithreadedTaskDispatcher with 12 workers.
[PhysX] Initialized MultithreadedTaskDispatcher with 12 workers.
 -> (artifact id: 'ea240585885428dc7e1cb2e2a181d404') in 0.030126 seconds
Number of updated asset objects reloaded before import = 0
Number of asset objects unloaded after import = 58
========================================================================
Received Import Request.
  Time since last request: 0.000018 seconds.
  path: Assets/Packages/LowPolyWeapons/Prefabs/LMG/LMG1_04.prefab
  artifactKey: Guid(d5e172e487ab40a40955f72a6346d96f) Importer(815301076,1909f56bfc062723c751e8b465ee728b)
Start importing Assets/Packages/LowPolyWeapons/Prefabs/LMG/LMG1_04.prefab using Guid(d5e172e487ab40a40955f72a6346d96f) Importer(815301076,1909f56bfc062723c751e8b465ee728b) [PhysX] Initialized MultithreadedTaskDispatcher with 12 workers.
[PhysX] Initialized MultithreadedTaskDispatcher with 12 workers.
 -> (artifact id: '9988fe534f04f388ea0185d303f8271d') in 0.021585 seconds
Number of updated asset objects reloaded before import = 0
Number of asset objects unloaded after import = 34
========================================================================
Received Import Request.
  Time since last request: 0.000020 seconds.
  path: Assets/Packages/LowPolyWeapons/Prefabs/LMG/LMG2_05.prefab
  artifactKey: Guid(02d59d8b533f14b4781bad9d6f703fa7) Importer(815301076,1909f56bfc062723c751e8b465ee728b)
Start importing Assets/Packages/LowPolyWeapons/Prefabs/LMG/LMG2_05.prefab using Guid(02d59d8b533f14b4781bad9d6f703fa7) Importer(815301076,1909f56bfc062723c751e8b465ee728b) [PhysX] Initialized MultithreadedTaskDispatcher with 12 workers.
[PhysX] Initialized MultithreadedTaskDispatcher with 12 workers.
 -> (artifact id: 'f9e65b73e22cec16288263fd68832e06') in 0.041061 seconds
Number of updated asset objects reloaded before import = 0
Number of asset objects unloaded after import = 58
========================================================================
Received Import Request.
  Time since last request: 0.000033 seconds.
  path: Assets/Packages/LowPolyWeapons/Prefabs/LMG/LMG2_06.prefab
  artifactKey: Guid(db3904293a0316c4e9aca47000ee5cbd) Importer(815301076,1909f56bfc062723c751e8b465ee728b)
Start importing Assets/Packages/LowPolyWeapons/Prefabs/LMG/LMG2_06.prefab using Guid(db3904293a0316c4e9aca47000ee5cbd) Importer(815301076,1909f56bfc062723c751e8b465ee728b) [PhysX] Initialized MultithreadedTaskDispatcher with 12 workers.
[PhysX] Initialized MultithreadedTaskDispatcher with 12 workers.
 -> (artifact id: '23d9f2cf8957263e64571b6fa263e5d2') in 0.032787 seconds
Number of updated asset objects reloaded before import = 0
Number of asset objects unloaded after import = 58
========================================================================
Received Import Request.
  Time since last request: 0.000027 seconds.
  path: Assets/Packages/LowPolyWeapons/Prefabs/LMG/LMG3_03.prefab
  artifactKey: Guid(ed509fdd9ad3ad748806d37caef66e3a) Importer(815301076,1909f56bfc062723c751e8b465ee728b)
Start importing Assets/Packages/LowPolyWeapons/Prefabs/LMG/LMG3_03.prefab using Guid(ed509fdd9ad3ad748806d37caef66e3a) Importer(815301076,1909f56bfc062723c751e8b465ee728b) [PhysX] Initialized MultithreadedTaskDispatcher with 12 workers.
[PhysX] Initialized MultithreadedTaskDispatcher with 12 workers.
 -> (artifact id: '4d25ba75e24c07962cf9e5cf9cfab94f') in 0.034829 seconds
Number of updated asset objects reloaded before import = 0
Number of asset objects unloaded after import = 58
========================================================================
Received Import Request.
  Time since last request: 0.000042 seconds.
  path: Assets/Packages/LowPolyWeapons/Prefabs/LMG/LMG2_01.prefab
  artifactKey: Guid(ec622cad2ac5ad7479d15f6238f8e5fe) Importer(815301076,1909f56bfc062723c751e8b465ee728b)
Start importing Assets/Packages/LowPolyWeapons/Prefabs/LMG/LMG2_01.prefab using Guid(ec622cad2ac5ad7479d15f6238f8e5fe) Importer(815301076,1909f56bfc062723c751e8b465ee728b) [PhysX] Initialized MultithreadedTaskDispatcher with 12 workers.
[PhysX] Initialized MultithreadedTaskDispatcher with 12 workers.
 -> (artifact id: 'ffdf4f2a43b6fb1180db247f9ae0eb98') in 0.028568 seconds
Number of updated asset objects reloaded before import = 0
Number of asset objects unloaded after import = 58
========================================================================
Received Import Request.
  Time since last request: 0.000118 seconds.
  path: Assets/Packages/LowPolyWeapons/Prefabs/LMG/LMG3_02.prefab
  artifactKey: Guid(ce91b16cec7e4f24da708b00f57a5873) Importer(815301076,1909f56bfc062723c751e8b465ee728b)
Start importing Assets/Packages/LowPolyWeapons/Prefabs/LMG/LMG3_02.prefab using Guid(ce91b16cec7e4f24da708b00f57a5873) Importer(815301076,1909f56bfc062723c751e8b465ee728b) [PhysX] Initialized MultithreadedTaskDispatcher with 12 workers.
[PhysX] Initialized MultithreadedTaskDispatcher with 12 workers.
 -> (artifact id: 'f54f65cc0800fe6119bf306e2b69852e') in 0.017394 seconds
Number of updated asset objects reloaded before import = 0
Number of asset objects unloaded after import = 58
========================================================================
Received Import Request.
  Time since last request: 1.631372 seconds.
  path: Assets/Packages/LowPolyWeapons/Prefabs/Loot/AmoBox_03.prefab
  artifactKey: Guid(4b82a57d566a9024fa422ec1e9394664) Importer(815301076,1909f56bfc062723c751e8b465ee728b)
Start importing Assets/Packages/LowPolyWeapons/Prefabs/Loot/AmoBox_03.prefab using Guid(4b82a57d566a9024fa422ec1e9394664) Importer(815301076,1909f56bfc062723c751e8b465ee728b) [PhysX] Initialized MultithreadedTaskDispatcher with 12 workers.
[PhysX] Initialized MultithreadedTaskDispatcher with 12 workers.
 -> (artifact id: '3535b74a82a7b3ce5022ad61df60a28a') in 0.011453 seconds
Number of updated asset objects reloaded before import = 0
Number of asset objects unloaded after import = 10
========================================================================
Received Import Request.
  Time since last request: 0.000024 seconds.
  path: Assets/Packages/LowPolyWeapons/Prefabs/Loot/AmoBox_04.prefab
  artifactKey: Guid(d0694e389b0d83f4e98b35a98c35439e) Importer(815301076,1909f56bfc062723c751e8b465ee728b)
Start importing Assets/Packages/LowPolyWeapons/Prefabs/Loot/AmoBox_04.prefab using Guid(d0694e389b0d83f4e98b35a98c35439e) Importer(815301076,1909f56bfc062723c751e8b465ee728b) [PhysX] Initialized MultithreadedTaskDispatcher with 12 workers.
[PhysX] Initialized MultithreadedTaskDispatcher with 12 workers.
 -> (artifact id: 'ae8469ad17e74dbee3ece426d1a3deb1') in 0.018196 seconds
Number of updated asset objects reloaded before import = 0
Number of asset objects unloaded after import = 10
========================================================================
Received Import Request.
  Time since last request: 0.000019 seconds.
  path: Assets/Packages/LowPolyWeapons/Prefabs/Loot/Bullet_07.prefab
  artifactKey: Guid(fe2fc116936b3a34481528b002824f25) Importer(815301076,1909f56bfc062723c751e8b465ee728b)
Start importing Assets/Packages/LowPolyWeapons/Prefabs/Loot/Bullet_07.prefab using Guid(fe2fc116936b3a34481528b002824f25) Importer(815301076,1909f56bfc062723c751e8b465ee728b) [PhysX] Initialized MultithreadedTaskDispatcher with 12 workers.
[PhysX] Initialized MultithreadedTaskDispatcher with 12 workers.
 -> (artifact id: '7eab068a326631ec68275877a3567a4a') in 0.016638 seconds
Number of updated asset objects reloaded before import = 0
Number of asset objects unloaded after import = 22
========================================================================
Received Import Request.
  Time since last request: 0.000017 seconds.
  path: Assets/Packages/LowPolyWeapons/Prefabs/Loot/AmoBox_05.prefab
  artifactKey: Guid(a3222c6aa36f3554b9dd61c4b5f2b9ff) Importer(815301076,1909f56bfc062723c751e8b465ee728b)
Start importing Assets/Packages/LowPolyWeapons/Prefabs/Loot/AmoBox_05.prefab using Guid(a3222c6aa36f3554b9dd61c4b5f2b9ff) Importer(815301076,1909f56bfc062723c751e8b465ee728b) [PhysX] Initialized MultithreadedTaskDispatcher with 12 workers.
[PhysX] Initialized MultithreadedTaskDispatcher with 12 workers.
 -> (artifact id: '50525f54e985376a6662006202da0ed1') in 0.013076 seconds
Number of updated asset objects reloaded before import = 0
Number of asset objects unloaded after import = 10
========================================================================
Received Import Request.
  Time since last request: 0.000020 seconds.
  path: Assets/Packages/LowPolyWeapons/Prefabs/Loot/Healthpack_02.prefab
  artifactKey: Guid(9db1cc6f3abcb8c4a9bd0aaad7a54216) Importer(815301076,1909f56bfc062723c751e8b465ee728b)
Start importing Assets/Packages/LowPolyWeapons/Prefabs/Loot/Healthpack_02.prefab using Guid(9db1cc6f3abcb8c4a9bd0aaad7a54216) Importer(815301076,1909f56bfc062723c751e8b465ee728b) [PhysX] Initialized MultithreadedTaskDispatcher with 12 workers.
[PhysX] Initialized MultithreadedTaskDispatcher with 12 workers.
 -> (artifact id: '17831c489e60ba00f1fd0c342f54e4e6') in 0.014644 seconds
Number of updated asset objects reloaded before import = 0
Number of asset objects unloaded after import = 10
========================================================================
Received Import Request.
  Time since last request: 0.000015 seconds.
  path: Assets/Packages/LowPolyWeapons/Prefabs/Loot/AmoBox_07.prefab
  artifactKey: Guid(e3bb7bbd3dd085641b8daae296861f35) Importer(815301076,1909f56bfc062723c751e8b465ee728b)
Start importing Assets/Packages/LowPolyWeapons/Prefabs/Loot/AmoBox_07.prefab using Guid(e3bb7bbd3dd085641b8daae296861f35) Importer(815301076,1909f56bfc062723c751e8b465ee728b) [PhysX] Initialized MultithreadedTaskDispatcher with 12 workers.
[PhysX] Initialized MultithreadedTaskDispatcher with 12 workers.
 -> (artifact id: 'd02162391a8b1f69376570cb67fc99c1') in 0.017197 seconds
Number of updated asset objects reloaded before import = 0
Number of asset objects unloaded after import = 10
========================================================================
Received Import Request.
  Time since last request: 0.000018 seconds.
  path: Assets/Packages/LowPolyWeapons/Prefabs/Loot/AmoBox_08.prefab
  artifactKey: Guid(80e16c0c62f1e14438620fe2e26f2490) Importer(815301076,1909f56bfc062723c751e8b465ee728b)
Start importing Assets/Packages/LowPolyWeapons/Prefabs/Loot/AmoBox_08.prefab using Guid(80e16c0c62f1e14438620fe2e26f2490) Importer(815301076,1909f56bfc062723c751e8b465ee728b) [PhysX] Initialized MultithreadedTaskDispatcher with 12 workers.
[PhysX] Initialized MultithreadedTaskDispatcher with 12 workers.
 -> (artifact id: 'dde8e595377fc4ded568df82c4fd3cc7') in 0.017143 seconds
Number of updated asset objects reloaded before import = 0
Number of asset objects unloaded after import = 10
========================================================================
Received Import Request.
  Time since last request: 0.000021 seconds.
  path: Assets/Packages/LowPolyWeapons/Prefabs/Loot/Bullet_02.prefab
  artifactKey: Guid(4e73d7fdb77406447a5f2d5e55c9c311) Importer(815301076,1909f56bfc062723c751e8b465ee728b)
Start importing Assets/Packages/LowPolyWeapons/Prefabs/Loot/Bullet_02.prefab using Guid(4e73d7fdb77406447a5f2d5e55c9c311) Importer(815301076,1909f56bfc062723c751e8b465ee728b) [PhysX] Initialized MultithreadedTaskDispatcher with 12 workers.
[PhysX] Initialized MultithreadedTaskDispatcher with 12 workers.
 -> (artifact id: '62b1e8e42f97aa4e7a69ca410b0e2b91') in 0.017669 seconds
Number of updated asset objects reloaded before import = 0
Number of asset objects unloaded after import = 22
========================================================================
Received Import Request.
  Time since last request: 0.000027 seconds.
  path: Assets/Packages/LowPolyWeapons/Prefabs/Loot/BigAmoBox_03.prefab
  artifactKey: Guid(038c6f417019b874fb9e869f06bc141e) Importer(815301076,1909f56bfc062723c751e8b465ee728b)
Start importing Assets/Packages/LowPolyWeapons/Prefabs/Loot/BigAmoBox_03.prefab using Guid(038c6f417019b874fb9e869f06bc141e) Importer(815301076,1909f56bfc062723c751e8b465ee728b) [PhysX] Initialized MultithreadedTaskDispatcher with 12 workers.
[PhysX] Initialized MultithreadedTaskDispatcher with 12 workers.
 -> (artifact id: '2ec516aaec6eb81bf43ce378157157f4') in 0.013938 seconds
Number of updated asset objects reloaded before import = 0
Number of asset objects unloaded after import = 22
========================================================================
Received Import Request.
  Time since last request: 0.000032 seconds.
  path: Assets/Packages/LowPolyWeapons/Prefabs/Loot/Healthpack_01.prefab
  artifactKey: Guid(1cfc96e1e75b5654a922cae61223a1eb) Importer(815301076,1909f56bfc062723c751e8b465ee728b)
Start importing Assets/Packages/LowPolyWeapons/Prefabs/Loot/Healthpack_01.prefab using Guid(1cfc96e1e75b5654a922cae61223a1eb) Importer(815301076,1909f56bfc062723c751e8b465ee728b) [PhysX] Initialized MultithreadedTaskDispatcher with 12 workers.
[PhysX] Initialized MultithreadedTaskDispatcher with 12 workers.
 -> (artifact id: '974d45decfdf85efecf6897d85d9a8ae') in 0.014849 seconds
Number of updated asset objects reloaded before import = 0
Number of asset objects unloaded after import = 10
========================================================================
Received Import Request.
  Time since last request: 2.434540 seconds.
  path: Assets/Packages/LowPolyWeapons/Prefabs/Optic/Optic_03.prefab
  artifactKey: Guid(ca7b88cbdaab8504c8c498c9ee4f7b81) Importer(815301076,1909f56bfc062723c751e8b465ee728b)
Start importing Assets/Packages/LowPolyWeapons/Prefabs/Optic/Optic_03.prefab using Guid(ca7b88cbdaab8504c8c498c9ee4f7b81) Importer(815301076,1909f56bfc062723c751e8b465ee728b) [PhysX] Initialized MultithreadedTaskDispatcher with 12 workers.
[PhysX] Initialized MultithreadedTaskDispatcher with 12 workers.
 -> (artifact id: 'e9346adce65ccd11ec4bc9f73d24fab7') in 0.027102 seconds
Number of updated asset objects reloaded before import = 0
Number of asset objects unloaded after import = 10
========================================================================
Received Import Request.
  Time since last request: 0.000166 seconds.
  path: Assets/Packages/LowPolyWeapons/Prefabs/Optic/Optic_08.prefab
  artifactKey: Guid(8d79cab10d4456a4e9ac109bb319121d) Importer(815301076,1909f56bfc062723c751e8b465ee728b)
Start importing Assets/Packages/LowPolyWeapons/Prefabs/Optic/Optic_08.prefab using Guid(8d79cab10d4456a4e9ac109bb319121d) Importer(815301076,1909f56bfc062723c751e8b465ee728b) [PhysX] Initialized MultithreadedTaskDispatcher with 12 workers.
[PhysX] Initialized MultithreadedTaskDispatcher with 12 workers.
 -> (artifact id: '2d20ea856110c0367bc90d113a861bf0') in 0.011841 seconds
Number of updated asset objects reloaded before import = 0
Number of asset objects unloaded after import = 10
========================================================================
Received Import Request.
  Time since last request: 0.000018 seconds.
  path: Assets/Packages/LowPolyWeapons/Prefabs/Optic/Optic_04.prefab
  artifactKey: Guid(1f804f4789d8b4c46b6910c7e925fe71) Importer(815301076,1909f56bfc062723c751e8b465ee728b)
Start importing Assets/Packages/LowPolyWeapons/Prefabs/Optic/Optic_04.prefab using Guid(1f804f4789d8b4c46b6910c7e925fe71) Importer(815301076,1909f56bfc062723c751e8b465ee728b) [PhysX] Initialized MultithreadedTaskDispatcher with 12 workers.
[PhysX] Initialized MultithreadedTaskDispatcher with 12 workers.
 -> (artifact id: 'ce277563815aa9c55eacfd9336bbef62') in 0.013696 seconds
Number of updated asset objects reloaded before import = 0
Number of asset objects unloaded after import = 10
========================================================================
Received Import Request.
  Time since last request: 15.586238 seconds.
  path: Assets/Packages/LowPolyWeapons/Models/AssaultRifle/AssaultRifle1_01_3.fbx
  artifactKey: Guid(18e676babdd2c10428a6b47e7d0a8974) Importer(815301076,1909f56bfc062723c751e8b465ee728b)
Start importing Assets/Packages/LowPolyWeapons/Models/AssaultRifle/AssaultRifle1_01_3.fbx using Guid(18e676babdd2c10428a6b47e7d0a8974) Importer(815301076,1909f56bfc062723c751e8b465ee728b) [PhysX] Initialized MultithreadedTaskDispatcher with 12 workers.
[PhysX] Initialized MultithreadedTaskDispatcher with 12 workers.
[PhysX] Initialized MultithreadedTaskDispatcher with 12 workers.
 -> (artifact id: 'c8c9927855c6c49b0186d85ffd8db175') in 0.031445 seconds
Number of updated asset objects reloaded before import = 0
Number of asset objects unloaded after import = 7
========================================================================
Received Import Request.
  Time since last request: 0.000034 seconds.
  path: Assets/Packages/LowPolyWeapons/Models/AssaultRifle/AssaultRifle2_04_4.fbx
  artifactKey: Guid(88c4ee75365a9f147a48962b593a6a82) Importer(815301076,1909f56bfc062723c751e8b465ee728b)
Start importing Assets/Packages/LowPolyWeapons/Models/AssaultRifle/AssaultRifle2_04_4.fbx using Guid(88c4ee75365a9f147a48962b593a6a82) Importer(815301076,1909f56bfc062723c751e8b465ee728b) [PhysX] Initialized MultithreadedTaskDispatcher with 12 workers.
[PhysX] Initialized MultithreadedTaskDispatcher with 12 workers.
[PhysX] Initialized MultithreadedTaskDispatcher with 12 workers.
 -> (artifact id: '0fac6fecccf68c4201260362d41735b6') in 0.013452 seconds
Number of updated asset objects reloaded before import = 0
Number of asset objects unloaded after import = 7
========================================================================
Received Import Request.
  Time since last request: 0.000023 seconds.
  path: Assets/Packages/LowPolyWeapons/Models/AssaultRifle/AssaultRifle2_01.fbx
  artifactKey: Guid(1ac714a8962320e478415ac6a8362131) Importer(815301076,1909f56bfc062723c751e8b465ee728b)
Start importing Assets/Packages/LowPolyWeapons/Models/AssaultRifle/AssaultRifle2_01.fbx using Guid(1ac714a8962320e478415ac6a8362131) Importer(815301076,1909f56bfc062723c751e8b465ee728b) [PhysX] Initialized MultithreadedTaskDispatcher with 12 workers.
[PhysX] Initialized MultithreadedTaskDispatcher with 12 workers.
[PhysX] Initialized MultithreadedTaskDispatcher with 12 workers.
 -> (artifact id: '6228147a86936ef0438f1aaac6c9c4ca') in 0.013251 seconds
Number of updated asset objects reloaded before import = 0
Number of asset objects unloaded after import = 7
========================================================================
Received Import Request.
  Time since last request: 0.000024 seconds.
  path: Assets/Packages/LowPolyWeapons/Models/AssaultRifle/AssaultRifle1_03_2.fbx
  artifactKey: Guid(821fe7ec5250bb744858de9ceaf66c07) Importer(815301076,1909f56bfc062723c751e8b465ee728b)
Start importing Assets/Packages/LowPolyWeapons/Models/AssaultRifle/AssaultRifle1_03_2.fbx using Guid(821fe7ec5250bb744858de9ceaf66c07) Importer(815301076,1909f56bfc062723c751e8b465ee728b) [PhysX] Initialized MultithreadedTaskDispatcher with 12 workers.
[PhysX] Initialized MultithreadedTaskDispatcher with 12 workers.
[PhysX] Initialized MultithreadedTaskDispatcher with 12 workers.
 -> (artifact id: '92c259bda46493867ff3e88b1bb697f1') in 0.011241 seconds
Number of updated asset objects reloaded before import = 0
Number of asset objects unloaded after import = 7
========================================================================
Received Import Request.
  Time since last request: 0.000018 seconds.
  path: Assets/Packages/LowPolyWeapons/Models/AssaultRifle/AssaultRifle1_04_2.fbx
  artifactKey: Guid(416d8aa19f8cf064288671498fb97ec2) Importer(815301076,1909f56bfc062723c751e8b465ee728b)
Start importing Assets/Packages/LowPolyWeapons/Models/AssaultRifle/AssaultRifle1_04_2.fbx using Guid(416d8aa19f8cf064288671498fb97ec2) Importer(815301076,1909f56bfc062723c751e8b465ee728b) [PhysX] Initialized MultithreadedTaskDispatcher with 12 workers.
[PhysX] Initialized MultithreadedTaskDispatcher with 12 workers.
[PhysX] Initialized MultithreadedTaskDispatcher with 12 workers.
 -> (artifact id: 'c30ff4df8291398ad040985f069bebdc') in 0.017547 seconds
Number of updated asset objects reloaded before import = 0
Number of asset objects unloaded after import = 7
========================================================================
Received Import Request.
  Time since last request: 0.000017 seconds.
  path: Assets/Packages/LowPolyWeapons/Models/AssaultRifle/AssaultRifle2_02_3.fbx
  artifactKey: Guid(d2f9f98ada165b446949539a95d9232d) Importer(815301076,1909f56bfc062723c751e8b465ee728b)
Start importing Assets/Packages/LowPolyWeapons/Models/AssaultRifle/AssaultRifle2_02_3.fbx using Guid(d2f9f98ada165b446949539a95d9232d) Importer(815301076,1909f56bfc062723c751e8b465ee728b) [PhysX] Initialized MultithreadedTaskDispatcher with 12 workers.
[PhysX] Initialized MultithreadedTaskDispatcher with 12 workers.
[PhysX] Initialized MultithreadedTaskDispatcher with 12 workers.
 -> (artifact id: '86c1c33bae7524fd8f88b47cfeb25b9b') in 0.012477 seconds
Number of updated asset objects reloaded before import = 0
Number of asset objects unloaded after import = 7
========================================================================
Received Import Request.
  Time since last request: 0.000022 seconds.
  path: Assets/Packages/LowPolyWeapons/Models/AssaultRifle/AssaultRifle2_03_3.fbx
  artifactKey: Guid(da16491f7c1b3bd43ab9b5aa4c4f4d77) Importer(815301076,1909f56bfc062723c751e8b465ee728b)
Start importing Assets/Packages/LowPolyWeapons/Models/AssaultRifle/AssaultRifle2_03_3.fbx using Guid(da16491f7c1b3bd43ab9b5aa4c4f4d77) Importer(815301076,1909f56bfc062723c751e8b465ee728b) [PhysX] Initialized MultithreadedTaskDispatcher with 12 workers.
[PhysX] Initialized MultithreadedTaskDispatcher with 12 workers.
[PhysX] Initialized MultithreadedTaskDispatcher with 12 workers.
 -> (artifact id: '6b016dc221fa0ed642f3af3bc462091d') in 0.010660 seconds
Number of updated asset objects reloaded before import = 0
Number of asset objects unloaded after import = 7
========================================================================
Received Import Request.
  Time since last request: 0.000042 seconds.
  path: Assets/Packages/LowPolyWeapons/Models/AssaultRifle/AssaultRifle3_01_2.fbx
  artifactKey: Guid(d4dcdc145dc58ee4ea90c0d7d1f28253) Importer(815301076,1909f56bfc062723c751e8b465ee728b)
Start importing Assets/Packages/LowPolyWeapons/Models/AssaultRifle/AssaultRifle3_01_2.fbx using Guid(d4dcdc145dc58ee4ea90c0d7d1f28253) Importer(815301076,1909f56bfc062723c751e8b465ee728b) [PhysX] Initialized MultithreadedTaskDispatcher with 12 workers.
[PhysX] Initialized MultithreadedTaskDispatcher with 12 workers.
[PhysX] Initialized MultithreadedTaskDispatcher with 12 workers.
 -> (artifact id: 'b5d2d70cf93cf9c7766beb4124f32b49') in 0.011621 seconds
Number of updated asset objects reloaded before import = 0
Number of asset objects unloaded after import = 7
========================================================================
Received Import Request.
  Time since last request: 0.000023 seconds.
  path: Assets/Packages/LowPolyWeapons/Models/AssaultRifle/AssaultRifle3_02_4.fbx
  artifactKey: Guid(d9fffe47029a5c544b3fe1bccd2b62cb) Importer(815301076,1909f56bfc062723c751e8b465ee728b)
Start importing Assets/Packages/LowPolyWeapons/Models/AssaultRifle/AssaultRifle3_02_4.fbx using Guid(d9fffe47029a5c544b3fe1bccd2b62cb) Importer(815301076,1909f56bfc062723c751e8b465ee728b) [PhysX] Initialized MultithreadedTaskDispatcher with 12 workers.
[PhysX] Initialized MultithreadedTaskDispatcher with 12 workers.
[PhysX] Initialized MultithreadedTaskDispatcher with 12 workers.
 -> (artifact id: 'f89650c16738cd45c264cf5b111f7230') in 0.013779 seconds
Number of updated asset objects reloaded before import = 0
Number of asset objects unloaded after import = 7
========================================================================
Received Import Request.
  Time since last request: 0.000030 seconds.
  path: Assets/Packages/LowPolyWeapons/Models/AssaultRifle/AssaultRifle3_01_4.fbx
  artifactKey: Guid(9219f5f4f1dbcf441ba1eea18283586d) Importer(815301076,1909f56bfc062723c751e8b465ee728b)
Start importing Assets/Packages/LowPolyWeapons/Models/AssaultRifle/AssaultRifle3_01_4.fbx using Guid(9219f5f4f1dbcf441ba1eea18283586d) Importer(815301076,1909f56bfc062723c751e8b465ee728b) [PhysX] Initialized MultithreadedTaskDispatcher with 12 workers.
[PhysX] Initialized MultithreadedTaskDispatcher with 12 workers.
[PhysX] Initialized MultithreadedTaskDispatcher with 12 workers.
 -> (artifact id: '50bac72eaf7626f42e57fdeeebdf625a') in 0.011109 seconds
Number of updated asset objects reloaded before import = 0
Number of asset objects unloaded after import = 7
========================================================================
Received Import Request.
  Time since last request: 0.000033 seconds.
  path: Assets/Packages/LowPolyWeapons/Models/AssaultRifle/AssaultRifle1_06_3.fbx
  artifactKey: Guid(b2e1f391049a66d419803fe30cb11a48) Importer(815301076,1909f56bfc062723c751e8b465ee728b)
Start importing Assets/Packages/LowPolyWeapons/Models/AssaultRifle/AssaultRifle1_06_3.fbx using Guid(b2e1f391049a66d419803fe30cb11a48) Importer(815301076,1909f56bfc062723c751e8b465ee728b) [PhysX] Initialized MultithreadedTaskDispatcher with 12 workers.
[PhysX] Initialized MultithreadedTaskDispatcher with 12 workers.
[PhysX] Initialized MultithreadedTaskDispatcher with 12 workers.
 -> (artifact id: '179672078546455aa6076b949758aa93') in 0.011331 seconds
Number of updated asset objects reloaded before import = 0
Number of asset objects unloaded after import = 7
========================================================================
Received Import Request.
  Time since last request: 0.000022 seconds.
  path: Assets/Packages/LowPolyWeapons/Models/AssaultRifle/AssaultRifle2_04.fbx
  artifactKey: Guid(7350722a381011846b20c467ac968213) Importer(815301076,1909f56bfc062723c751e8b465ee728b)
Start importing Assets/Packages/LowPolyWeapons/Models/AssaultRifle/AssaultRifle2_04.fbx using Guid(7350722a381011846b20c467ac968213) Importer(815301076,1909f56bfc062723c751e8b465ee728b) [PhysX] Initialized MultithreadedTaskDispatcher with 12 workers.
[PhysX] Initialized MultithreadedTaskDispatcher with 12 workers.
[PhysX] Initialized MultithreadedTaskDispatcher with 12 workers.
 -> (artifact id: 'c7d6230445465faf937ea05fbec21a69') in 0.034705 seconds
Number of updated asset objects reloaded before import = 0
Number of asset objects unloaded after import = 7
========================================================================
Received Import Request.
  Time since last request: 0.000024 seconds.
  path: Assets/Packages/LowPolyWeapons/Models/AssaultRifle/AssaultRifle1_06_4.fbx
  artifactKey: Guid(00344e65240e010409fc8d976a74e1bf) Importer(815301076,1909f56bfc062723c751e8b465ee728b)
Start importing Assets/Packages/LowPolyWeapons/Models/AssaultRifle/AssaultRifle1_06_4.fbx using Guid(00344e65240e010409fc8d976a74e1bf) Importer(815301076,1909f56bfc062723c751e8b465ee728b) [PhysX] Initialized MultithreadedTaskDispatcher with 12 workers.
[PhysX] Initialized MultithreadedTaskDispatcher with 12 workers.
[PhysX] Initialized MultithreadedTaskDispatcher with 12 workers.
 -> (artifact id: '73b3986a1197281a77a94ea3cff6df34') in 0.031643 seconds
Number of updated asset objects reloaded before import = 0
Number of asset objects unloaded after import = 7
========================================================================
Received Import Request.
  Time since last request: 0.000029 seconds.
  path: Assets/Packages/LowPolyWeapons/Models/AssaultRifle/AssaultRifle3_05_3.fbx
  artifactKey: Guid(67bfff0ab63d0304f82790b990219b10) Importer(815301076,1909f56bfc062723c751e8b465ee728b)
Start importing Assets/Packages/LowPolyWeapons/Models/AssaultRifle/AssaultRifle3_05_3.fbx using Guid(67bfff0ab63d0304f82790b990219b10) Importer(815301076,1909f56bfc062723c751e8b465ee728b) [PhysX] Initialized MultithreadedTaskDispatcher with 12 workers.
[PhysX] Initialized MultithreadedTaskDispatcher with 12 workers.
[PhysX] Initialized MultithreadedTaskDispatcher with 12 workers.
 -> (artifact id: '76cd4c40de804a39979d9c2415085126') in 0.015658 seconds
Number of updated asset objects reloaded before import = 0
Number of asset objects unloaded after import = 7
========================================================================
Received Import Request.
  Time since last request: 0.000019 seconds.
  path: Assets/Packages/LowPolyWeapons/Models/AssaultRifle/AssaultRifle1_06_2.fbx
  artifactKey: Guid(0369d8ccf799fce4d8294f589d013e23) Importer(815301076,1909f56bfc062723c751e8b465ee728b)
Start importing Assets/Packages/LowPolyWeapons/Models/AssaultRifle/AssaultRifle1_06_2.fbx using Guid(0369d8ccf799fce4d8294f589d013e23) Importer(815301076,1909f56bfc062723c751e8b465ee728b) [PhysX] Initialized MultithreadedTaskDispatcher with 12 workers.
[PhysX] Initialized MultithreadedTaskDispatcher with 12 workers.
[PhysX] Initialized MultithreadedTaskDispatcher with 12 workers.
 -> (artifact id: '0962761d4b8940051009096f9e4c356f') in 0.011698 seconds
Number of updated asset objects reloaded before import = 0
Number of asset objects unloaded after import = 7
========================================================================
Received Import Request.
  Time since last request: 0.000024 seconds.
  path: Assets/Packages/LowPolyWeapons/Models/AssaultRifle/AssaultRifle2_01_4.fbx
  artifactKey: Guid(a29a2224c8cc6b94394f80cd858f8ef3) Importer(815301076,1909f56bfc062723c751e8b465ee728b)
Start importing Assets/Packages/LowPolyWeapons/Models/AssaultRifle/AssaultRifle2_01_4.fbx using Guid(a29a2224c8cc6b94394f80cd858f8ef3) Importer(815301076,1909f56bfc062723c751e8b465ee728b) [PhysX] Initialized MultithreadedTaskDispatcher with 12 workers.
[PhysX] Initialized MultithreadedTaskDispatcher with 12 workers.
[PhysX] Initialized MultithreadedTaskDispatcher with 12 workers.
 -> (artifact id: '2d37bf6c7faf9610b61ae15bf8452d43') in 0.011612 seconds
Number of updated asset objects reloaded before import = 0
Number of asset objects unloaded after import = 7
========================================================================
Received Import Request.
  Time since last request: 0.000022 seconds.
  path: Assets/Packages/LowPolyWeapons/Models/AssaultRifle/AssaultRifle2_05_3.fbx
  artifactKey: Guid(1a9a5e91dd3cd42479377b0fb8cf0eae) Importer(815301076,1909f56bfc062723c751e8b465ee728b)
Start importing Assets/Packages/LowPolyWeapons/Models/AssaultRifle/AssaultRifle2_05_3.fbx using Guid(1a9a5e91dd3cd42479377b0fb8cf0eae) Importer(815301076,1909f56bfc062723c751e8b465ee728b) [PhysX] Initialized MultithreadedTaskDispatcher with 12 workers.
[PhysX] Initialized MultithreadedTaskDispatcher with 12 workers.
[PhysX] Initialized MultithreadedTaskDispatcher with 12 workers.
 -> (artifact id: '7b0bb5fb1ddccec0d969934012395a4a') in 0.011860 seconds
Number of updated asset objects reloaded before import = 0
Number of asset objects unloaded after import = 7
========================================================================
Received Import Request.
  Time since last request: 0.000020 seconds.
  path: Assets/Packages/LowPolyWeapons/Models/AssaultRifle/AssaultRifle2_06_2.fbx
  artifactKey: Guid(b2264f513d1551e47b677d516e8f9a8b) Importer(815301076,1909f56bfc062723c751e8b465ee728b)
Start importing Assets/Packages/LowPolyWeapons/Models/AssaultRifle/AssaultRifle2_06_2.fbx using Guid(b2264f513d1551e47b677d516e8f9a8b) Importer(815301076,1909f56bfc062723c751e8b465ee728b) [PhysX] Initialized MultithreadedTaskDispatcher with 12 workers.
[PhysX] Initialized MultithreadedTaskDispatcher with 12 workers.
[PhysX] Initialized MultithreadedTaskDispatcher with 12 workers.
 -> (artifact id: '426d6a78e4c1b4cb5ad612ac5cc4328a') in 0.011124 seconds
Number of updated asset objects reloaded before import = 0
Number of asset objects unloaded after import = 7
========================================================================
Received Import Request.
  Time since last request: 0.000029 seconds.
  path: Assets/Packages/LowPolyWeapons/Models/AssaultRifle/AssaultRifle2_01_3.fbx
  artifactKey: Guid(2501f9cab10fe1348a78ac8a5e0a6203) Importer(815301076,1909f56bfc062723c751e8b465ee728b)
Start importing Assets/Packages/LowPolyWeapons/Models/AssaultRifle/AssaultRifle2_01_3.fbx using Guid(2501f9cab10fe1348a78ac8a5e0a6203) Importer(815301076,1909f56bfc062723c751e8b465ee728b) [PhysX] Initialized MultithreadedTaskDispatcher with 12 workers.
[PhysX] Initialized MultithreadedTaskDispatcher with 12 workers.
[PhysX] Initialized MultithreadedTaskDispatcher with 12 workers.
 -> (artifact id: '52cd027c8d380a69e1539b54ad9cd13b') in 0.011249 seconds
Number of updated asset objects reloaded before import = 0
Number of asset objects unloaded after import = 7
========================================================================
Received Import Request.
  Time since last request: 0.000023 seconds.
  path: Assets/Packages/LowPolyWeapons/Models/AssaultRifle/AssaultRifle3_04_3.fbx
  artifactKey: Guid(792ac02760c05ff429c154479f1f01a8) Importer(815301076,1909f56bfc062723c751e8b465ee728b)
Start importing Assets/Packages/LowPolyWeapons/Models/AssaultRifle/AssaultRifle3_04_3.fbx using Guid(792ac02760c05ff429c154479f1f01a8) Importer(815301076,1909f56bfc062723c751e8b465ee728b) [PhysX] Initialized MultithreadedTaskDispatcher with 12 workers.
[PhysX] Initialized MultithreadedTaskDispatcher with 12 workers.
[PhysX] Initialized MultithreadedTaskDispatcher with 12 workers.
 -> (artifact id: '17de638f362bf1b151c65b068dd9b190') in 0.012384 seconds
Number of updated asset objects reloaded before import = 0
Number of asset objects unloaded after import = 7
========================================================================
Received Import Request.
  Time since last request: 0.000023 seconds.
  path: Assets/Packages/LowPolyWeapons/Models/AssaultRifle/AssaultRifle2_02.fbx
  artifactKey: Guid(3c85cb489260bef4f8f39f3eb57aac6e) Importer(815301076,1909f56bfc062723c751e8b465ee728b)
Start importing Assets/Packages/LowPolyWeapons/Models/AssaultRifle/AssaultRifle2_02.fbx using Guid(3c85cb489260bef4f8f39f3eb57aac6e) Importer(815301076,1909f56bfc062723c751e8b465ee728b) [PhysX] Initialized MultithreadedTaskDispatcher with 12 workers.
[PhysX] Initialized MultithreadedTaskDispatcher with 12 workers.
[PhysX] Initialized MultithreadedTaskDispatcher with 12 workers.
 -> (artifact id: 'fa18c617d96372230a1806aaa39f206f') in 0.015408 seconds
Number of updated asset objects reloaded before import = 0
Number of asset objects unloaded after import = 7
========================================================================
Received Import Request.
  Time since last request: 0.000030 seconds.
  path: Assets/Packages/LowPolyWeapons/Models/AssaultRifle/AssaultRifle3_03.fbx
  artifactKey: Guid(7c8a16b96735e0e4d8ccdea5423b5af2) Importer(815301076,1909f56bfc062723c751e8b465ee728b)
Start importing Assets/Packages/LowPolyWeapons/Models/AssaultRifle/AssaultRifle3_03.fbx using Guid(7c8a16b96735e0e4d8ccdea5423b5af2) Importer(815301076,1909f56bfc062723c751e8b465ee728b) [PhysX] Initialized MultithreadedTaskDispatcher with 12 workers.
[PhysX] Initialized MultithreadedTaskDispatcher with 12 workers.
[PhysX] Initialized MultithreadedTaskDispatcher with 12 workers.
 -> (artifact id: '14f77db2925904eafbdfbea6c4b0a057') in 0.022984 seconds
Number of updated asset objects reloaded before import = 0
Number of asset objects unloaded after import = 7
========================================================================
Received Import Request.
  Time since last request: 0.946232 seconds.
  path: Assets/Packages/LowPolyWeapons/Models/AssaultRifle/AssaultRifle3_06_2.fbx
  artifactKey: Guid(3d42deebb12e4984394f1ab26053c223) Importer(815301076,1909f56bfc062723c751e8b465ee728b)
Start importing Assets/Packages/LowPolyWeapons/Models/AssaultRifle/AssaultRifle3_06_2.fbx using Guid(3d42deebb12e4984394f1ab26053c223) Importer(815301076,1909f56bfc062723c751e8b465ee728b) [PhysX] Initialized MultithreadedTaskDispatcher with 12 workers.
[PhysX] Initialized MultithreadedTaskDispatcher with 12 workers.
[PhysX] Initialized MultithreadedTaskDispatcher with 12 workers.
 -> (artifact id: '975369945864b81a63fcd5d114f96e14') in 0.010320 seconds
Number of updated asset objects reloaded before import = 0
Number of asset objects unloaded after import = 7
========================================================================
Received Import Request.
  Time since last request: 0.000018 seconds.
  path: Assets/Packages/LowPolyWeapons/Models/AssaultRifle/AssaultRifle4_01_2.fbx
  artifactKey: Guid(b662e49195f791541a52ee4edc61e000) Importer(815301076,1909f56bfc062723c751e8b465ee728b)
Start importing Assets/Packages/LowPolyWeapons/Models/AssaultRifle/AssaultRifle4_01_2.fbx using Guid(b662e49195f791541a52ee4edc61e000) Importer(815301076,1909f56bfc062723c751e8b465ee728b) [PhysX] Initialized MultithreadedTaskDispatcher with 12 workers.
[PhysX] Initialized MultithreadedTaskDispatcher with 12 workers.
[PhysX] Initialized MultithreadedTaskDispatcher with 12 workers.
 -> (artifact id: '6a3d4172bb242d44c3a362f08a7579c9') in 0.012669 seconds
Number of updated asset objects reloaded before import = 0
Number of asset objects unloaded after import = 7
========================================================================
Received Import Request.
  Time since last request: 0.000020 seconds.
  path: Assets/Packages/LowPolyWeapons/Models/AssaultRifle/AssaultRifle4_02.fbx
  artifactKey: Guid(9c1814436cf959441a4e45891072ed1a) Importer(815301076,1909f56bfc062723c751e8b465ee728b)
Start importing Assets/Packages/LowPolyWeapons/Models/AssaultRifle/AssaultRifle4_02.fbx using Guid(9c1814436cf959441a4e45891072ed1a) Importer(815301076,1909f56bfc062723c751e8b465ee728b) [PhysX] Initialized MultithreadedTaskDispatcher with 12 workers.
[PhysX] Initialized MultithreadedTaskDispatcher with 12 workers.
[PhysX] Initialized MultithreadedTaskDispatcher with 12 workers.
 -> (artifact id: 'a1bcc876b94f675863bbdbf1e67fff9f') in 0.021348 seconds
Number of updated asset objects reloaded before import = 0
Number of asset objects unloaded after import = 7
========================================================================
Received Import Request.
  Time since last request: 0.012338 seconds.
  path: Assets/Packages/LowPolyWeapons/Models/AssaultRifle/AssaultRifle4_03_3.fbx
  artifactKey: Guid(7a6b86a4295c6fd4fab1a6f9584b136a) Importer(815301076,1909f56bfc062723c751e8b465ee728b)
Start importing Assets/Packages/LowPolyWeapons/Models/AssaultRifle/AssaultRifle4_03_3.fbx using Guid(7a6b86a4295c6fd4fab1a6f9584b136a) Importer(815301076,1909f56bfc062723c751e8b465ee728b) [PhysX] Initialized MultithreadedTaskDispatcher with 12 workers.
[PhysX] Initialized MultithreadedTaskDispatcher with 12 workers.
[PhysX] Initialized MultithreadedTaskDispatcher with 12 workers.
 -> (artifact id: '5ec3d69215d9d07589b8775cfadc2074') in 0.010738 seconds
Number of updated asset objects reloaded before import = 0
Number of asset objects unloaded after import = 7
========================================================================
Received Import Request.
  Time since last request: 0.000020 seconds.
  path: Assets/Packages/LowPolyWeapons/Models/AssaultRifle/AssaultRifle4_05_3.fbx
  artifactKey: Guid(2841b400a972de74fab992b1d853b617) Importer(815301076,1909f56bfc062723c751e8b465ee728b)
Start importing Assets/Packages/LowPolyWeapons/Models/AssaultRifle/AssaultRifle4_05_3.fbx using Guid(2841b400a972de74fab992b1d853b617) Importer(815301076,1909f56bfc062723c751e8b465ee728b) [PhysX] Initialized MultithreadedTaskDispatcher with 12 workers.
[PhysX] Initialized MultithreadedTaskDispatcher with 12 workers.
[PhysX] Initialized MultithreadedTaskDispatcher with 12 workers.
 -> (artifact id: '808362fb58bf673417c49533c8569603') in 0.009486 seconds
Number of updated asset objects reloaded before import = 0
Number of asset objects unloaded after import = 7
========================================================================
Received Import Request.
  Time since last request: 0.000028 seconds.
  path: Assets/Packages/LowPolyWeapons/Models/AssaultRifle/AssaultRifle4_05_2.fbx
  artifactKey: Guid(a8daf8b3a1e8a2e41b314104bdbf764a) Importer(815301076,1909f56bfc062723c751e8b465ee728b)
Start importing Assets/Packages/LowPolyWeapons/Models/AssaultRifle/AssaultRifle4_05_2.fbx using Guid(a8daf8b3a1e8a2e41b314104bdbf764a) Importer(815301076,1909f56bfc062723c751e8b465ee728b) [PhysX] Initialized MultithreadedTaskDispatcher with 12 workers.
[PhysX] Initialized MultithreadedTaskDispatcher with 12 workers.
[PhysX] Initialized MultithreadedTaskDispatcher with 12 workers.
 -> (artifact id: 'c78f81d52ee1ec8dd22c7908d31875ae') in 0.010998 seconds
Number of updated asset objects reloaded before import = 0
Number of asset objects unloaded after import = 7
========================================================================
Received Import Request.
  Time since last request: 0.000020 seconds.
  path: Assets/Packages/LowPolyWeapons/Models/AssaultRifle/AssaultRifle5_04.fbx
  artifactKey: Guid(db4de4eb0b719974f9a2794ea6187c6f) Importer(815301076,1909f56bfc062723c751e8b465ee728b)
Start importing Assets/Packages/LowPolyWeapons/Models/AssaultRifle/AssaultRifle5_04.fbx using Guid(db4de4eb0b719974f9a2794ea6187c6f) Importer(815301076,1909f56bfc062723c751e8b465ee728b) [PhysX] Initialized MultithreadedTaskDispatcher with 12 workers.
[PhysX] Initialized MultithreadedTaskDispatcher with 12 workers.
[PhysX] Initialized MultithreadedTaskDispatcher with 12 workers.
 -> (artifact id: 'a4468b4dce185bb89ee430d6d357719d') in 0.010266 seconds
Number of updated asset objects reloaded before import = 0
Number of asset objects unloaded after import = 7
========================================================================
Received Import Request.
  Time since last request: 0.000023 seconds.
  path: Assets/Packages/LowPolyWeapons/Models/AssaultRifle/AssaultRifle5_02.fbx
  artifactKey: Guid(7cf731bba734c12499adc288a6b3fb82) Importer(815301076,1909f56bfc062723c751e8b465ee728b)
Start importing Assets/Packages/LowPolyWeapons/Models/AssaultRifle/AssaultRifle5_02.fbx using Guid(7cf731bba734c12499adc288a6b3fb82) Importer(815301076,1909f56bfc062723c751e8b465ee728b) [PhysX] Initialized MultithreadedTaskDispatcher with 12 workers.
[PhysX] Initialized MultithreadedTaskDispatcher with 12 workers.
[PhysX] Initialized MultithreadedTaskDispatcher with 12 workers.
 -> (artifact id: '8101fca2490a8a69b0277dad55815f5e') in 0.010911 seconds
Number of updated asset objects reloaded before import = 0
Number of asset objects unloaded after import = 7
========================================================================
Received Import Request.
  Time since last request: 0.000018 seconds.
  path: Assets/Packages/LowPolyWeapons/Models/AssaultRifle/AssaultRifle5_03.fbx
  artifactKey: Guid(6acc14df6540fec4b9c66a823774c7e0) Importer(815301076,1909f56bfc062723c751e8b465ee728b)
Start importing Assets/Packages/LowPolyWeapons/Models/AssaultRifle/AssaultRifle5_03.fbx using Guid(6acc14df6540fec4b9c66a823774c7e0) Importer(815301076,1909f56bfc062723c751e8b465ee728b) [PhysX] Initialized MultithreadedTaskDispatcher with 12 workers.
[PhysX] Initialized MultithreadedTaskDispatcher with 12 workers.
[PhysX] Initialized MultithreadedTaskDispatcher with 12 workers.
 -> (artifact id: '2f1e0444c19631d6ef63bfb73c8eaf40') in 0.010242 seconds
Number of updated asset objects reloaded before import = 0
Number of asset objects unloaded after import = 7
========================================================================
Received Import Request.
  Time since last request: 0.000019 seconds.
  path: Assets/Packages/LowPolyWeapons/Models/AssaultRifle/AssaultRifle5_01_2.fbx
  artifactKey: Guid(eed80b3e410105f4e842cf7df4080213) Importer(815301076,1909f56bfc062723c751e8b465ee728b)
Start importing Assets/Packages/LowPolyWeapons/Models/AssaultRifle/AssaultRifle5_01_2.fbx using Guid(eed80b3e410105f4e842cf7df4080213) Importer(815301076,1909f56bfc062723c751e8b465ee728b) [PhysX] Initialized MultithreadedTaskDispatcher with 12 workers.
[PhysX] Initialized MultithreadedTaskDispatcher with 12 workers.
[PhysX] Initialized MultithreadedTaskDispatcher with 12 workers.
 -> (artifact id: '1ccc45a687f8455d1f1eb94a5835ae58') in 0.009905 seconds
Number of updated asset objects reloaded before import = 0
Number of asset objects unloaded after import = 7
========================================================================
Received Import Request.
  Time since last request: 0.000017 seconds.
  path: Assets/Packages/LowPolyWeapons/Models/AssaultRifle/AssaultRifle4_04.fbx
  artifactKey: Guid(cb88c5d7a3b5c4f45a82fc24551159e7) Importer(815301076,1909f56bfc062723c751e8b465ee728b)
Start importing Assets/Packages/LowPolyWeapons/Models/AssaultRifle/AssaultRifle4_04.fbx using Guid(cb88c5d7a3b5c4f45a82fc24551159e7) Importer(815301076,1909f56bfc062723c751e8b465ee728b) [PhysX] Initialized MultithreadedTaskDispatcher with 12 workers.
[PhysX] Initialized MultithreadedTaskDispatcher with 12 workers.
[PhysX] Initialized MultithreadedTaskDispatcher with 12 workers.
 -> (artifact id: 'f0bf43351aa074a76d9793acc13e7326') in 0.008412 seconds
Number of updated asset objects reloaded before import = 0
Number of asset objects unloaded after import = 7
========================================================================
Received Import Request.
  Time since last request: 0.194562 seconds.
  path: Assets/Packages/LowPolyWeapons/Models/AssaultRifle/AssaultRifle5_05.fbx
  artifactKey: Guid(0101b5b93022f0142a5a3fe191bc92ce) Importer(815301076,1909f56bfc062723c751e8b465ee728b)
Start importing Assets/Packages/LowPolyWeapons/Models/AssaultRifle/AssaultRifle5_05.fbx using Guid(0101b5b93022f0142a5a3fe191bc92ce) Importer(815301076,1909f56bfc062723c751e8b465ee728b) [PhysX] Initialized MultithreadedTaskDispatcher with 12 workers.
[PhysX] Initialized MultithreadedTaskDispatcher with 12 workers.
[PhysX] Initialized MultithreadedTaskDispatcher with 12 workers.
 -> (artifact id: 'f63a04c5f6cd2cbdb30b673483e88c5e') in 0.009386 seconds
Number of updated asset objects reloaded before import = 0
Number of asset objects unloaded after import = 7
========================================================================
Received Import Request.
  Time since last request: 0.000021 seconds.
  path: Assets/Packages/LowPolyWeapons/Models/AssaultRifle/AssaultRifle6_01.fbx
  artifactKey: Guid(53cd855e2bbff2a4abc60ea976b934ca) Importer(815301076,1909f56bfc062723c751e8b465ee728b)
Start importing Assets/Packages/LowPolyWeapons/Models/AssaultRifle/AssaultRifle6_01.fbx using Guid(53cd855e2bbff2a4abc60ea976b934ca) Importer(815301076,1909f56bfc062723c751e8b465ee728b) [PhysX] Initialized MultithreadedTaskDispatcher with 12 workers.
[PhysX] Initialized MultithreadedTaskDispatcher with 12 workers.
[PhysX] Initialized MultithreadedTaskDispatcher with 12 workers.
 -> (artifact id: 'ad0cd72d13390bafed7b45e25bab8166') in 0.011291 seconds
Number of updated asset objects reloaded before import = 0
Number of asset objects unloaded after import = 7
========================================================================
Received Import Request.
  Time since last request: 0.000019 seconds.
  path: Assets/Packages/LowPolyWeapons/Models/AssaultRifle/AssaultRifle6_01_2.fbx
  artifactKey: Guid(0e630fc8a331f744881152ed29fdb7d9) Importer(815301076,1909f56bfc062723c751e8b465ee728b)
Start importing Assets/Packages/LowPolyWeapons/Models/AssaultRifle/AssaultRifle6_01_2.fbx using Guid(0e630fc8a331f744881152ed29fdb7d9) Importer(815301076,1909f56bfc062723c751e8b465ee728b) [PhysX] Initialized MultithreadedTaskDispatcher with 12 workers.
[PhysX] Initialized MultithreadedTaskDispatcher with 12 workers.
[PhysX] Initialized MultithreadedTaskDispatcher with 12 workers.
 -> (artifact id: '6468344782166d4cda022bc257090e4d') in 0.015388 seconds
Number of updated asset objects reloaded before import = 0
Number of asset objects unloaded after import = 7
========================================================================
Received Import Request.
  Time since last request: 0.000022 seconds.
  path: Assets/Packages/LowPolyWeapons/Models/AssaultRifle/AssaultRifle6_02_2.fbx
  artifactKey: Guid(35e28557b864a5b438504c1dcc29cbcc) Importer(815301076,1909f56bfc062723c751e8b465ee728b)
Start importing Assets/Packages/LowPolyWeapons/Models/AssaultRifle/AssaultRifle6_02_2.fbx using Guid(35e28557b864a5b438504c1dcc29cbcc) Importer(815301076,1909f56bfc062723c751e8b465ee728b) [PhysX] Initialized MultithreadedTaskDispatcher with 12 workers.
[PhysX] Initialized MultithreadedTaskDispatcher with 12 workers.
[PhysX] Initialized MultithreadedTaskDispatcher with 12 workers.
 -> (artifact id: '3168605dc7d8b28b97bd2f5f91e44ad2') in 0.011907 seconds
Number of updated asset objects reloaded before import = 0
Number of asset objects unloaded after import = 7
========================================================================
Received Import Request.
  Time since last request: 0.000018 seconds.
  path: Assets/Packages/LowPolyWeapons/Models/AssaultRifle/AssaultRifle6_03_2.fbx
  artifactKey: Guid(92edbf2710cec004db6b0bff4e33658f) Importer(815301076,1909f56bfc062723c751e8b465ee728b)
Start importing Assets/Packages/LowPolyWeapons/Models/AssaultRifle/AssaultRifle6_03_2.fbx using Guid(92edbf2710cec004db6b0bff4e33658f) Importer(815301076,1909f56bfc062723c751e8b465ee728b) [PhysX] Initialized MultithreadedTaskDispatcher with 12 workers.
[PhysX] Initialized MultithreadedTaskDispatcher with 12 workers.
[PhysX] Initialized MultithreadedTaskDispatcher with 12 workers.
 -> (artifact id: '5035750e8d1aa1215779a3e9aa49d156') in 0.013083 seconds
Number of updated asset objects reloaded before import = 0
Number of asset objects unloaded after import = 7
========================================================================
Received Import Request.
  Time since last request: 0.000028 seconds.
  path: Assets/Packages/LowPolyWeapons/Models/AssaultRifle/AssaultRifle6_02.fbx
  artifactKey: Guid(f032661c30939514f80ccbe8f37f4491) Importer(815301076,1909f56bfc062723c751e8b465ee728b)
Start importing Assets/Packages/LowPolyWeapons/Models/AssaultRifle/AssaultRifle6_02.fbx using Guid(f032661c30939514f80ccbe8f37f4491) Importer(815301076,1909f56bfc062723c751e8b465ee728b) [PhysX] Initialized MultithreadedTaskDispatcher with 12 workers.
[PhysX] Initialized MultithreadedTaskDispatcher with 12 workers.
[PhysX] Initialized MultithreadedTaskDispatcher with 12 workers.
 -> (artifact id: '8a2d4aa59dcf12e695ddc4f4ad6da836') in 0.010399 seconds
Number of updated asset objects reloaded before import = 0
Number of asset objects unloaded after import = 7
========================================================================
Received Import Request.
  Time since last request: 0.000019 seconds.
  path: Assets/Packages/LowPolyWeapons/Models/AssaultRifle/AssaultRifle5_06_2.fbx
  artifactKey: Guid(75be54829b23c8d49ae06e34821a3787) Importer(815301076,1909f56bfc062723c751e8b465ee728b)
Start importing Assets/Packages/LowPolyWeapons/Models/AssaultRifle/AssaultRifle5_06_2.fbx using Guid(75be54829b23c8d49ae06e34821a3787) Importer(815301076,1909f56bfc062723c751e8b465ee728b) [PhysX] Initialized MultithreadedTaskDispatcher with 12 workers.
[PhysX] Initialized MultithreadedTaskDispatcher with 12 workers.
[PhysX] Initialized MultithreadedTaskDispatcher with 12 workers.
 -> (artifact id: 'b3c9563911588b8e7d6f2d31dd8ea86d') in 0.010482 seconds
Number of updated asset objects reloaded before import = 0
Number of asset objects unloaded after import = 7
========================================================================
Received Import Request.
  Time since last request: 0.000017 seconds.
  path: Assets/Packages/LowPolyWeapons/Models/AssaultRifle/AssaultRifle6_06.fbx
  artifactKey: Guid(7679d12280244e34cb4aaae8ff75ea32) Importer(815301076,1909f56bfc062723c751e8b465ee728b)
Start importing Assets/Packages/LowPolyWeapons/Models/AssaultRifle/AssaultRifle6_06.fbx using Guid(7679d12280244e34cb4aaae8ff75ea32) Importer(815301076,1909f56bfc062723c751e8b465ee728b) [PhysX] Initialized MultithreadedTaskDispatcher with 12 workers.
[PhysX] Initialized MultithreadedTaskDispatcher with 12 workers.
[PhysX] Initialized MultithreadedTaskDispatcher with 12 workers.
 -> (artifact id: '9c02f5c20a5a29a63f4ff2b1ab36ba21') in 0.011434 seconds
Number of updated asset objects reloaded before import = 0
Number of asset objects unloaded after import = 7
========================================================================
Received Import Request.
  Time since last request: 0.000024 seconds.
  path: Assets/Packages/LowPolyWeapons/Models/AssaultRifle/AssaultRifle6_03_4.fbx
  artifactKey: Guid(cc73ff419e952be4d8ce799d9c73de1f) Importer(815301076,1909f56bfc062723c751e8b465ee728b)
Start importing Assets/Packages/LowPolyWeapons/Models/AssaultRifle/AssaultRifle6_03_4.fbx using Guid(cc73ff419e952be4d8ce799d9c73de1f) Importer(815301076,1909f56bfc062723c751e8b465ee728b) [PhysX] Initialized MultithreadedTaskDispatcher with 12 workers.
[PhysX] Initialized MultithreadedTaskDispatcher with 12 workers.
[PhysX] Initialized MultithreadedTaskDispatcher with 12 workers.
 -> (artifact id: '24aa51dcf8d815759b5433db7bbaceac') in 0.010856 seconds
Number of updated asset objects reloaded before import = 0
Number of asset objects unloaded after import = 7
========================================================================
Received Import Request.
  Time since last request: 0.000017 seconds.
  path: Assets/Packages/LowPolyWeapons/Models/AssaultRifle/AssaultRifle6_04_3.fbx
  artifactKey: Guid(e42dc30e6bba1444e8f4acd77aaa8f36) Importer(815301076,1909f56bfc062723c751e8b465ee728b)
Start importing Assets/Packages/LowPolyWeapons/Models/AssaultRifle/AssaultRifle6_04_3.fbx using Guid(e42dc30e6bba1444e8f4acd77aaa8f36) Importer(815301076,1909f56bfc062723c751e8b465ee728b) [PhysX] Initialized MultithreadedTaskDispatcher with 12 workers.
[PhysX] Initialized MultithreadedTaskDispatcher with 12 workers.
[PhysX] Initialized MultithreadedTaskDispatcher with 12 workers.
 -> (artifact id: 'ccabf158682280beab4f2893e3cc9b13') in 0.010048 seconds
Number of updated asset objects reloaded before import = 0
Number of asset objects unloaded after import = 7
========================================================================
Received Import Request.
  Time since last request: 0.000015 seconds.
  path: Assets/Packages/LowPolyWeapons/Models/AssaultRifle/AssaultRifle6_06_2.fbx
  artifactKey: Guid(244d6311ab857534e867ad5f0f06cb66) Importer(815301076,1909f56bfc062723c751e8b465ee728b)
Start importing Assets/Packages/LowPolyWeapons/Models/AssaultRifle/AssaultRifle6_06_2.fbx using Guid(244d6311ab857534e867ad5f0f06cb66) Importer(815301076,1909f56bfc062723c751e8b465ee728b) [PhysX] Initialized MultithreadedTaskDispatcher with 12 workers.
[PhysX] Initialized MultithreadedTaskDispatcher with 12 workers.
[PhysX] Initialized MultithreadedTaskDispatcher with 12 workers.
 -> (artifact id: '157c56ee891f7293957edb82dfd6256c') in 0.009705 seconds
Number of updated asset objects reloaded before import = 0
Number of asset objects unloaded after import = 7
========================================================================
Received Import Request.
  Time since last request: 5.025331 seconds.
  path: Assets/Packages/LowPolyWeapons/Prefabs/SMG/SMG1_03.prefab
  artifactKey: Guid(007e97cdc238bc646a7f31ce2baaee7e) Importer(815301076,1909f56bfc062723c751e8b465ee728b)
Start importing Assets/Packages/LowPolyWeapons/Prefabs/SMG/SMG1_03.prefab using Guid(007e97cdc238bc646a7f31ce2baaee7e) Importer(815301076,1909f56bfc062723c751e8b465ee728b) [PhysX] Initialized MultithreadedTaskDispatcher with 12 workers.
[PhysX] Initialized MultithreadedTaskDispatcher with 12 workers.
 -> (artifact id: '852aeb6f5cc0f4700f6aa41c147ef95c') in 0.015799 seconds
Number of updated asset objects reloaded before import = 0
Number of asset objects unloaded after import = 46
========================================================================
Received Import Request.
  Time since last request: 0.000020 seconds.
  path: Assets/Packages/LowPolyWeapons/Prefabs/SMG/SMG2_01.prefab
  artifactKey: Guid(9ad78006ee63f6143a1e0663c44e5266) Importer(815301076,1909f56bfc062723c751e8b465ee728b)
Start importing Assets/Packages/LowPolyWeapons/Prefabs/SMG/SMG2_01.prefab using Guid(9ad78006ee63f6143a1e0663c44e5266) Importer(815301076,1909f56bfc062723c751e8b465ee728b) [PhysX] Initialized MultithreadedTaskDispatcher with 12 workers.
[PhysX] Initialized MultithreadedTaskDispatcher with 12 workers.
 -> (artifact id: '5f0ccca8323fed204e0ed56d278cef19') in 0.015954 seconds
Number of updated asset objects reloaded before import = 0
Number of asset objects unloaded after import = 46
========================================================================
Received Import Request.
  Time since last request: 0.000018 seconds.
  path: Assets/Packages/LowPolyWeapons/Prefabs/SMG/SMG4_03.prefab
  artifactKey: Guid(18b5747bd6c280d42aafcc042d591e68) Importer(815301076,1909f56bfc062723c751e8b465ee728b)
Start importing Assets/Packages/LowPolyWeapons/Prefabs/SMG/SMG4_03.prefab using Guid(18b5747bd6c280d42aafcc042d591e68) Importer(815301076,1909f56bfc062723c751e8b465ee728b) [PhysX] Initialized MultithreadedTaskDispatcher with 12 workers.
[PhysX] Initialized MultithreadedTaskDispatcher with 12 workers.
 -> (artifact id: '601b8e06de2b6e8d021dce09cdaea5ae') in 0.035351 seconds
Number of updated asset objects reloaded before import = 0
Number of asset objects unloaded after import = 34
========================================================================
Received Import Request.
  Time since last request: 0.000018 seconds.
  path: Assets/Packages/LowPolyWeapons/Prefabs/SMG/SMG2_06.prefab
  artifactKey: Guid(da071e2f2a85d7840a2f05ce94108fc4) Importer(815301076,1909f56bfc062723c751e8b465ee728b)
Start importing Assets/Packages/LowPolyWeapons/Prefabs/SMG/SMG2_06.prefab using Guid(da071e2f2a85d7840a2f05ce94108fc4) Importer(815301076,1909f56bfc062723c751e8b465ee728b) [PhysX] Initialized MultithreadedTaskDispatcher with 12 workers.
[PhysX] Initialized MultithreadedTaskDispatcher with 12 workers.
 -> (artifact id: '394c1b6cd20c7b7a132ec3690d4678e5') in 0.016583 seconds
Number of updated asset objects reloaded before import = 0
Number of asset objects unloaded after import = 46
========================================================================
Received Import Request.
  Time since last request: 0.000030 seconds.
  path: Assets/Packages/LowPolyWeapons/Prefabs/SMG/SMG3_06.prefab
  artifactKey: Guid(05bfed5cf3902e24d9f28a8271a1df1c) Importer(815301076,1909f56bfc062723c751e8b465ee728b)
Start importing Assets/Packages/LowPolyWeapons/Prefabs/SMG/SMG3_06.prefab using Guid(05bfed5cf3902e24d9f28a8271a1df1c) Importer(815301076,1909f56bfc062723c751e8b465ee728b) [PhysX] Initialized MultithreadedTaskDispatcher with 12 workers.
[PhysX] Initialized MultithreadedTaskDispatcher with 12 workers.
 -> (artifact id: '693577859a62c0348f8056537d9e33fc') in 0.016930 seconds
Number of updated asset objects reloaded before import = 0
Number of asset objects unloaded after import = 46
========================================================================
Received Import Request.
  Time since last request: 0.000032 seconds.
  path: Assets/Packages/LowPolyWeapons/Prefabs/SMG/SMG2_05.prefab
  artifactKey: Guid(4b6e87c932b51db428b9e16484b59a2d) Importer(815301076,1909f56bfc062723c751e8b465ee728b)
Start importing Assets/Packages/LowPolyWeapons/Prefabs/SMG/SMG2_05.prefab using Guid(4b6e87c932b51db428b9e16484b59a2d) Importer(815301076,1909f56bfc062723c751e8b465ee728b) [PhysX] Initialized MultithreadedTaskDispatcher with 12 workers.
[PhysX] Initialized MultithreadedTaskDispatcher with 12 workers.
 -> (artifact id: 'd14de8ab4553a64eb16fb3c611de6589') in 0.022299 seconds
Number of updated asset objects reloaded before import = 0
Number of asset objects unloaded after import = 46
========================================================================
Received Import Request.
  Time since last request: 0.000016 seconds.
  path: Assets/Packages/LowPolyWeapons/Prefabs/SMG/SMG6_01.prefab
  artifactKey: Guid(16e69dfb074e12f48bf5291602620902) Importer(815301076,1909f56bfc062723c751e8b465ee728b)
Start importing Assets/Packages/LowPolyWeapons/Prefabs/SMG/SMG6_01.prefab using Guid(16e69dfb074e12f48bf5291602620902) Importer(815301076,1909f56bfc062723c751e8b465ee728b) [PhysX] Initialized MultithreadedTaskDispatcher with 12 workers.
[PhysX] Initialized MultithreadedTaskDispatcher with 12 workers.
 -> (artifact id: '3c730eb7fc09be84c3cb2d1d49b77de8') in 0.016152 seconds
Number of updated asset objects reloaded before import = 0
Number of asset objects unloaded after import = 46
========================================================================
Received Import Request.
  Time since last request: 0.000023 seconds.
  path: Assets/Packages/LowPolyWeapons/Prefabs/SMG/SMG6_05.prefab
  artifactKey: Guid(c16abf8c95bc7b742826af8e7ce36255) Importer(815301076,1909f56bfc062723c751e8b465ee728b)
Start importing Assets/Packages/LowPolyWeapons/Prefabs/SMG/SMG6_05.prefab using Guid(c16abf8c95bc7b742826af8e7ce36255) Importer(815301076,1909f56bfc062723c751e8b465ee728b) [PhysX] Initialized MultithreadedTaskDispatcher with 12 workers.
[PhysX] Initialized MultithreadedTaskDispatcher with 12 workers.
 -> (artifact id: 'e057f176e710decdd433016ef534cb63') in 0.019906 seconds
Number of updated asset objects reloaded before import = 0
Number of asset objects unloaded after import = 46
========================================================================
Received Import Request.
  Time since last request: 0.000024 seconds.
  path: Assets/Packages/LowPolyWeapons/Prefabs/SMG/SMG3_02.prefab
  artifactKey: Guid(348b0d342a9e9be4da31adb076582f63) Importer(815301076,1909f56bfc062723c751e8b465ee728b)
Start importing Assets/Packages/LowPolyWeapons/Prefabs/SMG/SMG3_02.prefab using Guid(348b0d342a9e9be4da31adb076582f63) Importer(815301076,1909f56bfc062723c751e8b465ee728b) [PhysX] Initialized MultithreadedTaskDispatcher with 12 workers.
[PhysX] Initialized MultithreadedTaskDispatcher with 12 workers.
 -> (artifact id: '01e001da37c1f8711b8f73d6dae8b101') in 0.031000 seconds
Number of updated asset objects reloaded before import = 0
Number of asset objects unloaded after import = 46
========================================================================
Received Import Request.
  Time since last request: 0.000019 seconds.
  path: Assets/Packages/LowPolyWeapons/Prefabs/SMG/SMG5_01.prefab
  artifactKey: Guid(b60495bd797e4eb449cdcf0fc8944891) Importer(815301076,1909f56bfc062723c751e8b465ee728b)
Start importing Assets/Packages/LowPolyWeapons/Prefabs/SMG/SMG5_01.prefab using Guid(b60495bd797e4eb449cdcf0fc8944891) Importer(815301076,1909f56bfc062723c751e8b465ee728b) [PhysX] Initialized MultithreadedTaskDispatcher with 12 workers.
[PhysX] Initialized MultithreadedTaskDispatcher with 12 workers.
 -> (artifact id: 'b49a99d5a988708e567ff9d8e7e78361') in 0.020844 seconds
Number of updated asset objects reloaded before import = 0
Number of asset objects unloaded after import = 46
========================================================================
Received Import Request.
  Time since last request: 0.000025 seconds.
  path: Assets/Packages/LowPolyWeapons/Prefabs/SMG/SMG4_01.prefab
  artifactKey: Guid(e15a4d3bdfd8cc1458800cc58440d368) Importer(815301076,1909f56bfc062723c751e8b465ee728b)
Start importing Assets/Packages/LowPolyWeapons/Prefabs/SMG/SMG4_01.prefab using Guid(e15a4d3bdfd8cc1458800cc58440d368) Importer(815301076,1909f56bfc062723c751e8b465ee728b) [PhysX] Initialized MultithreadedTaskDispatcher with 12 workers.
[PhysX] Initialized MultithreadedTaskDispatcher with 12 workers.
 -> (artifact id: '37e8c773ac6d66cf664a767f0df4886f') in 0.013027 seconds
Number of updated asset objects reloaded before import = 0
Number of asset objects unloaded after import = 34
========================================================================
Received Import Request.
  Time since last request: 0.000018 seconds.
  path: Assets/Packages/LowPolyWeapons/Prefabs/SMG/SMG2_02.prefab
  artifactKey: Guid(0eaec4f3f20dbc94383480caad71a7bd) Importer(815301076,1909f56bfc062723c751e8b465ee728b)
Start importing Assets/Packages/LowPolyWeapons/Prefabs/SMG/SMG2_02.prefab using Guid(0eaec4f3f20dbc94383480caad71a7bd) Importer(815301076,1909f56bfc062723c751e8b465ee728b) [PhysX] Initialized MultithreadedTaskDispatcher with 12 workers.
[PhysX] Initialized MultithreadedTaskDispatcher with 12 workers.
 -> (artifact id: '10e54c2a07ec4212714d1cf926474b4b') in 0.013735 seconds
Number of updated asset objects reloaded before import = 0
Number of asset objects unloaded after import = 46
========================================================================
Received Import Request.
  Time since last request: 0.000019 seconds.
  path: Assets/Packages/LowPolyWeapons/Prefabs/SMG/SMG5_02.prefab
  artifactKey: Guid(9f59fe22f8bc3d94794df0dd4780ea84) Importer(815301076,1909f56bfc062723c751e8b465ee728b)
Start importing Assets/Packages/LowPolyWeapons/Prefabs/SMG/SMG5_02.prefab using Guid(9f59fe22f8bc3d94794df0dd4780ea84) Importer(815301076,1909f56bfc062723c751e8b465ee728b) [PhysX] Initialized MultithreadedTaskDispatcher with 12 workers.
[PhysX] Initialized MultithreadedTaskDispatcher with 12 workers.
 -> (artifact id: 'c9f9e7bc8552608504741ec1e3e102a4') in 0.013447 seconds
Number of updated asset objects reloaded before import = 0
Number of asset objects unloaded after import = 46
